C51 COMPILER V9.00   MAIN                                                                  08/09/2017 19:00:44 PAGE 1   


C51 COMPILER V9.00, COMPILATION OF MODULE MAIN
OBJECT MODULE PLACED IN main.OBJ
COMPILER INVOKED BY: D:\Keil\C51\BIN\C51.EXE main.c BROWSE DEBUG OBJECTEXTEND

line level    source

   1          #include<reg51.h>
   2          #include"st7565.h"
   3          
   4          //---声明一个全局变量---//
   5          void Delay10ms(unsigned int c);
   6          
   7          /*******************************************************************************
   8          * 函 数 名         : main
   9          * 函数功能                 : 主函数
  10          * 输    入         : 无
  11          * 输    出         : 无
  12          *******************************************************************************/
  13          
  14          void main()
  15          {
  16   1              uchar i = 128;
  17   1              Lcd12864_Init();
  18   1              Lcd12864_ClearScreen();
  19   1                      
  20   1              while (1)
  21   1              {
  22   2                      Lcd12864_ClearScreen();         
  23   2      
  24   2                      //--由于这个函数显示方向正好相反--//
  25   2                              Lcd12864_Write16CnCHAR(0, 2, "率频");
  26   2                              Delay10ms(100);
  27   2              /*      
  28   2                      for (i=0; i<8; i += 2)
  29   2                      {
  30   2                              Lcd12864_ClearScreen();
  31   2      
  32   2                              //--由于这个函数显示方向正好相反--//
  33   2                              Lcd12864_Write16CnCHAR(0, i, "司公限有技科中普");
  34   2                              Delay10ms(100);
  35   2                      }
  36   2              */
  37   2              
  38   2              }
  39   1      }
  40          
  41          /*******************************************************************************
  42          * 函 数 名         : Delay10ms
  43          * 函数功能                 : 延时函数，延时10ms
  44          * 输    入         : 无
  45          * 输    出         : 无
  46          *******************************************************************************/
  47          
  48          void Delay10ms(unsigned int c)   //误差 0us
  49          {
  50   1          unsigned char a,b;
  51   1          for(;c>0;c--)
  52   1              for(b=38;b>0;b--)
  53   1                  for(a=130;a>0;a--);
  54   1      }

C51 COMPILER V9.00   MAIN                                                                  08/09/2017 19:00:44 PAGE 2   


MODULE INFORMATION:   STATIC OVERLAYABLE
   CODE SIZE        =     59    ----
   CONSTANT SIZE    =      5    ----
   XDATA SIZE       =   ----    ----
   PDATA SIZE       =   ----    ----
   DATA SIZE        =   ----       1
   IDATA SIZE       =   ----    ----
   BIT SIZE         =   ----    ----
END OF MODULE INFORMATION.


C51 COMPILATION COMPLETE.  0 WARNING(S),  0 ERROR(S)
