Flow report for shiboqi
Thu Jul 04 16:26:30 2013
Quartus II Version 9.1 Build 350 03/24/2010 Service Pack 2 SJ Full Version


---------------------
; Table of Contents ;
---------------------
  1. Legal Notice
  2. Flow Summary
  3. Flow Settings
  4. Flow Non-Default Global Settings
  5. Flow Elapsed Time
  6. Flow OS Summary
  7. Flow Log



----------------
; Legal Notice ;
----------------
Copyright (C) 1991-2010 Altera Corporation
Your use of Altera Corporation's design tools, logic functions 
and other software and tools, and its AMPP partner logic 
functions, and any output files from any of the foregoing 
(including device programming or simulation files), and any 
associated documentation or information are expressly subject 
to the terms and conditions of the Altera Program License 
Subscription Agreement, Altera MegaCore Function License 
Agreement, or other applicable license agreement, including, 
without limitation, that your use is for the sole purpose of 
programming logic devices manufactured by Altera and sold by 
Altera or its authorized distributors.  Please refer to the 
applicable agreement for further details.



+------------------------------------------------------------------------------------+
; Flow Summary                                                                       ;
+------------------------------------+-----------------------------------------------+
; Flow Status                        ; Successful - Thu Jul 04 16:26:29 2013         ;
; Quartus II Version                 ; 9.1 Build 350 03/24/2010 SP 2 SJ Full Version ;
; Revision Name                      ; shiboqi                                       ;
; Top-level Entity Name              ; shiboqi                                       ;
; Family                             ; Cyclone II                                    ;
; Device                             ; EP2C35F484C8                                  ;
; Timing Models                      ; Final                                         ;
; Met timing requirements            ; No                                            ;
; Total logic elements               ; 5,454 / 33,216 ( 16 % )                       ;
;     Total combinational functions  ; 4,769 / 33,216 ( 14 % )                       ;
;     Dedicated logic registers      ; 1,498 / 33,216 ( 5 % )                        ;
; Total registers                    ; 1498                                          ;
; Total pins                         ; 32 / 322 ( 10 % )                             ;
; Total virtual pins                 ; 0                                             ;
; Total memory bits                  ; 294,656 / 483,840 ( 61 % )                    ;
; Embedded Multiplier 9-bit elements ; 4 / 70 ( 6 % )                                ;
; Total PLLs                         ; 1 / 4 ( 25 % )                                ;
+------------------------------------+-----------------------------------------------+


+-----------------------------------------+
; Flow Settings                           ;
+-------------------+---------------------+
; Option            ; Setting             ;
+-------------------+---------------------+
; Start date & time ; 07/04/2013 16:24:37 ;
; Main task         ; Compilation         ;
; Revision Name     ; shiboqi             ;
+-------------------+---------------------+


+----------------------------------------------------------------------------------------------------------------------------------------------------------------------------------------------------------------------------------------------------------------------------------------+
; Flow Non-Default Global Settings                                                                                                                                                                                                                                                       ;
+------------------------------------+--------------------------------------------------------------------------------------------------------------------------------------------------------------------------------------------------+---------------+-------------+------------------+
; Assignment Name                    ; Value                                                                                                                                                                                            ; Default Value ; Entity Name ; Section Id       ;
+------------------------------------+--------------------------------------------------------------------------------------------------------------------------------------------------------------------------------------------------+---------------+-------------+------------------+
; COMPILER_SIGNATURE_ID              ; 159204358701.137292627603188                                                                                                                                                                     ; --            ; --          ; --               ;
; ENABLE_SIGNALTAP                   ; On                                                                                                                                                                                               ; --            ; --          ; --               ;
; IP_TOOL_NAME                       ; RAM: 1-PORT                                                                                                                                                                                      ; --            ; --          ; --               ;
; IP_TOOL_NAME                       ; ROM: 1-PORT                                                                                                                                                                                      ; --            ; --          ; --               ;
; IP_TOOL_NAME                       ; ROM: 1-PORT                                                                                                                                                                                      ; --            ; --          ; --               ;
; IP_TOOL_NAME                       ; ROM: 1-PORT                                                                                                                                                                                      ; --            ; --          ; --               ;
; IP_TOOL_NAME                       ; ROM: 1-PORT                                                                                                                                                                                      ; --            ; --          ; --               ;
; IP_TOOL_NAME                       ; ROM: 1-PORT                                                                                                                                                                                      ; --            ; --          ; --               ;
; IP_TOOL_NAME                       ; ROM: 1-PORT                                                                                                                                                                                      ; --            ; --          ; --               ;
; IP_TOOL_NAME                       ; ROM: 1-PORT                                                                                                                                                                                      ; --            ; --          ; --               ;
; IP_TOOL_NAME                       ; ALTPLL                                                                                                                                                                                           ; --            ; --          ; --               ;
; IP_TOOL_NAME                       ; FIFO                                                                                                                                                                                             ; --            ; --          ; --               ;
; IP_TOOL_VERSION                    ; 9.1                                                                                                                                                                                              ; --            ; --          ; --               ;
; IP_TOOL_VERSION                    ; 9.1                                                                                                                                                                                              ; --            ; --          ; --               ;
; IP_TOOL_VERSION                    ; 9.1                                                                                                                                                                                              ; --            ; --          ; --               ;
; IP_TOOL_VERSION                    ; 9.1                                                                                                                                                                                              ; --            ; --          ; --               ;
; IP_TOOL_VERSION                    ; 9.1                                                                                                                                                                                              ; --            ; --          ; --               ;
; IP_TOOL_VERSION                    ; 9.1                                                                                                                                                                                              ; --            ; --          ; --               ;
; IP_TOOL_VERSION                    ; 9.1                                                                                                                                                                                              ; --            ; --          ; --               ;
; IP_TOOL_VERSION                    ; 9.1                                                                                                                                                                                              ; --            ; --          ; --               ;
; IP_TOOL_VERSION                    ; 9.1                                                                                                                                                                                              ; --            ; --          ; --               ;
; IP_TOOL_VERSION                    ; 9.1                                                                                                                                                                                              ; --            ; --          ; --               ;
; MAX_CORE_JUNCTION_TEMP             ; 85                                                                                                                                                                                               ; --            ; --          ; --               ;
; MIN_CORE_JUNCTION_TEMP             ; 0                                                                                                                                                                                                ; --            ; --          ; --               ;
; MISC_FILE                          ; ram.bsf                                                                                                                                                                                          ; --            ; --          ; --               ;
; MISC_FILE                          ; ram_bb.v                                                                                                                                                                                         ; --            ; --          ; --               ;
; MISC_FILE                          ; ram.inc                                                                                                                                                                                          ; --            ; --          ; --               ;
; MISC_FILE                          ; ram.cmp                                                                                                                                                                                          ; --            ; --          ; --               ;
; MISC_FILE                          ; rom1.bsf                                                                                                                                                                                         ; --            ; --          ; --               ;
; MISC_FILE                          ; rom1_inst.v                                                                                                                                                                                      ; --            ; --          ; --               ;
; MISC_FILE                          ; rom1_bb.v                                                                                                                                                                                        ; --            ; --          ; --               ;
; MISC_FILE                          ; rom1.inc                                                                                                                                                                                         ; --            ; --          ; --               ;
; MISC_FILE                          ; rom1.cmp                                                                                                                                                                                         ; --            ; --          ; --               ;
; MISC_FILE                          ; rom2.bsf                                                                                                                                                                                         ; --            ; --          ; --               ;
; MISC_FILE                          ; rom2_inst.v                                                                                                                                                                                      ; --            ; --          ; --               ;
; MISC_FILE                          ; rom2_bb.v                                                                                                                                                                                        ; --            ; --          ; --               ;
; MISC_FILE                          ; rom2.inc                                                                                                                                                                                         ; --            ; --          ; --               ;
; MISC_FILE                          ; rom2.cmp                                                                                                                                                                                         ; --            ; --          ; --               ;
; MISC_FILE                          ; rom3.bsf                                                                                                                                                                                         ; --            ; --          ; --               ;
; MISC_FILE                          ; rom3_inst.v                                                                                                                                                                                      ; --            ; --          ; --               ;
; MISC_FILE                          ; rom3_bb.v                                                                                                                                                                                        ; --            ; --          ; --               ;
; MISC_FILE                          ; rom3.inc                                                                                                                                                                                         ; --            ; --          ; --               ;
; MISC_FILE                          ; rom3.cmp                                                                                                                                                                                         ; --            ; --          ; --               ;
; MISC_FILE                          ; C:/Users/Administrator/Desktop/ÖØÐÂÊ¾²¨Æ÷/shiboqi.dpf                                                                                                                                            ; --            ; --          ; --               ;
; MISC_FILE                          ; rom5.bsf                                                                                                                                                                                         ; --            ; --          ; --               ;
; MISC_FILE                          ; rom5_inst.v                                                                                                                                                                                      ; --            ; --          ; --               ;
; MISC_FILE                          ; rom5_bb.v                                                                                                                                                                                        ; --            ; --          ; --               ;
; MISC_FILE                          ; rom5.inc                                                                                                                                                                                         ; --            ; --          ; --               ;
; MISC_FILE                          ; rom5.cmp                                                                                                                                                                                         ; --            ; --          ; --               ;
; MISC_FILE                          ; rom4.bsf                                                                                                                                                                                         ; --            ; --          ; --               ;
; MISC_FILE                          ; rom4_inst.v                                                                                                                                                                                      ; --            ; --          ; --               ;
; MISC_FILE                          ; rom4_bb.v                                                                                                                                                                                        ; --            ; --          ; --               ;
; MISC_FILE                          ; rom4.inc                                                                                                                                                                                         ; --            ; --          ; --               ;
; MISC_FILE                          ; rom4.cmp                                                                                                                                                                                         ; --            ; --          ; --               ;
; MISC_FILE                          ; rom6.bsf                                                                                                                                                                                         ; --            ; --          ; --               ;
; MISC_FILE                          ; rom6_inst.v                                                                                                                                                                                      ; --            ; --          ; --               ;
; MISC_FILE                          ; rom6_bb.v                                                                                                                                                                                        ; --            ; --          ; --               ;
; MISC_FILE                          ; rom6.inc                                                                                                                                                                                         ; --            ; --          ; --               ;
; MISC_FILE                          ; rom6.cmp                                                                                                                                                                                         ; --            ; --          ; --               ;
; MISC_FILE                          ; rom7.bsf                                                                                                                                                                                         ; --            ; --          ; --               ;
; MISC_FILE                          ; rom7_inst.v                                                                                                                                                                                      ; --            ; --          ; --               ;
; MISC_FILE                          ; rom7_bb.v                                                                                                                                                                                        ; --            ; --          ; --               ;
; MISC_FILE                          ; rom7.inc                                                                                                                                                                                         ; --            ; --          ; --               ;
; MISC_FILE                          ; rom7.cmp                                                                                                                                                                                         ; --            ; --          ; --               ;
; MISC_FILE                          ; pll.bsf                                                                                                                                                                                          ; --            ; --          ; --               ;
; MISC_FILE                          ; pll_inst.v                                                                                                                                                                                       ; --            ; --          ; --               ;
; MISC_FILE                          ; pll_bb.v                                                                                                                                                                                         ; --            ; --          ; --               ;
; MISC_FILE                          ; pll.inc                                                                                                                                                                                          ; --            ; --          ; --               ;
; MISC_FILE                          ; pll.cmp                                                                                                                                                                                          ; --            ; --          ; --               ;
; MISC_FILE                          ; pll.ppf                                                                                                                                                                                          ; --            ; --          ; --               ;
; MISC_FILE                          ; fifo.bsf                                                                                                                                                                                         ; --            ; --          ; --               ;
; MISC_FILE                          ; fifo_bb.v                                                                                                                                                                                        ; --            ; --          ; --               ;
; MISC_FILE                          ; fifo.inc                                                                                                                                                                                         ; --            ; --          ; --               ;
; MISC_FILE                          ; fifo.cmp                                                                                                                                                                                         ; --            ; --          ; --               ;
; PARTITION_COLOR                    ; 16764057                                                                                                                                                                                         ; --            ; --          ; Top              ;
; PARTITION_NETLIST_TYPE             ; SOURCE                                                                                                                                                                                           ; --            ; --          ; Top              ;
; SLD_NODE_CREATOR_ID                ; 110                                                                                                                                                                                              ; --            ; --          ; auto_signaltap_0 ;
; SLD_NODE_ENTITY_NAME               ; sld_signaltap                                                                                                                                                                                    ; --            ; --          ; auto_signaltap_0 ;
; SLD_NODE_PARAMETER_ASSIGNMENT      ; SLD_NODE_INFO=805334528                                                                                                                                                                          ; --            ; --          ; auto_signaltap_0 ;
; SLD_NODE_PARAMETER_ASSIGNMENT      ; SLD_POWER_UP_TRIGGER=0                                                                                                                                                                           ; --            ; --          ; auto_signaltap_0 ;
; SLD_NODE_PARAMETER_ASSIGNMENT      ; SLD_STORAGE_QUALIFIER_INVERSION_MASK_LENGTH=0                                                                                                                                                    ; --            ; --          ; auto_signaltap_0 ;
; SLD_NODE_PARAMETER_ASSIGNMENT      ; SLD_ATTRIBUTE_MEM_MODE=OFF                                                                                                                                                                       ; --            ; --          ; auto_signaltap_0 ;
; SLD_NODE_PARAMETER_ASSIGNMENT      ; SLD_STATE_FLOW_USE_GENERATED=0                                                                                                                                                                   ; --            ; --          ; auto_signaltap_0 ;
; SLD_NODE_PARAMETER_ASSIGNMENT      ; SLD_STATE_BITS=11                                                                                                                                                                                ; --            ; --          ; auto_signaltap_0 ;
; SLD_NODE_PARAMETER_ASSIGNMENT      ; SLD_BUFFER_FULL_STOP=1                                                                                                                                                                           ; --            ; --          ; auto_signaltap_0 ;
; SLD_NODE_PARAMETER_ASSIGNMENT      ; SLD_CURRENT_RESOURCE_WIDTH=1                                                                                                                                                                     ; --            ; --          ; auto_signaltap_0 ;
; SLD_NODE_PARAMETER_ASSIGNMENT      ; SLD_TRIGGER_LEVEL=1                                                                                                                                                                              ; --            ; --          ; auto_signaltap_0 ;
; SLD_NODE_PARAMETER_ASSIGNMENT      ; SLD_TRIGGER_IN_ENABLED=0                                                                                                                                                                         ; --            ; --          ; auto_signaltap_0 ;
; SLD_NODE_PARAMETER_ASSIGNMENT      ; SLD_ADVANCED_TRIGGER_ENTITY=basic,1,                                                                                                                                                             ; --            ; --          ; auto_signaltap_0 ;
; SLD_NODE_PARAMETER_ASSIGNMENT      ; SLD_TRIGGER_LEVEL_PIPELINE=1                                                                                                                                                                     ; --            ; --          ; auto_signaltap_0 ;
; SLD_NODE_PARAMETER_ASSIGNMENT      ; SLD_ENABLE_ADVANCED_TRIGGER=0                                                                                                                                                                    ; --            ; --          ; auto_signaltap_0 ;
; SLD_NODE_PARAMETER_ASSIGNMENT      ; SLD_DATA_BITS=49                                                                                                                                                                                 ; --            ; --          ; auto_signaltap_0 ;
; SLD_NODE_PARAMETER_ASSIGNMENT      ; SLD_TRIGGER_BITS=49                                                                                                                                                                              ; --            ; --          ; auto_signaltap_0 ;
; SLD_NODE_PARAMETER_ASSIGNMENT      ; SLD_INVERSION_MASK=00000000000000000000000000000000000000000000000000000000000000000000000000000000000000000000000000000000000000000000000000000000000000000000000000000000000000000000000000000 ; --            ; --          ; auto_signaltap_0 ;
; SLD_NODE_PARAMETER_ASSIGNMENT      ; SLD_INVERSION_MASK_LENGTH=173                                                                                                                                                                    ; --            ; --          ; auto_signaltap_0 ;
; SLD_NODE_PARAMETER_ASSIGNMENT      ; SLD_SEGMENT_SIZE=4096                                                                                                                                                                            ; --            ; --          ; auto_signaltap_0 ;
; SLD_NODE_PARAMETER_ASSIGNMENT      ; SLD_NODE_CRC_LOWORD=35977                                                                                                                                                                        ; --            ; --          ; auto_signaltap_0 ;
; SLD_NODE_PARAMETER_ASSIGNMENT      ; SLD_NODE_CRC_HIWORD=47993                                                                                                                                                                        ; --            ; --          ; auto_signaltap_0 ;
; SLD_NODE_PARAMETER_ASSIGNMENT      ; SLD_SAMPLE_DEPTH=4096                                                                                                                                                                            ; --            ; --          ; auto_signaltap_0 ;
; USE_GENERATED_PHYSICAL_CONSTRAINTS ; Off                                                                                                                                                                                              ; --            ; --          ; eda_blast_fpga   ;
; USE_SIGNALTAP_FILE                 ; stp3.stp                                                                                                                                                                                         ; --            ; --          ; --               ;
+------------------------------------+--------------------------------------------------------------------------------------------------------------------------------------------------------------------------------------------------+---------------+-------------+------------------+


+-----------------------------------------------------------------------------------------------------------------------------+
; Flow Elapsed Time                                                                                                           ;
+-------------------------+--------------+-------------------------+---------------------+------------------------------------+
; Module Name             ; Elapsed Time ; Average Processors Used ; Peak Virtual Memory ; Total CPU Time (on all processors) ;
+-------------------------+--------------+-------------------------+---------------------+------------------------------------+
; Analysis & Synthesis    ; 00:00:40     ; 1.0                     ; 302 MB              ; 00:00:39                           ;
; Fitter                  ; 00:00:57     ; 1.3                     ; 334 MB              ; 00:01:10                           ;
; Assembler               ; 00:00:04     ; 1.0                     ; 241 MB              ; 00:00:03                           ;
; Classic Timing Analyzer ; 00:00:03     ; 1.0                     ; 191 MB              ; 00:00:03                           ;
; Total                   ; 00:01:44     ; --                      ; --                  ; 00:01:55                           ;
+-------------------------+--------------+-------------------------+---------------------+------------------------------------+


+------------------------------------------------------------------------------------------+
; Flow OS Summary                                                                          ;
+-------------------------+------------------+---------------+------------+----------------+
; Module Name             ; Machine Hostname ; OS Name       ; OS Version ; Processor type ;
+-------------------------+------------------+---------------+------------+----------------+
; Analysis & Synthesis    ; OEM-20111204KTM  ; Windows Vista ; 6.1        ; i686           ;
; Fitter                  ; OEM-20111204KTM  ; Windows Vista ; 6.1        ; i686           ;
; Assembler               ; OEM-20111204KTM  ; Windows Vista ; 6.1        ; i686           ;
; Classic Timing Analyzer ; OEM-20111204KTM  ; Windows Vista ; 6.1        ; i686           ;
+-------------------------+------------------+---------------+------------+----------------+


------------
; Flow Log ;
------------
quartus_map --read_settings_files=on --write_settings_files=off shiboqi -c shiboqi
quartus_fit --read_settings_files=off --write_settings_files=off shiboqi -c shiboqi
quartus_asm --read_settings_files=off --write_settings_files=off shiboqi -c shiboqi
quartus_tan --read_settings_files=off --write_settings_files=off shiboqi -c shiboqi --timing_analysis_only



