C51 COMPILER V9.00   MAIN                                                                  08/09/2017 21:07:42 PAGE 1   


C51 COMPILER V9.00, COMPILATION OF MODULE MAIN
OBJECT MODULE PLACED IN main.OBJ
COMPILER INVOKED BY: D:\Keil\C51\BIN\C51.EXE main.c BROWSE DEBUG OBJECTEXTEND

line level    source

   1          
   2          /**********************************4*4键盘操作界面***********************/
   3          /*                 
   4                   0           1            2             3
   5          
   6                           4                       5                        6                             7
   7          
   8                           8                       9                      FSK/HZ        RFSK/KHZ
   9          
  10                     BPSK/MHZ       清零/OSK          退出/AM               确定/SIN
  11          */
  12          
  13          #include <STC89C51RC.h>               //STC单片机头文件 
  14          #include "AD9854.h"  
  15          #include "key.h" 
  16          
  17          
  18          //--定义使用的IO口--//  
  19          #define GPIO_KEY P1
  20          
  21          //--定义全局变量--//
  22          //unsigned char PuZh[17]="The key value is:";
  23          unsigned char KeyValue;
  24          
  25          #define uint  unsigned int
  26          #define uchar unsigned char
  27          
  28          int main(void)
  29          {
  30   1              uchar KEY;
  31   1      //      unsigned char i;
  32   1      
  33   1              AD9854_Init();  //初始化AD9854
  34   1              KeyValue =1000000;
  35   1                      
  36   1              while(1)
  37   1              {
  38   2                      KEY=Key_Get();
  39   2                      if(KEY!=0xff)
  40   2                      {
  41   3                              switch(KEY)
  42   3                              {
  43   4                                      case 0:
  44   4                                              KeyValue = KeyValue + 1000000;
  45   4                                      case 1:
  46   4                                              KeyValue = KeyValue - 1000000;
  47   4                                      default:
  48   4                                          break;
  49   4                              }
  50   3                              KEY=0xff;
  51   3                      }
  52   2                      AD9854_SetSine(KeyValue,4000);  
  53   2                      P43=0;
  54   2              P41=0;
  55   2                      P40=1;
C51 COMPILER V9.00   MAIN                                                                  08/09/2017 21:07:42 PAGE 2   

  56   2              } 
  57   1              
  58   1      }
  59          


MODULE INFORMATION:   STATIC OVERLAYABLE
   CODE SIZE        =     55    ----
   CONSTANT SIZE    =   ----    ----
   XDATA SIZE       =   ----    ----
   PDATA SIZE       =   ----    ----
   DATA SIZE        =      1    ----
   IDATA SIZE       =   ----    ----
   BIT SIZE         =   ----    ----
END OF MODULE INFORMATION.


C51 COMPILATION COMPLETE.  0 WARNING(S),  0 ERROR(S)
