Analysis & Synthesis report for M_sequence
Fri May 26 10:18:56 2017
Quartus II 64-Bit Version 13.1.0 Build 162 10/23/2013 SJ Full Version


---------------------
; Table of Contents ;
---------------------
  1. Legal Notice
  2. Analysis & Synthesis Summary
  3. Analysis & Synthesis Settings
  4. Parallel Compilation
  5. Analysis & Synthesis Source Files Read
  6. Analysis & Synthesis Resource Usage Summary
  7. Analysis & Synthesis Resource Utilization by Entity
  8. Analysis & Synthesis RAM Summary
  9. General Register Statistics
 10. Inverted Register Statistics
 11. Parameter Settings for Inferred Entity Instance: sld_signaltap:auto_signaltap_0
 12. SignalTap II Logic Analyzer Settings
 13. Elapsed Time Per Partition
 14. Connections to In-System Debugging Instance "auto_signaltap_0"
 15. Analysis & Synthesis Messages
 16. Analysis & Synthesis Suppressed Messages



----------------
; Legal Notice ;
----------------
Copyright (C) 1991-2013 Altera Corporation
Your use of Altera Corporation's design tools, logic functions 
and other software and tools, and its AMPP partner logic 
functions, and any output files from any of the foregoing 
(including device programming or simulation files), and any 
associated documentation or information are expressly subject 
to the terms and conditions of the Altera Program License 
Subscription Agreement, Altera MegaCore Function License 
Agreement, or other applicable license agreement, including, 
without limitation, that your use is for the sole purpose of 
programming logic devices manufactured by Altera and sold by 
Altera or its authorized distributors.  Please refer to the 
applicable agreement for further details.



+-------------------------------------------------------------------------------+
; Analysis & Synthesis Summary                                                  ;
+---------------------------------+---------------------------------------------+
; Analysis & Synthesis Status     ; Successful - Fri May 26 10:18:56 2017       ;
; Quartus II 64-Bit Version       ; 13.1.0 Build 162 10/23/2013 SJ Full Version ;
; Revision Name                   ; M_sequence                                  ;
; Top-level Entity Name           ; M_sequence                                  ;
; Family                          ; Cyclone V                                   ;
; Logic utilization (in ALMs)     ; N/A                                         ;
; Total registers                 ; 470                                         ;
; Total pins                      ; 4                                           ;
; Total virtual pins              ; 0                                           ;
; Total block memory bits         ; 4,096                                       ;
; Total DSP Blocks                ; 0                                           ;
; Total HSSI RX PCSs              ; 0                                           ;
; Total HSSI PMA RX Deserializers ; 0                                           ;
; Total HSSI TX PCSs              ; 0                                           ;
; Total HSSI TX Channels          ; 0                                           ;
; Total PLLs                      ; 0                                           ;
; Total DLLs                      ; 0                                           ;
+---------------------------------+---------------------------------------------+


+---------------------------------------------------------------------------------------------------------------------------+
; Analysis & Synthesis Settings                                                                                             ;
+---------------------------------------------------------------------------------+--------------------+--------------------+
; Option                                                                          ; Setting            ; Default Value      ;
+---------------------------------------------------------------------------------+--------------------+--------------------+
; Device                                                                          ; 5CSEMA5F31C6       ;                    ;
; Top-level entity name                                                           ; M_sequence         ; M_sequence         ;
; Family name                                                                     ; Cyclone V          ; Cyclone IV GX      ;
; Use smart compilation                                                           ; Off                ; Off                ;
; Enable parallel Assembler and TimeQuest Timing Analyzer during compilation      ; On                 ; On                 ;
; Enable compact report table                                                     ; Off                ; Off                ;
; Restructure Multiplexers                                                        ; Auto               ; Auto               ;
; MLAB Add Timing Constraints For Mixed-Port Feed-Through Mode Setting Don't Care ; Off                ; Off                ;
; Create Debugging Nodes for IP Cores                                             ; Off                ; Off                ;
; Preserve fewer node names                                                       ; On                 ; On                 ;
; Disable OpenCore Plus hardware evaluation                                       ; Off                ; Off                ;
; Verilog Version                                                                 ; Verilog_2001       ; Verilog_2001       ;
; VHDL Version                                                                    ; VHDL_1993          ; VHDL_1993          ;
; State Machine Processing                                                        ; Auto               ; Auto               ;
; Safe State Machine                                                              ; Off                ; Off                ;
; Extract Verilog State Machines                                                  ; On                 ; On                 ;
; Extract VHDL State Machines                                                     ; On                 ; On                 ;
; Ignore Verilog initial constructs                                               ; Off                ; Off                ;
; Iteration limit for constant Verilog loops                                      ; 5000               ; 5000               ;
; Iteration limit for non-constant Verilog loops                                  ; 250                ; 250                ;
; Add Pass-Through Logic to Inferred RAMs                                         ; On                 ; On                 ;
; Infer RAMs from Raw Logic                                                       ; On                 ; On                 ;
; Parallel Synthesis                                                              ; On                 ; On                 ;
; DSP Block Balancing                                                             ; Auto               ; Auto               ;
; NOT Gate Push-Back                                                              ; On                 ; On                 ;
; Power-Up Don't Care                                                             ; On                 ; On                 ;
; Remove Redundant Logic Cells                                                    ; Off                ; Off                ;
; Remove Duplicate Registers                                                      ; On                 ; On                 ;
; Ignore CARRY Buffers                                                            ; Off                ; Off                ;
; Ignore CASCADE Buffers                                                          ; Off                ; Off                ;
; Ignore GLOBAL Buffers                                                           ; Off                ; Off                ;
; Ignore ROW GLOBAL Buffers                                                       ; Off                ; Off                ;
; Ignore LCELL Buffers                                                            ; Off                ; Off                ;
; Ignore SOFT Buffers                                                             ; On                 ; On                 ;
; Limit AHDL Integers to 32 Bits                                                  ; Off                ; Off                ;
; Optimization Technique                                                          ; Balanced           ; Balanced           ;
; Carry Chain Length                                                              ; 70                 ; 70                 ;
; Auto Carry Chains                                                               ; On                 ; On                 ;
; Auto Open-Drain Pins                                                            ; On                 ; On                 ;
; Perform WYSIWYG Primitive Resynthesis                                           ; Off                ; Off                ;
; Auto ROM Replacement                                                            ; On                 ; On                 ;
; Auto RAM Replacement                                                            ; On                 ; On                 ;
; Auto DSP Block Replacement                                                      ; On                 ; On                 ;
; Auto Shift Register Replacement                                                 ; Auto               ; Auto               ;
; Allow Shift Register Merging across Hierarchies                                 ; Auto               ; Auto               ;
; Auto Clock Enable Replacement                                                   ; On                 ; On                 ;
; Strict RAM Replacement                                                          ; Off                ; Off                ;
; Allow Synchronous Control Signals                                               ; On                 ; On                 ;
; Force Use of Synchronous Clear Signals                                          ; Off                ; Off                ;
; Auto Resource Sharing                                                           ; Off                ; Off                ;
; Allow Any RAM Size For Recognition                                              ; Off                ; Off                ;
; Allow Any ROM Size For Recognition                                              ; Off                ; Off                ;
; Allow Any Shift Register Size For Recognition                                   ; Off                ; Off                ;
; Use LogicLock Constraints during Resource Balancing                             ; On                 ; On                 ;
; Ignore translate_off and synthesis_off directives                               ; Off                ; Off                ;
; Timing-Driven Synthesis                                                         ; On                 ; On                 ;
; Report Parameter Settings                                                       ; On                 ; On                 ;
; Report Source Assignments                                                       ; On                 ; On                 ;
; Report Connectivity Checks                                                      ; On                 ; On                 ;
; Ignore Maximum Fan-Out Assignments                                              ; Off                ; Off                ;
; Synchronization Register Chain Length                                           ; 3                  ; 3                  ;
; PowerPlay Power Optimization                                                    ; Normal compilation ; Normal compilation ;
; HDL message level                                                               ; Level2             ; Level2             ;
; Suppress Register Optimization Related Messages                                 ; Off                ; Off                ;
; Number of Removed Registers Reported in Synthesis Report                        ; 5000               ; 5000               ;
; Number of Swept Nodes Reported in Synthesis Report                              ; 5000               ; 5000               ;
; Number of Inverted Registers Reported in Synthesis Report                       ; 100                ; 100                ;
; Clock MUX Protection                                                            ; On                 ; On                 ;
; Auto Gated Clock Conversion                                                     ; Off                ; Off                ;
; Block Design Naming                                                             ; Auto               ; Auto               ;
; SDC constraint protection                                                       ; Off                ; Off                ;
; Synthesis Effort                                                                ; Auto               ; Auto               ;
; Shift Register Replacement - Allow Asynchronous Clear Signal                    ; On                 ; On                 ;
; Pre-Mapping Resynthesis Optimization                                            ; Off                ; Off                ;
; Analysis & Synthesis Message Level                                              ; Medium             ; Medium             ;
; Disable Register Merging Across Hierarchies                                     ; Auto               ; Auto               ;
; Resource Aware Inference For Block RAM                                          ; On                 ; On                 ;
; Synthesis Seed                                                                  ; 1                  ; 1                  ;
; Automatic Parallel Synthesis                                                    ; On                 ; On                 ;
+---------------------------------------------------------------------------------+--------------------+--------------------+


+------------------------------------------+
; Parallel Compilation                     ;
+----------------------------+-------------+
; Processors                 ; Number      ;
+----------------------------+-------------+
; Number detected on machine ; 4           ;
; Maximum allowed            ; 2           ;
;                            ;             ;
; Average used               ; 1.00        ;
; Maximum used               ; 1           ;
;                            ;             ;
; Usage by Processor         ; % Time Used ;
;     Processor 1            ; 100.0%      ;
;     Processors 2-4         ;   0.0%      ;
+----------------------------+-------------+


+---------------------------------------------------------------------------------------------------------------------------------------------------------------------------+
; Analysis & Synthesis Source Files Read                                                                                                                                    ;
+----------------------------------+-----------------+------------------------------+-----------------------------------------------------------------------------+---------+
; File Name with User-Entered Path ; Used in Netlist ; File Type                    ; File Name with Absolute Path                                                ; Library ;
+----------------------------------+-----------------+------------------------------+-----------------------------------------------------------------------------+---------+
; M_sequence.v                     ; yes             ; User Verilog HDL File        ; H:/FPGA/Project1_2016/M_sequence_born/M_sequence.v                          ;         ;
; sld_signaltap.vhd                ; yes             ; Megafunction                 ; d:/altera/13.1/quartus/libraries/megafunctions/sld_signaltap.vhd            ;         ;
; sld_signaltap_impl.vhd           ; yes             ; Encrypted Megafunction       ; d:/altera/13.1/quartus/libraries/megafunctions/sld_signaltap_impl.vhd       ;         ;
; sld_ela_control.vhd              ; yes             ; Encrypted Megafunction       ; d:/altera/13.1/quartus/libraries/megafunctions/sld_ela_control.vhd          ;         ;
; lpm_shiftreg.tdf                 ; yes             ; Megafunction                 ; d:/altera/13.1/quartus/libraries/megafunctions/lpm_shiftreg.tdf             ;         ;
; lpm_constant.inc                 ; yes             ; Megafunction                 ; d:/altera/13.1/quartus/libraries/megafunctions/lpm_constant.inc             ;         ;
; dffeea.inc                       ; yes             ; Megafunction                 ; d:/altera/13.1/quartus/libraries/megafunctions/dffeea.inc                   ;         ;
; aglobal131.inc                   ; yes             ; Megafunction                 ; d:/altera/13.1/quartus/libraries/megafunctions/aglobal131.inc               ;         ;
; sld_mbpmg.vhd                    ; yes             ; Encrypted Megafunction       ; d:/altera/13.1/quartus/libraries/megafunctions/sld_mbpmg.vhd                ;         ;
; sld_ela_trigger_flow_mgr.vhd     ; yes             ; Encrypted Megafunction       ; d:/altera/13.1/quartus/libraries/megafunctions/sld_ela_trigger_flow_mgr.vhd ;         ;
; sld_buffer_manager.vhd           ; yes             ; Encrypted Megafunction       ; d:/altera/13.1/quartus/libraries/megafunctions/sld_buffer_manager.vhd       ;         ;
; altsyncram.tdf                   ; yes             ; Megafunction                 ; d:/altera/13.1/quartus/libraries/megafunctions/altsyncram.tdf               ;         ;
; stratix_ram_block.inc            ; yes             ; Megafunction                 ; d:/altera/13.1/quartus/libraries/megafunctions/stratix_ram_block.inc        ;         ;
; lpm_mux.inc                      ; yes             ; Megafunction                 ; d:/altera/13.1/quartus/libraries/megafunctions/lpm_mux.inc                  ;         ;
; lpm_decode.inc                   ; yes             ; Megafunction                 ; d:/altera/13.1/quartus/libraries/megafunctions/lpm_decode.inc               ;         ;
; a_rdenreg.inc                    ; yes             ; Megafunction                 ; d:/altera/13.1/quartus/libraries/megafunctions/a_rdenreg.inc                ;         ;
; altrom.inc                       ; yes             ; Megafunction                 ; d:/altera/13.1/quartus/libraries/megafunctions/altrom.inc                   ;         ;
; altram.inc                       ; yes             ; Megafunction                 ; d:/altera/13.1/quartus/libraries/megafunctions/altram.inc                   ;         ;
; altdpram.inc                     ; yes             ; Megafunction                 ; d:/altera/13.1/quartus/libraries/megafunctions/altdpram.inc                 ;         ;
; db/altsyncram_a484.tdf           ; yes             ; Auto-Generated Megafunction  ; H:/FPGA/Project1_2016/M_sequence_born/db/altsyncram_a484.tdf                ;         ;
; altdpram.tdf                     ; yes             ; Megafunction                 ; d:/altera/13.1/quartus/libraries/megafunctions/altdpram.tdf                 ;         ;
; memmodes.inc                     ; yes             ; Megafunction                 ; d:/altera/13.1/quartus/libraries/others/maxplus2/memmodes.inc               ;         ;
; a_hdffe.inc                      ; yes             ; Megafunction                 ; d:/altera/13.1/quartus/libraries/megafunctions/a_hdffe.inc                  ;         ;
; alt_le_rden_reg.inc              ; yes             ; Megafunction                 ; d:/altera/13.1/quartus/libraries/megafunctions/alt_le_rden_reg.inc          ;         ;
; altsyncram.inc                   ; yes             ; Megafunction                 ; d:/altera/13.1/quartus/libraries/megafunctions/altsyncram.inc               ;         ;
; lpm_mux.tdf                      ; yes             ; Megafunction                 ; d:/altera/13.1/quartus/libraries/megafunctions/lpm_mux.tdf                  ;         ;
; muxlut.inc                       ; yes             ; Megafunction                 ; d:/altera/13.1/quartus/libraries/megafunctions/muxlut.inc                   ;         ;
; bypassff.inc                     ; yes             ; Megafunction                 ; d:/altera/13.1/quartus/libraries/megafunctions/bypassff.inc                 ;         ;
; altshift.inc                     ; yes             ; Megafunction                 ; d:/altera/13.1/quartus/libraries/megafunctions/altshift.inc                 ;         ;
; db/mux_dlc.tdf                   ; yes             ; Auto-Generated Megafunction  ; H:/FPGA/Project1_2016/M_sequence_born/db/mux_dlc.tdf                        ;         ;
; lpm_decode.tdf                   ; yes             ; Megafunction                 ; d:/altera/13.1/quartus/libraries/megafunctions/lpm_decode.tdf               ;         ;
; declut.inc                       ; yes             ; Megafunction                 ; d:/altera/13.1/quartus/libraries/megafunctions/declut.inc                   ;         ;
; lpm_compare.inc                  ; yes             ; Megafunction                 ; d:/altera/13.1/quartus/libraries/megafunctions/lpm_compare.inc              ;         ;
; db/decode_vnf.tdf                ; yes             ; Auto-Generated Megafunction  ; H:/FPGA/Project1_2016/M_sequence_born/db/decode_vnf.tdf                     ;         ;
; lpm_counter.tdf                  ; yes             ; Megafunction                 ; d:/altera/13.1/quartus/libraries/megafunctions/lpm_counter.tdf              ;         ;
; lpm_add_sub.inc                  ; yes             ; Megafunction                 ; d:/altera/13.1/quartus/libraries/megafunctions/lpm_add_sub.inc              ;         ;
; cmpconst.inc                     ; yes             ; Megafunction                 ; d:/altera/13.1/quartus/libraries/megafunctions/cmpconst.inc                 ;         ;
; lpm_counter.inc                  ; yes             ; Megafunction                 ; d:/altera/13.1/quartus/libraries/megafunctions/lpm_counter.inc              ;         ;
; alt_counter_stratix.inc          ; yes             ; Megafunction                 ; d:/altera/13.1/quartus/libraries/megafunctions/alt_counter_stratix.inc      ;         ;
; db/cntr_22j.tdf                  ; yes             ; Auto-Generated Megafunction  ; H:/FPGA/Project1_2016/M_sequence_born/db/cntr_22j.tdf                       ;         ;
; db/cntr_09i.tdf                  ; yes             ; Auto-Generated Megafunction  ; H:/FPGA/Project1_2016/M_sequence_born/db/cntr_09i.tdf                       ;         ;
; db/cmpr_d9c.tdf                  ; yes             ; Auto-Generated Megafunction  ; H:/FPGA/Project1_2016/M_sequence_born/db/cmpr_d9c.tdf                       ;         ;
; db/cntr_kri.tdf                  ; yes             ; Auto-Generated Megafunction  ; H:/FPGA/Project1_2016/M_sequence_born/db/cntr_kri.tdf                       ;         ;
; db/cmpr_99c.tdf                  ; yes             ; Auto-Generated Megafunction  ; H:/FPGA/Project1_2016/M_sequence_born/db/cmpr_99c.tdf                       ;         ;
; sld_rom_sr.vhd                   ; yes             ; Encrypted Megafunction       ; d:/altera/13.1/quartus/libraries/megafunctions/sld_rom_sr.vhd               ;         ;
; sld_hub.vhd                      ; yes             ; Encrypted Megafunction       ; d:/altera/13.1/quartus/libraries/megafunctions/sld_hub.vhd                  ;         ;
; sld_jtag_hub.vhd                 ; yes             ; Encrypted Megafunction       ; d:/altera/13.1/quartus/libraries/megafunctions/sld_jtag_hub.vhd             ;         ;
+----------------------------------+-----------------+------------------------------+-----------------------------------------------------------------------------+---------+


+------------------------------------------------------------------------+
; Analysis & Synthesis Resource Usage Summary                            ;
+---------------------------------------------+--------------------------+
; Resource                                    ; Usage                    ;
+---------------------------------------------+--------------------------+
; Estimate of Logic utilization (ALMs needed) ; 274                      ;
;                                             ;                          ;
; Combinational ALUT usage for logic          ; 319                      ;
;     -- 7 input functions                    ; 1                        ;
;     -- 6 input functions                    ; 64                       ;
;     -- 5 input functions                    ; 50                       ;
;     -- 4 input functions                    ; 40                       ;
;     -- <=3 input functions                  ; 164                      ;
;                                             ;                          ;
; Dedicated logic registers                   ; 470                      ;
;                                             ;                          ;
; I/O pins                                    ; 4                        ;
; Total MLAB memory bits                      ; 0                        ;
; Total block memory bits                     ; 4096                     ;
; Total DSP Blocks                            ; 0                        ;
; Maximum fan-out node                        ; altera_internal_jtag~TDO ;
; Maximum fan-out                             ; 329                      ;
; Total fan-out                               ; 3009                     ;
; Average fan-out                             ; 3.72                     ;
+---------------------------------------------+--------------------------+


+--------------------------------------------------------------------------------------------------------------------------------------------------------------------------------------------------------------------------------------------------------------------------------------------------------------------------------------------------------------------------------------------------------------------------------------------------------------------------------------------------------------------------------------------------------------------+
; Analysis & Synthesis Resource Utilization by Entity                                                                                                                                                                                                                                                                                                                                                                                                                                                                                                                ;
+---------------------------------------------------------------------------------------------------------+-------------------+--------------+-------------------+------------+------+--------------+-------------------------------------------------------------------------------------------------------------------------------------------------------------------------------------------------------------------------------------------------------------------------------------------------------------------------------------------------+--------------+
; Compilation Hierarchy Node                                                                              ; LC Combinationals ; LC Registers ; Block Memory Bits ; DSP Blocks ; Pins ; Virtual Pins ; Full Hierarchy Name                                                                                                                                                                                                                                                                                                                             ; Library Name ;
+---------------------------------------------------------------------------------------------------------+-------------------+--------------+-------------------+------------+------+--------------+-------------------------------------------------------------------------------------------------------------------------------------------------------------------------------------------------------------------------------------------------------------------------------------------------------------------------------------------------+--------------+
; |M_sequence                                                                                             ; 319 (4)           ; 470 (10)     ; 4096              ; 0          ; 4    ; 0            ; |M_sequence                                                                                                                                                                                                                                                                                                                                     ; work         ;
;    |sld_hub:auto_hub|                                                                                   ; 95 (1)            ; 90 (0)       ; 0                 ; 0          ; 0    ; 0            ; |M_sequence|sld_hub:auto_hub                                                                                                                                                                                                                                                                                                                    ; work         ;
;       |sld_jtag_hub:\jtag_hub_gen:sld_jtag_hub_inst|                                                    ; 94 (61)           ; 90 (62)      ; 0                 ; 0          ; 0    ; 0            ; |M_sequence|sld_hub:auto_hub|sld_jtag_hub:\jtag_hub_gen:sld_jtag_hub_inst                                                                                                                                                                                                                                                                       ; work         ;
;          |sld_rom_sr:hub_info_reg|                                                                      ; 16 (16)           ; 9 (9)        ; 0                 ; 0          ; 0    ; 0            ; |M_sequence|sld_hub:auto_hub|sld_jtag_hub:\jtag_hub_gen:sld_jtag_hub_inst|sld_rom_sr:hub_info_reg                                                                                                                                                                                                                                               ; work         ;
;          |sld_shadow_jsm:shadow_jsm|                                                                    ; 17 (17)           ; 19 (19)      ; 0                 ; 0          ; 0    ; 0            ; |M_sequence|sld_hub:auto_hub|sld_jtag_hub:\jtag_hub_gen:sld_jtag_hub_inst|sld_shadow_jsm:shadow_jsm                                                                                                                                                                                                                                             ; work         ;
;    |sld_signaltap:auto_signaltap_0|                                                                     ; 220 (1)           ; 370 (4)      ; 4096              ; 0          ; 0    ; 0            ; |M_sequence|sld_signaltap:auto_signaltap_0                                                                                                                                                                                                                                                                                                      ; work         ;
;       |sld_signaltap_impl:sld_signaltap_body|                                                           ; 219 (0)           ; 366 (0)      ; 4096              ; 0          ; 0    ; 0            ; |M_sequence|sld_signaltap:auto_signaltap_0|sld_signaltap_impl:sld_signaltap_body                                                                                                                                                                                                                                                                ; work         ;
;          |sld_signaltap_implb:sld_signaltap_body|                                                       ; 219 (67)          ; 366 (90)     ; 4096              ; 0          ; 0    ; 0            ; |M_sequence|sld_signaltap:auto_signaltap_0|sld_signaltap_impl:sld_signaltap_body|sld_signaltap_implb:sld_signaltap_body                                                                                                                                                                                                                         ; work         ;
;             |altdpram:\stp_non_zero_ram_gen:attribute_mem_gen:attribute_mem|                            ; 2 (0)             ; 70 (70)      ; 0                 ; 0          ; 0    ; 0            ; |M_sequence|sld_signaltap:auto_signaltap_0|sld_signaltap_impl:sld_signaltap_body|sld_signaltap_implb:sld_signaltap_body|altdpram:\stp_non_zero_ram_gen:attribute_mem_gen:attribute_mem                                                                                                                                                          ; work         ;
;                |lpm_decode:wdecoder|                                                                    ; 2 (0)             ; 0 (0)        ; 0                 ; 0          ; 0    ; 0            ; |M_sequence|sld_signaltap:auto_signaltap_0|sld_signaltap_impl:sld_signaltap_body|sld_signaltap_implb:sld_signaltap_body|altdpram:\stp_non_zero_ram_gen:attribute_mem_gen:attribute_mem|lpm_decode:wdecoder                                                                                                                                      ; work         ;
;                   |decode_vnf:auto_generated|                                                           ; 2 (2)             ; 0 (0)        ; 0                 ; 0          ; 0    ; 0            ; |M_sequence|sld_signaltap:auto_signaltap_0|sld_signaltap_impl:sld_signaltap_body|sld_signaltap_implb:sld_signaltap_body|altdpram:\stp_non_zero_ram_gen:attribute_mem_gen:attribute_mem|lpm_decode:wdecoder|decode_vnf:auto_generated                                                                                                            ; work         ;
;             |altsyncram:\stp_non_zero_ram_gen:stp_buffer_ram|                                           ; 0 (0)             ; 0 (0)        ; 4096              ; 0          ; 0    ; 0            ; |M_sequence|sld_signaltap:auto_signaltap_0|sld_signaltap_impl:sld_signaltap_body|sld_signaltap_implb:sld_signaltap_body|altsyncram:\stp_non_zero_ram_gen:stp_buffer_ram                                                                                                                                                                         ; work         ;
;                |altsyncram_a484:auto_generated|                                                         ; 0 (0)             ; 0 (0)        ; 4096              ; 0          ; 0    ; 0            ; |M_sequence|sld_signaltap:auto_signaltap_0|sld_signaltap_impl:sld_signaltap_body|sld_signaltap_implb:sld_signaltap_body|altsyncram:\stp_non_zero_ram_gen:stp_buffer_ram|altsyncram_a484:auto_generated                                                                                                                                          ; work         ;
;             |lpm_shiftreg:segment_offset_config_deserialize|                                            ; 0 (0)             ; 11 (11)      ; 0                 ; 0          ; 0    ; 0            ; |M_sequence|sld_signaltap:auto_signaltap_0|sld_signaltap_impl:sld_signaltap_body|sld_signaltap_implb:sld_signaltap_body|lpm_shiftreg:segment_offset_config_deserialize                                                                                                                                                                          ; work         ;
;             |lpm_shiftreg:status_register|                                                              ; 17 (17)           ; 17 (17)      ; 0                 ; 0          ; 0    ; 0            ; |M_sequence|sld_signaltap:auto_signaltap_0|sld_signaltap_impl:sld_signaltap_body|sld_signaltap_implb:sld_signaltap_body|lpm_shiftreg:status_register                                                                                                                                                                                            ; work         ;
;             |serial_crc_16:\tdo_crc_gen:tdo_crc_calc|                                                   ; 4 (4)             ; 13 (13)      ; 0                 ; 0          ; 0    ; 0            ; |M_sequence|sld_signaltap:auto_signaltap_0|sld_signaltap_impl:sld_signaltap_body|sld_signaltap_implb:sld_signaltap_body|serial_crc_16:\tdo_crc_gen:tdo_crc_calc                                                                                                                                                                                 ; work         ;
;             |sld_buffer_manager:sld_buffer_manager_inst|                                                ; 78 (78)           ; 64 (64)      ; 0                 ; 0          ; 0    ; 0            ; |M_sequence|sld_signaltap:auto_signaltap_0|sld_signaltap_impl:sld_signaltap_body|sld_signaltap_implb:sld_signaltap_body|sld_buffer_manager:sld_buffer_manager_inst                                                                                                                                                                              ; work         ;
;             |sld_ela_control:ela_control|                                                               ; 4 (1)             ; 26 (1)       ; 0                 ; 0          ; 0    ; 0            ; |M_sequence|sld_signaltap:auto_signaltap_0|sld_signaltap_impl:sld_signaltap_body|sld_signaltap_implb:sld_signaltap_body|sld_ela_control:ela_control                                                                                                                                                                                             ; work         ;
;                |lpm_shiftreg:trigger_config_deserialize|                                                ; 0 (0)             ; 4 (4)        ; 0                 ; 0          ; 0    ; 0            ; |M_sequence|sld_signaltap:auto_signaltap_0|sld_signaltap_impl:sld_signaltap_body|sld_signaltap_implb:sld_signaltap_body|sld_ela_control:ela_control|lpm_shiftreg:trigger_config_deserialize                                                                                                                                                     ; work         ;
;                |sld_ela_basic_multi_level_trigger:\basic_multi_level_mbpm_trigger_gen:multi_level_mbpm| ; 2 (0)             ; 10 (0)       ; 0                 ; 0          ; 0    ; 0            ; |M_sequence|sld_signaltap:auto_signaltap_0|sld_signaltap_impl:sld_signaltap_body|sld_signaltap_implb:sld_signaltap_body|sld_ela_control:ela_control|sld_ela_basic_multi_level_trigger:\basic_multi_level_mbpm_trigger_gen:multi_level_mbpm                                                                                                      ; work         ;
;                   |lpm_shiftreg:trigger_condition_deserialize|                                          ; 0 (0)             ; 6 (6)        ; 0                 ; 0          ; 0    ; 0            ; |M_sequence|sld_signaltap:auto_signaltap_0|sld_signaltap_impl:sld_signaltap_body|sld_signaltap_implb:sld_signaltap_body|sld_ela_control:ela_control|sld_ela_basic_multi_level_trigger:\basic_multi_level_mbpm_trigger_gen:multi_level_mbpm|lpm_shiftreg:trigger_condition_deserialize                                                           ; work         ;
;                   |sld_mbpmg:\trigger_modules_gen:0:trigger_match|                                      ; 2 (0)             ; 4 (0)        ; 0                 ; 0          ; 0    ; 0            ; |M_sequence|sld_signaltap:auto_signaltap_0|sld_signaltap_impl:sld_signaltap_body|sld_signaltap_implb:sld_signaltap_body|sld_ela_control:ela_control|sld_ela_basic_multi_level_trigger:\basic_multi_level_mbpm_trigger_gen:multi_level_mbpm|sld_mbpmg:\trigger_modules_gen:0:trigger_match                                                       ; work         ;
;                      |sld_sbpmg:\gen_sbpmg_pipeline_less_than_two:sm0:0:sm1|                            ; 1 (1)             ; 2 (2)        ; 0                 ; 0          ; 0    ; 0            ; |M_sequence|sld_signaltap:auto_signaltap_0|sld_signaltap_impl:sld_signaltap_body|sld_signaltap_implb:sld_signaltap_body|sld_ela_control:ela_control|sld_ela_basic_multi_level_trigger:\basic_multi_level_mbpm_trigger_gen:multi_level_mbpm|sld_mbpmg:\trigger_modules_gen:0:trigger_match|sld_sbpmg:\gen_sbpmg_pipeline_less_than_two:sm0:0:sm1 ; work         ;
;                      |sld_sbpmg:\gen_sbpmg_pipeline_less_than_two:sm0:1:sm1|                            ; 1 (1)             ; 2 (2)        ; 0                 ; 0          ; 0    ; 0            ; |M_sequence|sld_signaltap:auto_signaltap_0|sld_signaltap_impl:sld_signaltap_body|sld_signaltap_implb:sld_signaltap_body|sld_ela_control:ela_control|sld_ela_basic_multi_level_trigger:\basic_multi_level_mbpm_trigger_gen:multi_level_mbpm|sld_mbpmg:\trigger_modules_gen:0:trigger_match|sld_sbpmg:\gen_sbpmg_pipeline_less_than_two:sm0:1:sm1 ; work         ;
;                |sld_ela_trigger_flow_mgr:\builtin:ela_trigger_flow_mgr_entity|                          ; 1 (1)             ; 11 (1)       ; 0                 ; 0          ; 0    ; 0            ; |M_sequence|sld_signaltap:auto_signaltap_0|sld_signaltap_impl:sld_signaltap_body|sld_signaltap_implb:sld_signaltap_body|sld_ela_control:ela_control|sld_ela_trigger_flow_mgr:\builtin:ela_trigger_flow_mgr_entity                                                                                                                               ; work         ;
;                   |lpm_shiftreg:trigger_config_deserialize|                                             ; 0 (0)             ; 10 (10)      ; 0                 ; 0          ; 0    ; 0            ; |M_sequence|sld_signaltap:auto_signaltap_0|sld_signaltap_impl:sld_signaltap_body|sld_signaltap_implb:sld_signaltap_body|sld_ela_control:ela_control|sld_ela_trigger_flow_mgr:\builtin:ela_trigger_flow_mgr_entity|lpm_shiftreg:trigger_config_deserialize                                                                                       ; work         ;
;             |sld_offload_buffer_mgr:\stp_non_zero_depth_offload_gen:stp_offload_buff_mgr_inst|          ; 33 (9)            ; 67 (2)       ; 0                 ; 0          ; 0    ; 0            ; |M_sequence|sld_signaltap:auto_signaltap_0|sld_signaltap_impl:sld_signaltap_body|sld_signaltap_implb:sld_signaltap_body|sld_offload_buffer_mgr:\stp_non_zero_depth_offload_gen:stp_offload_buff_mgr_inst                                                                                                                                        ; work         ;
;                |lpm_counter:read_pointer_counter|                                                       ; 11 (0)            ; 11 (0)       ; 0                 ; 0          ; 0    ; 0            ; |M_sequence|sld_signaltap:auto_signaltap_0|sld_signaltap_impl:sld_signaltap_body|sld_signaltap_implb:sld_signaltap_body|sld_offload_buffer_mgr:\stp_non_zero_depth_offload_gen:stp_offload_buff_mgr_inst|lpm_counter:read_pointer_counter                                                                                                       ; work         ;
;                   |cntr_22j:auto_generated|                                                             ; 11 (11)           ; 11 (11)      ; 0                 ; 0          ; 0    ; 0            ; |M_sequence|sld_signaltap:auto_signaltap_0|sld_signaltap_impl:sld_signaltap_body|sld_signaltap_implb:sld_signaltap_body|sld_offload_buffer_mgr:\stp_non_zero_depth_offload_gen:stp_offload_buff_mgr_inst|lpm_counter:read_pointer_counter|cntr_22j:auto_generated                                                                               ; work         ;
;                |lpm_counter:status_advance_pointer_counter|                                             ; 7 (0)             ; 5 (0)        ; 0                 ; 0          ; 0    ; 0            ; |M_sequence|sld_signaltap:auto_signaltap_0|sld_signaltap_impl:sld_signaltap_body|sld_signaltap_implb:sld_signaltap_body|sld_offload_buffer_mgr:\stp_non_zero_depth_offload_gen:stp_offload_buff_mgr_inst|lpm_counter:status_advance_pointer_counter                                                                                             ; work         ;
;                   |cntr_09i:auto_generated|                                                             ; 7 (7)             ; 5 (5)        ; 0                 ; 0          ; 0    ; 0            ; |M_sequence|sld_signaltap:auto_signaltap_0|sld_signaltap_impl:sld_signaltap_body|sld_signaltap_implb:sld_signaltap_body|sld_offload_buffer_mgr:\stp_non_zero_depth_offload_gen:stp_offload_buff_mgr_inst|lpm_counter:status_advance_pointer_counter|cntr_09i:auto_generated                                                                     ; work         ;
;                |lpm_counter:status_read_pointer_counter|                                                ; 3 (0)             ; 1 (0)        ; 0                 ; 0          ; 0    ; 0            ; |M_sequence|sld_signaltap:auto_signaltap_0|sld_signaltap_impl:sld_signaltap_body|sld_signaltap_implb:sld_signaltap_body|sld_offload_buffer_mgr:\stp_non_zero_depth_offload_gen:stp_offload_buff_mgr_inst|lpm_counter:status_read_pointer_counter                                                                                                ; work         ;
;                   |cntr_kri:auto_generated|                                                             ; 3 (3)             ; 1 (1)        ; 0                 ; 0          ; 0    ; 0            ; |M_sequence|sld_signaltap:auto_signaltap_0|sld_signaltap_impl:sld_signaltap_body|sld_signaltap_implb:sld_signaltap_body|sld_offload_buffer_mgr:\stp_non_zero_depth_offload_gen:stp_offload_buff_mgr_inst|lpm_counter:status_read_pointer_counter|cntr_kri:auto_generated                                                                        ; work         ;
;                |lpm_shiftreg:info_data_shift_out|                                                       ; 0 (0)             ; 23 (23)      ; 0                 ; 0          ; 0    ; 0            ; |M_sequence|sld_signaltap:auto_signaltap_0|sld_signaltap_impl:sld_signaltap_body|sld_signaltap_implb:sld_signaltap_body|sld_offload_buffer_mgr:\stp_non_zero_depth_offload_gen:stp_offload_buff_mgr_inst|lpm_shiftreg:info_data_shift_out                                                                                                       ; work         ;
;                |lpm_shiftreg:ram_data_shift_out|                                                        ; 2 (2)             ; 2 (2)        ; 0                 ; 0          ; 0    ; 0            ; |M_sequence|sld_signaltap:auto_signaltap_0|sld_signaltap_impl:sld_signaltap_body|sld_signaltap_implb:sld_signaltap_body|sld_offload_buffer_mgr:\stp_non_zero_depth_offload_gen:stp_offload_buff_mgr_inst|lpm_shiftreg:ram_data_shift_out                                                                                                        ; work         ;
;                |lpm_shiftreg:status_data_shift_out|                                                     ; 1 (1)             ; 23 (23)      ; 0                 ; 0          ; 0    ; 0            ; |M_sequence|sld_signaltap:auto_signaltap_0|sld_signaltap_impl:sld_signaltap_body|sld_signaltap_implb:sld_signaltap_body|sld_offload_buffer_mgr:\stp_non_zero_depth_offload_gen:stp_offload_buff_mgr_inst|lpm_shiftreg:status_data_shift_out                                                                                                     ; work         ;
;             |sld_rom_sr:crc_rom_sr|                                                                     ; 14 (14)           ; 8 (8)        ; 0                 ; 0          ; 0    ; 0            ; |M_sequence|sld_signaltap:auto_signaltap_0|sld_signaltap_impl:sld_signaltap_body|sld_signaltap_implb:sld_signaltap_body|sld_rom_sr:crc_rom_sr                                                                                                                                                                                                   ; work         ;
+---------------------------------------------------------------------------------------------------------+-------------------+--------------+-------------------+------------+------+--------------+-------------------------------------------------------------------------------------------------------------------------------------------------------------------------------------------------------------------------------------------------------------------------------------------------------------------------------------------------+--------------+
Note: For table entries with two numbers listed, the numbers in parentheses indicate the number of resources of the given type used by the specific entity alone. The numbers listed outside of parentheses indicate the total resources of the given type used by the specific entity and all of its sub-entities in the hierarchy.


+-----------------------------------------------------------------------------------------------------------------------------------------------------------------------------------------------------------------------------------------------------------------------------------------------------------+
; Analysis & Synthesis RAM Summary                                                                                                                                                                                                                                                                          ;
+-------------------------------------------------------------------------------------------------------------------------------------------------------------------------------------------------------+------+------------------+--------------+--------------+--------------+--------------+------+------+
; Name                                                                                                                                                                                                  ; Type ; Mode             ; Port A Depth ; Port A Width ; Port B Depth ; Port B Width ; Size ; MIF  ;
+-------------------------------------------------------------------------------------------------------------------------------------------------------------------------------------------------------+------+------------------+--------------+--------------+--------------+--------------+------+------+
; sld_signaltap:auto_signaltap_0|sld_signaltap_impl:sld_signaltap_body|sld_signaltap_implb:sld_signaltap_body|altsyncram:\stp_non_zero_ram_gen:stp_buffer_ram|altsyncram_a484:auto_generated|ALTSYNCRAM ; AUTO ; Simple Dual Port ; 2048         ; 2            ; 2048         ; 2            ; 4096 ; None ;
+-------------------------------------------------------------------------------------------------------------------------------------------------------------------------------------------------------+------+------------------+--------------+--------------+--------------+--------------+------+------+


+------------------------------------------------------+
; General Register Statistics                          ;
+----------------------------------------------+-------+
; Statistic                                    ; Value ;
+----------------------------------------------+-------+
; Total registers                              ; 470   ;
; Number of registers using Synchronous Clear  ; 115   ;
; Number of registers using Synchronous Load   ; 130   ;
; Number of registers using Asynchronous Clear ; 193   ;
; Number of registers using Asynchronous Load  ; 0     ;
; Number of registers using Clock Enable       ; 325   ;
; Number of registers using Preset             ; 0     ;
+----------------------------------------------+-------+


+------------------------------------------------------------------------------------------------------------------------------------------------------------------------------------------+
; Inverted Register Statistics                                                                                                                                                             ;
+--------------------------------------------------------------------------------------------------------------------------------------------------------------------------------+---------+
; Inverted Register                                                                                                                                                              ; Fan out ;
+--------------------------------------------------------------------------------------------------------------------------------------------------------------------------------+---------+
; A[8]                                                                                                                                                                           ; 2       ;
; sld_hub:auto_hub|sld_jtag_hub:\jtag_hub_gen:sld_jtag_hub_inst|tdo                                                                                                              ; 1       ;
; sld_hub:auto_hub|sld_jtag_hub:\jtag_hub_gen:sld_jtag_hub_inst|jtag_ir_reg[1]                                                                                                   ; 3       ;
; sld_hub:auto_hub|sld_jtag_hub:\jtag_hub_gen:sld_jtag_hub_inst|jtag_ir_reg[2]                                                                                                   ; 3       ;
; sld_signaltap:auto_signaltap_0|sld_signaltap_impl:sld_signaltap_body|sld_signaltap_implb:sld_signaltap_body|trigger_out_mode_ff                                                ; 2       ;
; sld_signaltap:auto_signaltap_0|sld_signaltap_impl:sld_signaltap_body|sld_signaltap_implb:sld_signaltap_body|sld_buffer_manager:sld_buffer_manager_inst|modified_post_count[9]  ; 1       ;
; sld_signaltap:auto_signaltap_0|sld_signaltap_impl:sld_signaltap_body|sld_signaltap_implb:sld_signaltap_body|sld_buffer_manager:sld_buffer_manager_inst|modified_post_count[10] ; 1       ;
; sld_signaltap:auto_signaltap_0|sld_signaltap_impl:sld_signaltap_body|sld_signaltap_implb:sld_signaltap_body|sld_buffer_manager:sld_buffer_manager_inst|modified_post_count[11] ; 1       ;
; sld_signaltap:auto_signaltap_0|sld_signaltap_impl:sld_signaltap_body|sld_signaltap_implb:sld_signaltap_body|sld_buffer_manager:sld_buffer_manager_inst|modified_post_count[6]  ; 1       ;
; sld_signaltap:auto_signaltap_0|sld_signaltap_impl:sld_signaltap_body|sld_signaltap_implb:sld_signaltap_body|sld_buffer_manager:sld_buffer_manager_inst|modified_post_count[7]  ; 1       ;
; sld_signaltap:auto_signaltap_0|sld_signaltap_impl:sld_signaltap_body|sld_signaltap_implb:sld_signaltap_body|sld_buffer_manager:sld_buffer_manager_inst|modified_post_count[8]  ; 1       ;
; sld_signaltap:auto_signaltap_0|sld_signaltap_impl:sld_signaltap_body|sld_signaltap_implb:sld_signaltap_body|sld_buffer_manager:sld_buffer_manager_inst|modified_post_count[0]  ; 1       ;
; sld_signaltap:auto_signaltap_0|sld_signaltap_impl:sld_signaltap_body|sld_signaltap_implb:sld_signaltap_body|sld_buffer_manager:sld_buffer_manager_inst|modified_post_count[1]  ; 1       ;
; sld_signaltap:auto_signaltap_0|sld_signaltap_impl:sld_signaltap_body|sld_signaltap_implb:sld_signaltap_body|sld_buffer_manager:sld_buffer_manager_inst|modified_post_count[2]  ; 1       ;
; sld_signaltap:auto_signaltap_0|sld_signaltap_impl:sld_signaltap_body|sld_signaltap_implb:sld_signaltap_body|sld_buffer_manager:sld_buffer_manager_inst|modified_post_count[3]  ; 1       ;
; sld_signaltap:auto_signaltap_0|sld_signaltap_impl:sld_signaltap_body|sld_signaltap_implb:sld_signaltap_body|sld_buffer_manager:sld_buffer_manager_inst|modified_post_count[4]  ; 1       ;
; sld_signaltap:auto_signaltap_0|sld_signaltap_impl:sld_signaltap_body|sld_signaltap_implb:sld_signaltap_body|sld_buffer_manager:sld_buffer_manager_inst|modified_post_count[5]  ; 1       ;
; Total number of inverted registers = 17                                                                                                                                        ;         ;
+--------------------------------------------------------------------------------------------------------------------------------------------------------------------------------+---------+


+----------------------------------------------------------------------------------------------------+
; Parameter Settings for Inferred Entity Instance: sld_signaltap:auto_signaltap_0                    ;
+-------------------------------------------------+---------------------------------+----------------+
; Parameter Name                                  ; Value                           ; Type           ;
+-------------------------------------------------+---------------------------------+----------------+
; lpm_type                                        ; sld_signaltap                   ; String         ;
; sld_node_info                                   ; 805334528                       ; Untyped        ;
; SLD_IP_VERSION                                  ; 6                               ; Signed Integer ;
; SLD_IP_MINOR_VERSION                            ; 0                               ; Signed Integer ;
; SLD_COMMON_IP_VERSION                           ; 0                               ; Signed Integer ;
; sld_data_bits                                   ; 2                               ; Untyped        ;
; sld_trigger_bits                                ; 2                               ; Untyped        ;
; SLD_NODE_CRC_BITS                               ; 32                              ; Signed Integer ;
; sld_node_crc_hiword                             ; 39800                           ; Untyped        ;
; sld_node_crc_loword                             ; 8848                            ; Untyped        ;
; SLD_INCREMENTAL_ROUTING                         ; 0                               ; Signed Integer ;
; sld_sample_depth                                ; 2048                            ; Untyped        ;
; sld_segment_size                                ; 2048                            ; Untyped        ;
; sld_ram_block_type                              ; AUTO                            ; Untyped        ;
; sld_state_bits                                  ; 11                              ; Untyped        ;
; sld_buffer_full_stop                            ; 1                               ; Untyped        ;
; SLD_MEM_ADDRESS_BITS                            ; 7                               ; Signed Integer ;
; SLD_DATA_BIT_CNTR_BITS                          ; 4                               ; Signed Integer ;
; sld_trigger_level                               ; 1                               ; Untyped        ;
; sld_trigger_in_enabled                          ; 0                               ; Untyped        ;
; SLD_HPS_TRIGGER_IN_ENABLED                      ; 0                               ; Signed Integer ;
; SLD_HPS_TRIGGER_OUT_ENABLED                     ; 0                               ; Signed Integer ;
; SLD_HPS_EVENT_ENABLED                           ; 0                               ; Signed Integer ;
; SLD_HPS_EVENT_ID                                ; 0                               ; Signed Integer ;
; sld_advanced_trigger_entity                     ; basic,1,                        ; Untyped        ;
; sld_trigger_level_pipeline                      ; 1                               ; Untyped        ;
; sld_enable_advanced_trigger                     ; 0                               ; Untyped        ;
; SLD_ADVANCED_TRIGGER_1                          ; NONE                            ; String         ;
; SLD_ADVANCED_TRIGGER_2                          ; NONE                            ; String         ;
; SLD_ADVANCED_TRIGGER_3                          ; NONE                            ; String         ;
; SLD_ADVANCED_TRIGGER_4                          ; NONE                            ; String         ;
; SLD_ADVANCED_TRIGGER_5                          ; NONE                            ; String         ;
; SLD_ADVANCED_TRIGGER_6                          ; NONE                            ; String         ;
; SLD_ADVANCED_TRIGGER_7                          ; NONE                            ; String         ;
; SLD_ADVANCED_TRIGGER_8                          ; NONE                            ; String         ;
; SLD_ADVANCED_TRIGGER_9                          ; NONE                            ; String         ;
; SLD_ADVANCED_TRIGGER_10                         ; NONE                            ; String         ;
; sld_inversion_mask_length                       ; 31                              ; Untyped        ;
; sld_inversion_mask                              ; 0000000000000000000000000000000 ; Untyped        ;
; sld_power_up_trigger                            ; 0                               ; Untyped        ;
; SLD_STATE_FLOW_MGR_ENTITY                       ; state_flow_mgr_entity.vhd       ; String         ;
; sld_state_flow_use_generated                    ; 0                               ; Untyped        ;
; sld_current_resource_width                      ; 1                               ; Untyped        ;
; sld_attribute_mem_mode                          ; OFF                             ; Untyped        ;
; SLD_STORAGE_QUALIFIER_BITS                      ; 1                               ; Signed Integer ;
; SLD_STORAGE_QUALIFIER_GAP_RECORD                ; 0                               ; Signed Integer ;
; SLD_STORAGE_QUALIFIER_MODE                      ; OFF                             ; String         ;
; SLD_STORAGE_QUALIFIER_ENABLE_ADVANCED_CONDITION ; 0                               ; Signed Integer ;
; sld_storage_qualifier_inversion_mask_length     ; 0                               ; Untyped        ;
; SLD_STORAGE_QUALIFIER_ADVANCED_CONDITION_ENTITY ; basic                           ; String         ;
; SLD_STORAGE_QUALIFIER_PIPELINE                  ; 0                               ; Signed Integer ;
+-------------------------------------------------+---------------------------------+----------------+
Note: In order to hide this table in the UI and the text report file, please set the "Show Parameter Settings in Synthesis Report" option in "Analysis and Synthesis Settings -> More Settings" to "Off".


+-------------------------------------------------------------------------------------------------------------------------------------------------------------------------------------------------------------------------------------------------------------------------+
; SignalTap II Logic Analyzer Settings                                                                                                                                                                                                                                    ;
+----------------+------------------+---------------------+------------------+--------------+----------+------------------------+----------------------+--------------------+-----------------------------+-----------------+------------------+--------------------------+
; Instance Index ; Instance Name    ; Trigger Input Width ; Data Input Width ; Sample Depth ; Segments ; Storage Qualifier Type ; Trigger Flow Control ; Trigger Conditions ; Advanced Trigger Conditions ; Trigger In Used ; Trigger Out Used ; Power-Up Trigger Enabled ;
+----------------+------------------+---------------------+------------------+--------------+----------+------------------------+----------------------+--------------------+-----------------------------+-----------------+------------------+--------------------------+
; 0              ; auto_signaltap_0 ; 2                   ; 2                ; 2048         ; 1        ; continuous             ; sequential           ; 1                  ; 0                           ; no              ; no               ; no                       ;
+----------------+------------------+---------------------+------------------+--------------+----------+------------------------+----------------------+--------------------+-----------------------------+-----------------+------------------+--------------------------+


+-------------------------------+
; Elapsed Time Per Partition    ;
+----------------+--------------+
; Partition Name ; Elapsed Time ;
+----------------+--------------+
; Top            ; 00:00:00     ;
+----------------+--------------+


+-------------------------------------------------------------------------------------------------------------+
; Connections to In-System Debugging Instance "auto_signaltap_0"                                              ;
+--------------+---------------+-----------+----------------+-------------------+-------------------+---------+
; Name         ; Type          ; Status    ; Partition Name ; Netlist Type Used ; Actual Connection ; Details ;
+--------------+---------------+-----------+----------------+-------------------+-------------------+---------+
; M_out        ; pre-synthesis ; connected ; Top            ; post-synthesis    ; m_out             ; N/A     ;
; M_out        ; pre-synthesis ; connected ; Top            ; post-synthesis    ; m_out             ; N/A     ;
; bit_sync_clk ; pre-synthesis ; connected ; Top            ; post-synthesis    ; bit_sync_clk      ; N/A     ;
; bit_sync_clk ; pre-synthesis ; connected ; Top            ; post-synthesis    ; bit_sync_clk      ; N/A     ;
; clk          ; pre-synthesis ; connected ; Top            ; post-synthesis    ; clk               ; N/A     ;
+--------------+---------------+-----------+----------------+-------------------+-------------------+---------+


+-------------------------------+
; Analysis & Synthesis Messages ;
+-------------------------------+
Info: *******************************************************************
Info: Running Quartus II 64-Bit Analysis & Synthesis
    Info: Version 13.1.0 Build 162 10/23/2013 SJ Full Version
    Info: Processing started: Fri May 26 10:18:50 2017
Info: Command: quartus_map --read_settings_files=on --write_settings_files=off M_sequence -c M_sequence
Info (11104): Parallel Compilation has detected 4 hyper-threaded processors. However, the extra hyper-threaded processors will not be used by default. Parallel Compilation will use 2 of the 2 physical processors detected instead.
Info (12021): Found 1 design units, including 1 entities, in source file m_sequence.v
    Info (12023): Found entity 1: M_sequence
Info (12021): Found 1 design units, including 1 entities, in source file m_sequence_tb.v
    Info (12023): Found entity 1: M_sequence_tb
Info (12127): Elaborating entity "M_sequence" for the top level hierarchy
Info (12021): Found 1 design units, including 1 entities, in source file db/altsyncram_a484.tdf
    Info (12023): Found entity 1: altsyncram_a484
Info (12021): Found 1 design units, including 1 entities, in source file db/mux_dlc.tdf
    Info (12023): Found entity 1: mux_dlc
Info (12021): Found 1 design units, including 1 entities, in source file db/decode_vnf.tdf
    Info (12023): Found entity 1: decode_vnf
Info (12021): Found 1 design units, including 1 entities, in source file db/cntr_22j.tdf
    Info (12023): Found entity 1: cntr_22j
Info (12021): Found 1 design units, including 1 entities, in source file db/cntr_09i.tdf
    Info (12023): Found entity 1: cntr_09i
Info (12021): Found 1 design units, including 1 entities, in source file db/cmpr_d9c.tdf
    Info (12023): Found entity 1: cmpr_d9c
Info (12021): Found 1 design units, including 1 entities, in source file db/cntr_kri.tdf
    Info (12023): Found entity 1: cntr_kri
Info (12021): Found 1 design units, including 1 entities, in source file db/cmpr_99c.tdf
    Info (12023): Found entity 1: cmpr_99c
Info (12033): Analysis and Synthesis generated SignalTap II or debug node instance "auto_signaltap_0"
Info (286031): Timing-Driven Synthesis is running on partition "Top"
Info (144001): Generated suppressed messages file H:/FPGA/Project1_2016/M_sequence_born/output_files/M_sequence.map.smsg
Info (35024): Succesfully connected in-system debug instance "auto_signaltap_0" to all 5 required data inputs, trigger inputs, acquisition clocks, and dynamic pins
Info (16010): Generating hard_block partition "hard_block:auto_generated_inst"
    Info (16011): Adding 9 node(s), including 0 DDIO, 0 PLL, 0 transceiver and 0 LCELL
Info (21057): Implemented 626 device resources after synthesis - the final resource count might be different
    Info (21058): Implemented 6 input pins
    Info (21059): Implemented 2 output pins
    Info (21061): Implemented 615 logic cells
    Info (21064): Implemented 2 RAM segments
Info: Quartus II 64-Bit Analysis & Synthesis was successful. 0 errors, 0 warnings
    Info: Peak virtual memory: 594 megabytes
    Info: Processing ended: Fri May 26 10:18:56 2017
    Info: Elapsed time: 00:00:06
    Info: Total CPU time (on all processors): 00:00:05


+------------------------------------------+
; Analysis & Synthesis Suppressed Messages ;
+------------------------------------------+
The suppressed messages can be found in H:/FPGA/Project1_2016/M_sequence_born/output_files/M_sequence.map.smsg.


