Flow report for pro_2003
Wed Aug 02 20:26:28 2017
Quartus II 64-Bit Version 13.1.0 Build 162 10/23/2013 SJ Full Version


---------------------
; Table of Contents ;
---------------------
  1. Legal Notice
  2. Flow Summary
  3. Flow Settings
  4. Flow Non-Default Global Settings
  5. Flow Elapsed Time
  6. Flow OS Summary
  7. Flow Log
  8. Flow Messages
  9. Flow Suppressed Messages



----------------
; Legal Notice ;
----------------
Copyright (C) 1991-2013 Altera Corporation
Your use of Altera Corporation's design tools, logic functions 
and other software and tools, and its AMPP partner logic 
functions, and any output files from any of the foregoing 
(including device programming or simulation files), and any 
associated documentation or information are expressly subject 
to the terms and conditions of the Altera Program License 
Subscription Agreement, Altera MegaCore Function License 
Agreement, or other applicable license agreement, including, 
without limitation, that your use is for the sole purpose of 
programming logic devices manufactured by Altera and sold by 
Altera or its authorized distributors.  Please refer to the 
applicable agreement for further details.



+-------------------------------------------------------------------------------+
; Flow Summary                                                                  ;
+---------------------------------+---------------------------------------------+
; Flow Status                     ; Successful - Wed Aug 02 20:26:28 2017       ;
; Quartus II 64-Bit Version       ; 13.1.0 Build 162 10/23/2013 SJ Full Version ;
; Revision Name                   ; pro_2003                                    ;
; Top-level Entity Name           ; pro_2003                                    ;
; Family                          ; Cyclone V                                   ;
; Device                          ; 5CSEMA5F31C6                                ;
; Timing Models                   ; Preliminary                                 ;
; Logic utilization (in ALMs)     ; N/A until Partition Merge                   ;
; Total registers                 ; N/A until Partition Merge                   ;
; Total pins                      ; N/A until Partition Merge                   ;
; Total virtual pins              ; N/A until Partition Merge                   ;
; Total block memory bits         ; N/A until Partition Merge                   ;
; Total DSP Blocks                ; N/A until Partition Merge                   ;
; Total HSSI RX PCSs              ; N/A until Partition Merge                   ;
; Total HSSI PMA RX Deserializers ; N/A until Partition Merge                   ;
; Total HSSI TX PCSs              ; N/A until Partition Merge                   ;
; Total HSSI TX Channels          ; N/A until Partition Merge                   ;
; Total PLLs                      ; N/A until Partition Merge                   ;
; Total DLLs                      ; N/A until Partition Merge                   ;
+---------------------------------+---------------------------------------------+


+-----------------------------------------+
; Flow Settings                           ;
+-------------------+---------------------+
; Option            ; Setting             ;
+-------------------+---------------------+
; Start date & time ; 07/28/2017 15:33:02 ;
; Main task         ; Compilation         ;
; Revision Name     ; pro_2003            ;
+-------------------+---------------------+


+--------------------------------------------------------------------------------------------------------------------------------------------------------------------------------------------------------------------------------------------------------------------------------------------------------------------------------------------------------------------------------------------------------------------------------------------------------------------------------------------------+
; Flow Non-Default Global Settings                                                                                                                                                                                                                                                                                                                                                                                                                                                                 ;
+--------------------------------------+----------------------------------------------------------------------------------------------------------------------------------------------------------------------------------------------------------------------------------------------------------------------------------------------------------------------------------------------------------------------------------------------------------+---------------+-------------+------------------+
; Assignment Name                      ; Value                                                                                                                                                                                                                                                                                                                                                                                                    ; Default Value ; Entity Name ; Section Id       ;
+--------------------------------------+----------------------------------------------------------------------------------------------------------------------------------------------------------------------------------------------------------------------------------------------------------------------------------------------------------------------------------------------------------------------------------------------------------+---------------+-------------+------------------+
; COMPILER_SIGNATURE_ID                ; 128534987098789.150122718207544                                                                                                                                                                                                                                                                                                                                                                          ; --            ; --          ; --               ;
; EDA_DESIGN_INSTANCE_NAME             ; NA                                                                                                                                                                                                                                                                                                                                                                                                       ; --            ; --          ; tb_2003          ;
; EDA_NATIVELINK_SIMULATION_TEST_BENCH ; tb_2003                                                                                                                                                                                                                                                                                                                                                                                                  ; --            ; --          ; eda_simulation   ;
; EDA_OUTPUT_DATA_FORMAT               ; Verilog Hdl                                                                                                                                                                                                                                                                                                                                                                                              ; --            ; --          ; eda_simulation   ;
; EDA_SIMULATION_TOOL                  ; ModelSim-Altera (Verilog)                                                                                                                                                                                                                                                                                                                                                                                ; <None>        ; --          ; --               ;
; EDA_TEST_BENCH_ENABLE_STATUS         ; TEST_BENCH_MODE                                                                                                                                                                                                                                                                                                                                                                                          ; --            ; --          ; eda_simulation   ;
; EDA_TEST_BENCH_FILE                  ; tb_2003.v                                                                                                                                                                                                                                                                                                                                                                                                ; --            ; --          ; tb_2003          ;
; EDA_TEST_BENCH_MODULE_NAME           ; tb_2003                                                                                                                                                                                                                                                                                                                                                                                                  ; --            ; --          ; tb_2003          ;
; EDA_TEST_BENCH_NAME                  ; tb_2003                                                                                                                                                                                                                                                                                                                                                                                                  ; --            ; --          ; eda_simulation   ;
; EDA_TIME_SCALE                       ; 1 ps                                                                                                                                                                                                                                                                                                                                                                                                     ; --            ; --          ; eda_simulation   ;
; ENABLE_SIGNALTAP                     ; On                                                                                                                                                                                                                                                                                                                                                                                                       ; --            ; --          ; --               ;
; IP_TOOL_NAME                         ; RAM: 2-PORT                                                                                                                                                                                                                                                                                                                                                                                              ; --            ; --          ; --               ;
; IP_TOOL_NAME                         ; RAM: 2-PORT                                                                                                                                                                                                                                                                                                                                                                                              ; --            ; --          ; --               ;
; IP_TOOL_VERSION                      ; 13.1                                                                                                                                                                                                                                                                                                                                                                                                     ; --            ; --          ; --               ;
; IP_TOOL_VERSION                      ; 13.1                                                                                                                                                                                                                                                                                                                                                                                                     ; --            ; --          ; --               ;
; MAX_CORE_JUNCTION_TEMP               ; 85                                                                                                                                                                                                                                                                                                                                                                                                       ; --            ; --          ; --               ;
; MIN_CORE_JUNCTION_TEMP               ; 0                                                                                                                                                                                                                                                                                                                                                                                                        ; --            ; --          ; --               ;
; MISC_FILE                            ; ram_logic_bb.v                                                                                                                                                                                                                                                                                                                                                                                           ; --            ; --          ; --               ;
; MISC_FILE                            ; ram_256x64_inst.v                                                                                                                                                                                                                                                                                                                                                                                        ; --            ; --          ; --               ;
; MISC_FILE                            ; ram_256x64_bb.v                                                                                                                                                                                                                                                                                                                                                                                          ; --            ; --          ; --               ;
; PARTITION_COLOR                      ; 16764057                                                                                                                                                                                                                                                                                                                                                                                                 ; --            ; --          ; Top              ;
; PARTITION_FITTER_PRESERVATION_LEVEL  ; PLACEMENT_AND_ROUTING                                                                                                                                                                                                                                                                                                                                                                                    ; --            ; --          ; Top              ;
; PARTITION_NETLIST_TYPE               ; SOURCE                                                                                                                                                                                                                                                                                                                                                                                                   ; --            ; --          ; Top              ;
; POWER_BOARD_THERMAL_MODEL            ; None (CONSERVATIVE)                                                                                                                                                                                                                                                                                                                                                                                      ; --            ; --          ; --               ;
; POWER_PRESET_COOLING_SOLUTION        ; 23 MM HEAT SINK WITH 200 LFPM AIRFLOW                                                                                                                                                                                                                                                                                                                                                                    ; --            ; --          ; --               ;
; PROJECT_OUTPUT_DIRECTORY             ; output_files                                                                                                                                                                                                                                                                                                                                                                                             ; --            ; --          ; --               ;
; SLD_FILE                             ; db/stp1_auto_stripped.stp                                                                                                                                                                                                                                                                                                                                                                                ; --            ; --          ; --               ;
; SLD_NODE_CREATOR_ID                  ; 110                                                                                                                                                                                                                                                                                                                                                                                                      ; --            ; --          ; auto_signaltap_0 ;
; SLD_NODE_ENTITY_NAME                 ; sld_signaltap                                                                                                                                                                                                                                                                                                                                                                                            ; --            ; --          ; auto_signaltap_0 ;
; SLD_NODE_PARAMETER_ASSIGNMENT        ; SLD_RAM_BLOCK_TYPE=AUTO                                                                                                                                                                                                                                                                                                                                                                                  ; --            ; --          ; auto_signaltap_0 ;
; SLD_NODE_PARAMETER_ASSIGNMENT        ; SLD_NODE_INFO=805334528                                                                                                                                                                                                                                                                                                                                                                                  ; --            ; --          ; auto_signaltap_0 ;
; SLD_NODE_PARAMETER_ASSIGNMENT        ; SLD_POWER_UP_TRIGGER=0                                                                                                                                                                                                                                                                                                                                                                                   ; --            ; --          ; auto_signaltap_0 ;
; SLD_NODE_PARAMETER_ASSIGNMENT        ; SLD_STORAGE_QUALIFIER_INVERSION_MASK_LENGTH=0                                                                                                                                                                                                                                                                                                                                                            ; --            ; --          ; auto_signaltap_0 ;
; SLD_NODE_PARAMETER_ASSIGNMENT        ; SLD_ATTRIBUTE_MEM_MODE=OFF                                                                                                                                                                                                                                                                                                                                                                               ; --            ; --          ; auto_signaltap_0 ;
; SLD_NODE_PARAMETER_ASSIGNMENT        ; SLD_STATE_FLOW_USE_GENERATED=0                                                                                                                                                                                                                                                                                                                                                                           ; --            ; --          ; auto_signaltap_0 ;
; SLD_NODE_PARAMETER_ASSIGNMENT        ; SLD_STATE_BITS=11                                                                                                                                                                                                                                                                                                                                                                                        ; --            ; --          ; auto_signaltap_0 ;
; SLD_NODE_PARAMETER_ASSIGNMENT        ; SLD_BUFFER_FULL_STOP=1                                                                                                                                                                                                                                                                                                                                                                                   ; --            ; --          ; auto_signaltap_0 ;
; SLD_NODE_PARAMETER_ASSIGNMENT        ; SLD_CURRENT_RESOURCE_WIDTH=1                                                                                                                                                                                                                                                                                                                                                                             ; --            ; --          ; auto_signaltap_0 ;
; SLD_NODE_PARAMETER_ASSIGNMENT        ; SLD_TRIGGER_LEVEL=1                                                                                                                                                                                                                                                                                                                                                                                      ; --            ; --          ; auto_signaltap_0 ;
; SLD_NODE_PARAMETER_ASSIGNMENT        ; SLD_TRIGGER_IN_ENABLED=0                                                                                                                                                                                                                                                                                                                                                                                 ; --            ; --          ; auto_signaltap_0 ;
; SLD_NODE_PARAMETER_ASSIGNMENT        ; SLD_ADVANCED_TRIGGER_ENTITY=basic,1,                                                                                                                                                                                                                                                                                                                                                                     ; --            ; --          ; auto_signaltap_0 ;
; SLD_NODE_PARAMETER_ASSIGNMENT        ; SLD_TRIGGER_LEVEL_PIPELINE=1                                                                                                                                                                                                                                                                                                                                                                             ; --            ; --          ; auto_signaltap_0 ;
; SLD_NODE_PARAMETER_ASSIGNMENT        ; SLD_ENABLE_ADVANCED_TRIGGER=0                                                                                                                                                                                                                                                                                                                                                                            ; --            ; --          ; auto_signaltap_0 ;
; SLD_NODE_PARAMETER_ASSIGNMENT        ; SLD_DATA_BITS=116                                                                                                                                                                                                                                                                                                                                                                                        ; --            ; --          ; auto_signaltap_0 ;
; SLD_NODE_PARAMETER_ASSIGNMENT        ; SLD_TRIGGER_BITS=116                                                                                                                                                                                                                                                                                                                                                                                     ; --            ; --          ; auto_signaltap_0 ;
; SLD_NODE_PARAMETER_ASSIGNMENT        ; SLD_NODE_CRC_LOWORD=4707                                                                                                                                                                                                                                                                                                                                                                                 ; --            ; --          ; auto_signaltap_0 ;
; SLD_NODE_PARAMETER_ASSIGNMENT        ; SLD_INVERSION_MASK=0000000000000000000000000000000000000000000000000000000000000000000000000000000000000000000000000000000000000000000000000000000000000000000000000000000000000000000000000000000000000000000000000000000000000000000000000000000000000000000000000000000000000000000000000000000000000000000000000000000000000000000000000000000000000000000000000000000000000000000000000000000000000 ; --            ; --          ; auto_signaltap_0 ;
; SLD_NODE_PARAMETER_ASSIGNMENT        ; SLD_INVERSION_MASK_LENGTH=373                                                                                                                                                                                                                                                                                                                                                                            ; --            ; --          ; auto_signaltap_0 ;
; SLD_NODE_PARAMETER_ASSIGNMENT        ; SLD_SEGMENT_SIZE=2048                                                                                                                                                                                                                                                                                                                                                                                    ; --            ; --          ; auto_signaltap_0 ;
; SLD_NODE_PARAMETER_ASSIGNMENT        ; SLD_NODE_CRC_HIWORD=25937                                                                                                                                                                                                                                                                                                                                                                                ; --            ; --          ; auto_signaltap_0 ;
; SLD_NODE_PARAMETER_ASSIGNMENT        ; SLD_SAMPLE_DEPTH=2048                                                                                                                                                                                                                                                                                                                                                                                    ; --            ; --          ; auto_signaltap_0 ;
; USE_SIGNALTAP_FILE                   ; stp1.stp                                                                                                                                                                                                                                                                                                                                                                                                 ; --            ; --          ; --               ;
+--------------------------------------+----------------------------------------------------------------------------------------------------------------------------------------------------------------------------------------------------------------------------------------------------------------------------------------------------------------------------------------------------------------------------------------------------------+---------------+-------------+------------------+


+-------------------------------------------------------------------------------------------------------------------------------+
; Flow Elapsed Time                                                                                                             ;
+---------------------------+--------------+-------------------------+---------------------+------------------------------------+
; Module Name               ; Elapsed Time ; Average Processors Used ; Peak Virtual Memory ; Total CPU Time (on all processors) ;
+---------------------------+--------------+-------------------------+---------------------+------------------------------------+
; Analysis & Synthesis      ; 00:00:01     ; 1.0                     ; 556 MB              ; 00:00:01                           ;
; Analysis & Synthesis      ; 00:00:08     ; 1.0                     ; 670 MB              ; 00:00:08                           ;
; Analysis & Synthesis      ; 00:00:07     ; 1.0                     ; 672 MB              ; 00:00:07                           ;
; Analysis & Synthesis      ; 00:00:07     ; 1.0                     ; 668 MB              ; 00:00:07                           ;
; Partition Merge           ; 00:00:04     ; 1.0                     ; 726 MB              ; 00:00:04                           ;
; Fitter                    ; 00:00:05     ; 1.0                     ; 952 MB              ; 00:00:05                           ;
; Analysis & Synthesis      ; 00:00:07     ; 1.0                     ; 661 MB              ; 00:00:07                           ;
; Analysis & Synthesis      ; 00:00:07     ; 1.0                     ; 660 MB              ; 00:00:07                           ;
; Partition Merge           ; 00:00:04     ; 1.0                     ; 724 MB              ; 00:00:03                           ;
; Fitter                    ; 00:01:29     ; 1.3                     ; 2416 MB             ; 00:01:54                           ;
; Assembler                 ; 00:00:16     ; 1.0                     ; 686 MB              ; 00:00:16                           ;
; TimeQuest Timing Analyzer ; 00:00:21     ; 1.4                     ; 1167 MB             ; 00:00:28                           ;
; EDA Netlist Writer        ; 00:00:03     ; 1.0                     ; 605 MB              ; 00:00:03                           ;
; Analysis & Synthesis      ; 00:00:08     ; 1.0                     ; 664 MB              ; 00:00:08                           ;
; Analysis & Synthesis      ; 00:00:07     ; 1.0                     ; 657 MB              ; 00:00:07                           ;
; Partition Merge           ; 00:00:04     ; 1.0                     ; 735 MB              ; 00:00:03                           ;
; Fitter                    ; 00:01:26     ; 1.3                     ; 2479 MB             ; 00:01:49                           ;
; Assembler                 ; 00:00:16     ; 1.0                     ; 688 MB              ; 00:00:15                           ;
; TimeQuest Timing Analyzer ; 00:00:22     ; 1.4                     ; 1163 MB             ; 00:00:28                           ;
; EDA Netlist Writer        ; 00:00:03     ; 1.0                     ; 595 MB              ; 00:00:03                           ;
; Analysis & Synthesis      ; 00:00:08     ; 1.0                     ; 672 MB              ; 00:00:08                           ;
; Total                     ; 00:05:33     ; --                      ; --                  ; 00:06:31                           ;
+---------------------------+--------------+-------------------------+---------------------+------------------------------------+


+----------------------------------------------------------------------------------------+
; Flow OS Summary                                                                        ;
+---------------------------+------------------+-----------+------------+----------------+
; Module Name               ; Machine Hostname ; OS Name   ; OS Version ; Processor type ;
+---------------------------+------------------+-----------+------------+----------------+
; Analysis & Synthesis      ; DESKTOP-3HVUHQH  ; Windows 7 ; 6.2        ; x86_64         ;
; Analysis & Synthesis      ; DESKTOP-3HVUHQH  ; Windows 7 ; 6.2        ; x86_64         ;
; Analysis & Synthesis      ; DESKTOP-3HVUHQH  ; Windows 7 ; 6.2        ; x86_64         ;
; Analysis & Synthesis      ; DESKTOP-3HVUHQH  ; Windows 7 ; 6.2        ; x86_64         ;
; Partition Merge           ; DESKTOP-3HVUHQH  ; Windows 7 ; 6.2        ; x86_64         ;
; Fitter                    ; DESKTOP-3HVUHQH  ; Windows 7 ; 6.2        ; x86_64         ;
; Analysis & Synthesis      ; DESKTOP-3HVUHQH  ; Windows 7 ; 6.2        ; x86_64         ;
; Analysis & Synthesis      ; DESKTOP-3HVUHQH  ; Windows 7 ; 6.2        ; x86_64         ;
; Partition Merge           ; DESKTOP-3HVUHQH  ; Windows 7 ; 6.2        ; x86_64         ;
; Fitter                    ; DESKTOP-3HVUHQH  ; Windows 7 ; 6.2        ; x86_64         ;
; Assembler                 ; DESKTOP-3HVUHQH  ; Windows 7 ; 6.2        ; x86_64         ;
; TimeQuest Timing Analyzer ; DESKTOP-3HVUHQH  ; Windows 7 ; 6.2        ; x86_64         ;
; EDA Netlist Writer        ; DESKTOP-3HVUHQH  ; Windows 7 ; 6.2        ; x86_64         ;
; Analysis & Synthesis      ; DESKTOP-3HVUHQH  ; Windows 7 ; 6.2        ; x86_64         ;
; Analysis & Synthesis      ; DESKTOP-3HVUHQH  ; Windows 7 ; 6.2        ; x86_64         ;
; Partition Merge           ; DESKTOP-3HVUHQH  ; Windows 7 ; 6.2        ; x86_64         ;
; Fitter                    ; DESKTOP-3HVUHQH  ; Windows 7 ; 6.2        ; x86_64         ;
; Assembler                 ; DESKTOP-3HVUHQH  ; Windows 7 ; 6.2        ; x86_64         ;
; TimeQuest Timing Analyzer ; DESKTOP-3HVUHQH  ; Windows 7 ; 6.2        ; x86_64         ;
; EDA Netlist Writer        ; DESKTOP-3HVUHQH  ; Windows 7 ; 6.2        ; x86_64         ;
; Analysis & Synthesis      ; DESKTOP-3ERM82O  ; Windows 7 ; 6.2        ; x86_64         ;
+---------------------------+------------------+-----------+------------+----------------+


------------
; Flow Log ;
------------
quartus_map --read_settings_files=on --write_settings_files=off pro_2003 -c pro_2003
quartus_map --read_settings_files=on --write_settings_files=off pro_2003 -c pro_2003
quartus_map --read_settings_files=on --write_settings_files=off pro_2003 -c pro_2003
quartus_map --read_settings_files=on --write_settings_files=off pro_2003 -c pro_2003
quartus_cdb --read_settings_files=off --write_settings_files=off pro_2003 -c pro_2003 --merge=on
quartus_fit --read_settings_files=off --write_settings_files=off pro_2003 -c pro_2003
quartus_map --read_settings_files=on --write_settings_files=off pro_2003 -c pro_2003
quartus_map --read_settings_files=on --write_settings_files=off pro_2003 -c pro_2003
quartus_cdb --read_settings_files=off --write_settings_files=off pro_2003 -c pro_2003 --merge=on
quartus_fit --read_settings_files=off --write_settings_files=off pro_2003 -c pro_2003
quartus_asm --read_settings_files=off --write_settings_files=off pro_2003 -c pro_2003
quartus_sta pro_2003 -c pro_2003
quartus_eda --read_settings_files=off --write_settings_files=off pro_2003 -c pro_2003
quartus_map --read_settings_files=on --write_settings_files=off pro_2003 -c pro_2003
quartus_map --read_settings_files=on --write_settings_files=off pro_2003 -c pro_2003
quartus_cdb --read_settings_files=off --write_settings_files=off pro_2003 -c pro_2003 --merge=on
quartus_fit --read_settings_files=off --write_settings_files=off pro_2003 -c pro_2003
quartus_asm --read_settings_files=off --write_settings_files=off pro_2003 -c pro_2003
quartus_sta pro_2003 -c pro_2003
quartus_eda --read_settings_files=off --write_settings_files=off pro_2003 -c pro_2003
quartus_map --read_settings_files=on --write_settings_files=off pro_2003 -c pro_2003



