*PADS-PCB*
*PART*
C1     0805
C2     0805
C3     0805
C4     0805
C5     0805
C7     0805
C8     0805
C9     0805
C10    0805
C11    0805
C16    0805
C17    0805
C18    0805
C19    0805
C20    0805
C21    0805
C22    0805
C23    0805
C24    0805
C25    0805
C26    0805
C27    0805
C28    0805
C35    0805
C36    0805
C37    0805
D1     二极管SMB
D2     二极管SMB
D3     二极管SMB
LED1   0805
LED2   0805
LED3   0805
P1     Pin 2
P2     pin 4
P3     pin 4
P4     Pin 6X2
P5     Pin 6X2
R1     0805
R2     0805
R3     0805
R4     0805
R5     0805
R6     0805
R7     0805
R8     0805
R9     0805
R10    0805
R11    0805
R12    0805
R14    0805
R15    0805
R16    0805
R17    0805
R18    0805
R19    0805
R20    0805
R21    0805
R22    0805
R23    0805
R24    0805
R25    0805
R26    0805
R27    0805
RW1    电位器
SMA1   SMB_V-RJ45
SMA2   SMB_V-RJ45
U1     AMS1117
U2     LM78**
U3     SOP-8
U4     LPQF 80 9854
U5     7050晶振
U6     SOP-8
*END*
