Partition Merge report for hmc830
Fri Nov 13 15:44:12 2015
Quartus II 64-Bit Version 13.1.0 Build 162 10/23/2013 SJ Full Version


---------------------
; Table of Contents ;
---------------------
  1. Legal Notice
  2. Partition Merge Summary
  3. Partition Merge Netlist Types Used
  4. Connections to In-System Debugging Instance "auto_signaltap_0"
  5. Partition Merge Partition Statistics
  6. Partition Merge Partition Pin Processing
  7. Partition Merge Resource Usage Summary
  8. Partition Merge RAM Summary
  9. Partition Merge Messages



----------------
; Legal Notice ;
----------------
Copyright (C) 1991-2013 Altera Corporation
Your use of Altera Corporation's design tools, logic functions 
and other software and tools, and its AMPP partner logic 
functions, and any output files from any of the foregoing 
(including device programming or simulation files), and any 
associated documentation or information are expressly subject 
to the terms and conditions of the Altera Program License 
Subscription Agreement, Altera MegaCore Function License 
Agreement, or other applicable license agreement, including, 
without limitation, that your use is for the sole purpose of 
programming logic devices manufactured by Altera and sold by 
Altera or its authorized distributors.  Please refer to the 
applicable agreement for further details.



+-------------------------------------------------------------------------------+
; Partition Merge Summary                                                       ;
+---------------------------------+---------------------------------------------+
; Partition Merge Status          ; Successful - Fri Nov 13 15:44:12 2015       ;
; Quartus II 64-Bit Version       ; 13.1.0 Build 162 10/23/2013 SJ Full Version ;
; Revision Name                   ; hmc830                                      ;
; Top-level Entity Name           ; top                                         ;
; Family                          ; Cyclone V                                   ;
; Logic utilization (in ALMs)     ; N/A                                         ;
; Total registers                 ; 920                                         ;
; Total pins                      ; 38                                          ;
; Total virtual pins              ; 0                                           ;
; Total block memory bits         ; 200,704                                     ;
; Total DSP Blocks                ; 0                                           ;
; Total HSSI RX PCSs              ; 0                                           ;
; Total HSSI PMA RX Deserializers ; 0                                           ;
; Total HSSI TX PCSs              ; 0                                           ;
; Total HSSI TX Channels          ; 0                                           ;
; Total PLLs                      ; 0                                           ;
; Total DLLs                      ; 0                                           ;
+---------------------------------+---------------------------------------------+


+-------------------------------------------------------------------------------------------------------------------------------+
; Partition Merge Netlist Types Used                                                                                            ;
+--------------------------------+----------------+-------------------+------------------------+--------------------------------+
; Partition Name                 ; Partition Type ; Netlist Type Used ; Netlist Type Requested ; Partition Contents             ;
+--------------------------------+----------------+-------------------+------------------------+--------------------------------+
; Top                            ; User-created   ; Source File       ; Source File            ;                                ;
; sld_hub:auto_hub               ; Auto-generated ; Post-Synthesis    ; Post-Synthesis         ; sld_hub:auto_hub               ;
; sld_signaltap:auto_signaltap_0 ; Auto-generated ; Post-Synthesis    ; Post-Synthesis         ; sld_signaltap:auto_signaltap_0 ;
; hard_block:auto_generated_inst ; Auto-generated ; Source File       ; Source File            ; hard_block:auto_generated_inst ;
+--------------------------------+----------------+-------------------+------------------------+--------------------------------+


+----------------------------------------------------------------------------------------------------------------------+
; Connections to In-System Debugging Instance "auto_signaltap_0"                                                       ;
+---------------------+---------------+-----------+----------------+-------------------+---------------------+---------+
; Name                ; Type          ; Status    ; Partition Name ; Netlist Type Used ; Actual Connection   ; Details ;
+---------------------+---------------+-----------+----------------+-------------------+---------------------+---------+
; HMC830:inst|SCK     ; pre-synthesis ; connected ; Top            ; post-synthesis    ; HMC830:inst|SCK     ; N/A     ;
; HMC830:inst|SCK     ; pre-synthesis ; connected ; Top            ; post-synthesis    ; HMC830:inst|SCK     ; N/A     ;
; HMC830:inst|SDI     ; pre-synthesis ; connected ; Top            ; post-synthesis    ; HMC830:inst|SDI     ; N/A     ;
; HMC830:inst|SDI     ; pre-synthesis ; connected ; Top            ; post-synthesis    ; HMC830:inst|SDI     ; N/A     ;
; HMC830:inst|SEN     ; pre-synthesis ; connected ; Top            ; post-synthesis    ; HMC830:inst|SEN     ; N/A     ;
; HMC830:inst|SEN     ; pre-synthesis ; connected ; Top            ; post-synthesis    ; HMC830:inst|SEN     ; N/A     ;
; HMC830:inst|cnt[0]  ; pre-synthesis ; connected ; Top            ; post-synthesis    ; HMC830:inst|cnt[0]  ; N/A     ;
; HMC830:inst|cnt[0]  ; pre-synthesis ; connected ; Top            ; post-synthesis    ; HMC830:inst|cnt[0]  ; N/A     ;
; HMC830:inst|cnt[10] ; pre-synthesis ; connected ; Top            ; post-synthesis    ; HMC830:inst|cnt[10] ; N/A     ;
; HMC830:inst|cnt[10] ; pre-synthesis ; connected ; Top            ; post-synthesis    ; HMC830:inst|cnt[10] ; N/A     ;
; HMC830:inst|cnt[11] ; pre-synthesis ; connected ; Top            ; post-synthesis    ; HMC830:inst|cnt[11] ; N/A     ;
; HMC830:inst|cnt[11] ; pre-synthesis ; connected ; Top            ; post-synthesis    ; HMC830:inst|cnt[11] ; N/A     ;
; HMC830:inst|cnt[12] ; pre-synthesis ; connected ; Top            ; post-synthesis    ; HMC830:inst|cnt[12] ; N/A     ;
; HMC830:inst|cnt[12] ; pre-synthesis ; connected ; Top            ; post-synthesis    ; HMC830:inst|cnt[12] ; N/A     ;
; HMC830:inst|cnt[13] ; pre-synthesis ; connected ; Top            ; post-synthesis    ; HMC830:inst|cnt[13] ; N/A     ;
; HMC830:inst|cnt[13] ; pre-synthesis ; connected ; Top            ; post-synthesis    ; HMC830:inst|cnt[13] ; N/A     ;
; HMC830:inst|cnt[14] ; pre-synthesis ; connected ; Top            ; post-synthesis    ; HMC830:inst|cnt[14] ; N/A     ;
; HMC830:inst|cnt[14] ; pre-synthesis ; connected ; Top            ; post-synthesis    ; HMC830:inst|cnt[14] ; N/A     ;
; HMC830:inst|cnt[15] ; pre-synthesis ; connected ; Top            ; post-synthesis    ; HMC830:inst|cnt[15] ; N/A     ;
; HMC830:inst|cnt[15] ; pre-synthesis ; connected ; Top            ; post-synthesis    ; HMC830:inst|cnt[15] ; N/A     ;
; HMC830:inst|cnt[16] ; pre-synthesis ; connected ; Top            ; post-synthesis    ; HMC830:inst|cnt[16] ; N/A     ;
; HMC830:inst|cnt[16] ; pre-synthesis ; connected ; Top            ; post-synthesis    ; HMC830:inst|cnt[16] ; N/A     ;
; HMC830:inst|cnt[17] ; pre-synthesis ; connected ; Top            ; post-synthesis    ; HMC830:inst|cnt[17] ; N/A     ;
; HMC830:inst|cnt[17] ; pre-synthesis ; connected ; Top            ; post-synthesis    ; HMC830:inst|cnt[17] ; N/A     ;
; HMC830:inst|cnt[18] ; pre-synthesis ; connected ; Top            ; post-synthesis    ; HMC830:inst|cnt[18] ; N/A     ;
; HMC830:inst|cnt[18] ; pre-synthesis ; connected ; Top            ; post-synthesis    ; HMC830:inst|cnt[18] ; N/A     ;
; HMC830:inst|cnt[19] ; pre-synthesis ; connected ; Top            ; post-synthesis    ; HMC830:inst|cnt[19] ; N/A     ;
; HMC830:inst|cnt[19] ; pre-synthesis ; connected ; Top            ; post-synthesis    ; HMC830:inst|cnt[19] ; N/A     ;
; HMC830:inst|cnt[1]  ; pre-synthesis ; connected ; Top            ; post-synthesis    ; HMC830:inst|cnt[1]  ; N/A     ;
; HMC830:inst|cnt[1]  ; pre-synthesis ; connected ; Top            ; post-synthesis    ; HMC830:inst|cnt[1]  ; N/A     ;
; HMC830:inst|cnt[20] ; pre-synthesis ; connected ; Top            ; post-synthesis    ; HMC830:inst|cnt[20] ; N/A     ;
; HMC830:inst|cnt[20] ; pre-synthesis ; connected ; Top            ; post-synthesis    ; HMC830:inst|cnt[20] ; N/A     ;
; HMC830:inst|cnt[2]  ; pre-synthesis ; connected ; Top            ; post-synthesis    ; HMC830:inst|cnt[2]  ; N/A     ;
; HMC830:inst|cnt[2]  ; pre-synthesis ; connected ; Top            ; post-synthesis    ; HMC830:inst|cnt[2]  ; N/A     ;
; HMC830:inst|cnt[3]  ; pre-synthesis ; connected ; Top            ; post-synthesis    ; HMC830:inst|cnt[3]  ; N/A     ;
; HMC830:inst|cnt[3]  ; pre-synthesis ; connected ; Top            ; post-synthesis    ; HMC830:inst|cnt[3]  ; N/A     ;
; HMC830:inst|cnt[4]  ; pre-synthesis ; connected ; Top            ; post-synthesis    ; HMC830:inst|cnt[4]  ; N/A     ;
; HMC830:inst|cnt[4]  ; pre-synthesis ; connected ; Top            ; post-synthesis    ; HMC830:inst|cnt[4]  ; N/A     ;
; HMC830:inst|cnt[5]  ; pre-synthesis ; connected ; Top            ; post-synthesis    ; HMC830:inst|cnt[5]  ; N/A     ;
; HMC830:inst|cnt[5]  ; pre-synthesis ; connected ; Top            ; post-synthesis    ; HMC830:inst|cnt[5]  ; N/A     ;
; HMC830:inst|cnt[6]  ; pre-synthesis ; connected ; Top            ; post-synthesis    ; HMC830:inst|cnt[6]  ; N/A     ;
; HMC830:inst|cnt[6]  ; pre-synthesis ; connected ; Top            ; post-synthesis    ; HMC830:inst|cnt[6]  ; N/A     ;
; HMC830:inst|cnt[7]  ; pre-synthesis ; connected ; Top            ; post-synthesis    ; HMC830:inst|cnt[7]  ; N/A     ;
; HMC830:inst|cnt[7]  ; pre-synthesis ; connected ; Top            ; post-synthesis    ; HMC830:inst|cnt[7]  ; N/A     ;
; HMC830:inst|cnt[8]  ; pre-synthesis ; connected ; Top            ; post-synthesis    ; HMC830:inst|cnt[8]  ; N/A     ;
; HMC830:inst|cnt[8]  ; pre-synthesis ; connected ; Top            ; post-synthesis    ; HMC830:inst|cnt[8]  ; N/A     ;
; HMC830:inst|cnt[9]  ; pre-synthesis ; connected ; Top            ; post-synthesis    ; HMC830:inst|cnt[9]  ; N/A     ;
; HMC830:inst|cnt[9]  ; pre-synthesis ; connected ; Top            ; post-synthesis    ; HMC830:inst|cnt[9]  ; N/A     ;
; clk                 ; pre-synthesis ; connected ; Top            ; post-synthesis    ; clk                 ; N/A     ;
+---------------------+---------------+-----------+----------------+-------------------+---------------------+---------+


+-----------------------------------------------------------------------------------------------------------------------------------------+
; Partition Merge Partition Statistics                                                                                                    ;
+---------------------------------------------+------+------------------+--------------------------------+--------------------------------+
; Statistic                                   ; Top  ; sld_hub:auto_hub ; sld_signaltap:auto_signaltap_0 ; hard_block:auto_generated_inst ;
+---------------------------------------------+------+------------------+--------------------------------+--------------------------------+
; Estimate of Logic utilization (ALMs needed) ; 122  ; 61               ; 361                            ; 0                              ;
;                                             ;      ;                  ;                                ;                                ;
; Combinational ALUT usage for logic          ; 179  ; 92               ; 267                            ; 0                              ;
;     -- 7 input functions                    ; 2    ; 1                ; 1                              ; 0                              ;
;     -- 6 input functions                    ; 71   ; 10               ; 49                             ; 0                              ;
;     -- 5 input functions                    ; 22   ; 24               ; 61                             ; 0                              ;
;     -- 4 input functions                    ; 17   ; 16               ; 21                             ; 0                              ;
;     -- <=3 input functions                  ; 67   ; 41               ; 135                            ; 0                              ;
; Memory ALUT usage                           ; 0    ; 0                ; 0                              ; 0                              ;
;     -- 64-address deep                      ; 0    ; 0                ; 0                              ; 0                              ;
;     -- 32-address deep                      ; 0    ; 0                ; 0                              ; 0                              ;
;                                             ;      ;                  ;                                ;                                ;
; Dedicated logic registers                   ; 155  ; 90               ; 675                            ; 0                              ;
;                                             ;      ;                  ;                                ;                                ;
;                                             ;      ;                  ;                                ;                                ;
; I/O pins                                    ; 38   ; 0                ; 0                              ; 0                              ;
; I/O registers                               ; 0    ; 0                ; 0                              ; 0                              ;
; Total block memory bits                     ; 4096 ; 0                ; 196608                         ; 0                              ;
; Total block memory implementation bits      ; 0    ; 0                ; 0                              ; 0                              ;
; JTAG                                        ; 0    ; 0                ; 0                              ; 1                              ;
;                                             ;      ;                  ;                                ;                                ;
; Connections                                 ;      ;                  ;                                ;                                ;
;     -- Input Connections                    ; 0    ; 134              ; 1037                           ; 1                              ;
;     -- Registered Input Connections         ; 0    ; 109              ; 754                            ; 0                              ;
;     -- Output Connections                   ; 431  ; 271              ; 1                              ; 469                            ;
;     -- Registered Output Connections        ; 48   ; 270              ; 0                              ; 0                              ;
;                                             ;      ;                  ;                                ;                                ;
; Internal Connections                        ;      ;                  ;                                ;                                ;
;     -- Total Connections                    ; 2022 ; 909              ; 4111                           ; 478                            ;
;     -- Registered Connections               ; 880  ; 731              ; 2796                           ; 0                              ;
;                                             ;      ;                  ;                                ;                                ;
; External Connections                        ;      ;                  ;                                ;                                ;
;     -- Top                                  ; 0    ; 1                ; 430                            ; 0                              ;
;     -- sld_hub:auto_hub                     ; 1    ; 20               ; 261                            ; 123                            ;
;     -- sld_signaltap:auto_signaltap_0       ; 430  ; 261              ; 0                              ; 347                            ;
;     -- hard_block:auto_generated_inst       ; 0    ; 123              ; 347                            ; 0                              ;
;                                             ;      ;                  ;                                ;                                ;
; Partition Interface                         ;      ;                  ;                                ;                                ;
;     -- Input Ports                          ; 14   ; 21               ; 107                            ; 4                              ;
;     -- Output Ports                         ; 52   ; 39               ; 60                             ; 9                              ;
;     -- Bidir Ports                          ; 0    ; 0                ; 0                              ; 0                              ;
;                                             ;      ;                  ;                                ;                                ;
; Registered Ports                            ;      ;                  ;                                ;                                ;
;     -- Registered Input Ports               ; 0    ; 13               ; 53                             ; 0                              ;
;     -- Registered Output Ports              ; 0    ; 28               ; 49                             ; 0                              ;
;                                             ;      ;                  ;                                ;                                ;
; Port Connectivity                           ;      ;                  ;                                ;                                ;
;     -- Input Ports driven by GND            ; 0    ; 1                ; 0                              ; 0                              ;
;     -- Output Ports driven by GND           ; 0    ; 1                ; 0                              ; 0                              ;
;     -- Input Ports driven by VCC            ; 0    ; 0                ; 0                              ; 0                              ;
;     -- Output Ports driven by VCC           ; 0    ; 0                ; 0                              ; 0                              ;
;     -- Input Ports with no Source           ; 0    ; 1                ; 35                             ; 0                              ;
;     -- Output Ports with no Source          ; 0    ; 0                ; 0                              ; 0                              ;
;     -- Input Ports with no Fanout           ; 0    ; 2                ; 40                             ; 0                              ;
;     -- Output Ports with no Fanout          ; 0    ; 15               ; 49                             ; 0                              ;
+---------------------------------------------+------+------------------+--------------------------------+--------------------------------+
Note: Resource usage numbers presented for Partitions containing post-synthesis logic are estimates.  For Partitions containing post-fit logic, resource usage numbers are accurate based on previous placement information.  Actual Fitter results may vary depending on current Fitter Preservation Level assignments.


+----------------------------------------------------------------------------------------+
; Partition Merge Partition Pin Processing                                               ;
+-----------------------------------+-----------+---------------+----------+-------------+
; Name                              ; Partition ; Type          ; Location ; Status      ;
+-----------------------------------+-----------+---------------+----------+-------------+
; LD_SDO                            ; Top       ; Input Port    ; n/a      ;             ;
;     -- LD_SDO                     ; Top       ; Input Pad     ; Unplaced ; Synthesized ;
;     -- LD_SDO~input               ; Top       ; Input Buffer  ; Unplaced ; Synthesized ;
;                                   ;           ;               ;          ;             ;
; SCK                               ; Top       ; Output Port   ; n/a      ;             ;
;     -- SCK                        ; Top       ; Output Pad    ; Unplaced ; Synthesized ;
;     -- SCK~output                 ; Top       ; Output Buffer ; Unplaced ; Synthesized ;
;                                   ;           ;               ;          ;             ;
; SDI                               ; Top       ; Output Port   ; n/a      ;             ;
;     -- SDI                        ; Top       ; Output Pad    ; Unplaced ; Synthesized ;
;     -- SDI~output                 ; Top       ; Output Buffer ; Unplaced ; Synthesized ;
;                                   ;           ;               ;          ;             ;
; SEN                               ; Top       ; Output Port   ; n/a      ;             ;
;     -- SEN                        ; Top       ; Output Pad    ; Unplaced ; Synthesized ;
;     -- SEN~output                 ; Top       ; Output Buffer ; Unplaced ; Synthesized ;
;                                   ;           ;               ;          ;             ;
; altera_reserved_tck               ; Top       ; Input Port    ; n/a      ;             ;
;     -- altera_reserved_tck        ; Top       ; Input Pad     ; Unplaced ; Synthesized ;
;     -- altera_reserved_tck~input  ; Top       ; Input Buffer  ; Unplaced ; Synthesized ;
;                                   ;           ;               ;          ;             ;
; altera_reserved_tdi               ; Top       ; Input Port    ; n/a      ;             ;
;     -- altera_reserved_tdi        ; Top       ; Input Pad     ; Unplaced ; Synthesized ;
;     -- altera_reserved_tdi~input  ; Top       ; Input Buffer  ; Unplaced ; Synthesized ;
;                                   ;           ;               ;          ;             ;
; altera_reserved_tdo               ; Top       ; Output Port   ; n/a      ;             ;
;     -- altera_reserved_tdo        ; Top       ; Output Pad    ; Unplaced ; Synthesized ;
;     -- altera_reserved_tdo~output ; Top       ; Output Buffer ; Unplaced ; Synthesized ;
;                                   ;           ;               ;          ;             ;
; altera_reserved_tms               ; Top       ; Input Port    ; n/a      ;             ;
;     -- altera_reserved_tms        ; Top       ; Input Pad     ; Unplaced ; Synthesized ;
;     -- altera_reserved_tms~input  ; Top       ; Input Buffer  ; Unplaced ; Synthesized ;
;                                   ;           ;               ;          ;             ;
; clk                               ; Top       ; Input Port    ; n/a      ;             ;
;     -- clk                        ; Top       ; Input Pad     ; Unplaced ; Synthesized ;
;     -- clk~input                  ; Top       ; Input Buffer  ; Unplaced ; Synthesized ;
;                                   ;           ;               ;          ;             ;
; data_in[0]                        ; Top       ; Output Port   ; n/a      ;             ;
;     -- data_in[0]                 ; Top       ; Output Pad    ; Unplaced ; Synthesized ;
;     -- data_in[0]~output          ; Top       ; Output Buffer ; Unplaced ; Synthesized ;
;                                   ;           ;               ;          ;             ;
; data_in[10]                       ; Top       ; Output Port   ; n/a      ;             ;
;     -- data_in[10]                ; Top       ; Output Pad    ; Unplaced ; Synthesized ;
;     -- data_in[10]~output         ; Top       ; Output Buffer ; Unplaced ; Synthesized ;
;                                   ;           ;               ;          ;             ;
; data_in[11]                       ; Top       ; Output Port   ; n/a      ;             ;
;     -- data_in[11]                ; Top       ; Output Pad    ; Unplaced ; Synthesized ;
;     -- data_in[11]~output         ; Top       ; Output Buffer ; Unplaced ; Synthesized ;
;                                   ;           ;               ;          ;             ;
; data_in[12]                       ; Top       ; Output Port   ; n/a      ;             ;
;     -- data_in[12]                ; Top       ; Output Pad    ; Unplaced ; Synthesized ;
;     -- data_in[12]~output         ; Top       ; Output Buffer ; Unplaced ; Synthesized ;
;                                   ;           ;               ;          ;             ;
; data_in[13]                       ; Top       ; Output Port   ; n/a      ;             ;
;     -- data_in[13]                ; Top       ; Output Pad    ; Unplaced ; Synthesized ;
;     -- data_in[13]~output         ; Top       ; Output Buffer ; Unplaced ; Synthesized ;
;                                   ;           ;               ;          ;             ;
; data_in[14]                       ; Top       ; Output Port   ; n/a      ;             ;
;     -- data_in[14]                ; Top       ; Output Pad    ; Unplaced ; Synthesized ;
;     -- data_in[14]~output         ; Top       ; Output Buffer ; Unplaced ; Synthesized ;
;                                   ;           ;               ;          ;             ;
; data_in[15]                       ; Top       ; Output Port   ; n/a      ;             ;
;     -- data_in[15]                ; Top       ; Output Pad    ; Unplaced ; Synthesized ;
;     -- data_in[15]~output         ; Top       ; Output Buffer ; Unplaced ; Synthesized ;
;                                   ;           ;               ;          ;             ;
; data_in[16]                       ; Top       ; Output Port   ; n/a      ;             ;
;     -- data_in[16]                ; Top       ; Output Pad    ; Unplaced ; Synthesized ;
;     -- data_in[16]~output         ; Top       ; Output Buffer ; Unplaced ; Synthesized ;
;                                   ;           ;               ;          ;             ;
; data_in[17]                       ; Top       ; Output Port   ; n/a      ;             ;
;     -- data_in[17]                ; Top       ; Output Pad    ; Unplaced ; Synthesized ;
;     -- data_in[17]~output         ; Top       ; Output Buffer ; Unplaced ; Synthesized ;
;                                   ;           ;               ;          ;             ;
; data_in[18]                       ; Top       ; Output Port   ; n/a      ;             ;
;     -- data_in[18]                ; Top       ; Output Pad    ; Unplaced ; Synthesized ;
;     -- data_in[18]~output         ; Top       ; Output Buffer ; Unplaced ; Synthesized ;
;                                   ;           ;               ;          ;             ;
; data_in[19]                       ; Top       ; Output Port   ; n/a      ;             ;
;     -- data_in[19]                ; Top       ; Output Pad    ; Unplaced ; Synthesized ;
;     -- data_in[19]~output         ; Top       ; Output Buffer ; Unplaced ; Synthesized ;
;                                   ;           ;               ;          ;             ;
; data_in[1]                        ; Top       ; Output Port   ; n/a      ;             ;
;     -- data_in[1]                 ; Top       ; Output Pad    ; Unplaced ; Synthesized ;
;     -- data_in[1]~output          ; Top       ; Output Buffer ; Unplaced ; Synthesized ;
;                                   ;           ;               ;          ;             ;
; data_in[20]                       ; Top       ; Output Port   ; n/a      ;             ;
;     -- data_in[20]                ; Top       ; Output Pad    ; Unplaced ; Synthesized ;
;     -- data_in[20]~output         ; Top       ; Output Buffer ; Unplaced ; Synthesized ;
;                                   ;           ;               ;          ;             ;
; data_in[21]                       ; Top       ; Output Port   ; n/a      ;             ;
;     -- data_in[21]                ; Top       ; Output Pad    ; Unplaced ; Synthesized ;
;     -- data_in[21]~output         ; Top       ; Output Buffer ; Unplaced ; Synthesized ;
;                                   ;           ;               ;          ;             ;
; data_in[22]                       ; Top       ; Output Port   ; n/a      ;             ;
;     -- data_in[22]                ; Top       ; Output Pad    ; Unplaced ; Synthesized ;
;     -- data_in[22]~output         ; Top       ; Output Buffer ; Unplaced ; Synthesized ;
;                                   ;           ;               ;          ;             ;
; data_in[23]                       ; Top       ; Output Port   ; n/a      ;             ;
;     -- data_in[23]                ; Top       ; Output Pad    ; Unplaced ; Synthesized ;
;     -- data_in[23]~output         ; Top       ; Output Buffer ; Unplaced ; Synthesized ;
;                                   ;           ;               ;          ;             ;
; data_in[2]                        ; Top       ; Output Port   ; n/a      ;             ;
;     -- data_in[2]                 ; Top       ; Output Pad    ; Unplaced ; Synthesized ;
;     -- data_in[2]~output          ; Top       ; Output Buffer ; Unplaced ; Synthesized ;
;                                   ;           ;               ;          ;             ;
; data_in[3]                        ; Top       ; Output Port   ; n/a      ;             ;
;     -- data_in[3]                 ; Top       ; Output Pad    ; Unplaced ; Synthesized ;
;     -- data_in[3]~output          ; Top       ; Output Buffer ; Unplaced ; Synthesized ;
;                                   ;           ;               ;          ;             ;
; data_in[4]                        ; Top       ; Output Port   ; n/a      ;             ;
;     -- data_in[4]                 ; Top       ; Output Pad    ; Unplaced ; Synthesized ;
;     -- data_in[4]~output          ; Top       ; Output Buffer ; Unplaced ; Synthesized ;
;                                   ;           ;               ;          ;             ;
; data_in[5]                        ; Top       ; Output Port   ; n/a      ;             ;
;     -- data_in[5]                 ; Top       ; Output Pad    ; Unplaced ; Synthesized ;
;     -- data_in[5]~output          ; Top       ; Output Buffer ; Unplaced ; Synthesized ;
;                                   ;           ;               ;          ;             ;
; data_in[6]                        ; Top       ; Output Port   ; n/a      ;             ;
;     -- data_in[6]                 ; Top       ; Output Pad    ; Unplaced ; Synthesized ;
;     -- data_in[6]~output          ; Top       ; Output Buffer ; Unplaced ; Synthesized ;
;                                   ;           ;               ;          ;             ;
; data_in[7]                        ; Top       ; Output Port   ; n/a      ;             ;
;     -- data_in[7]                 ; Top       ; Output Pad    ; Unplaced ; Synthesized ;
;     -- data_in[7]~output          ; Top       ; Output Buffer ; Unplaced ; Synthesized ;
;                                   ;           ;               ;          ;             ;
; data_in[8]                        ; Top       ; Output Port   ; n/a      ;             ;
;     -- data_in[8]                 ; Top       ; Output Pad    ; Unplaced ; Synthesized ;
;     -- data_in[8]~output          ; Top       ; Output Buffer ; Unplaced ; Synthesized ;
;                                   ;           ;               ;          ;             ;
; data_in[9]                        ; Top       ; Output Port   ; n/a      ;             ;
;     -- data_in[9]                 ; Top       ; Output Pad    ; Unplaced ; Synthesized ;
;     -- data_in[9]~output          ; Top       ; Output Buffer ; Unplaced ; Synthesized ;
;                                   ;           ;               ;          ;             ;
; hang_pose[0]                      ; Top       ; Input Port    ; n/a      ;             ;
;     -- hang_pose[0]               ; Top       ; Input Pad     ; Unplaced ; Synthesized ;
;     -- hang_pose[0]~input         ; Top       ; Input Buffer  ; Unplaced ; Synthesized ;
;                                   ;           ;               ;          ;             ;
; hang_pose[1]                      ; Top       ; Input Port    ; n/a      ;             ;
;     -- hang_pose[1]               ; Top       ; Input Pad     ; Unplaced ; Synthesized ;
;     -- hang_pose[1]~input         ; Top       ; Input Buffer  ; Unplaced ; Synthesized ;
;                                   ;           ;               ;          ;             ;
; hang_pose[2]                      ; Top       ; Input Port    ; n/a      ;             ;
;     -- hang_pose[2]               ; Top       ; Input Pad     ; Unplaced ; Synthesized ;
;     -- hang_pose[2]~input         ; Top       ; Input Buffer  ; Unplaced ; Synthesized ;
;                                   ;           ;               ;          ;             ;
; hang_pose[3]                      ; Top       ; Input Port    ; n/a      ;             ;
;     -- hang_pose[3]               ; Top       ; Input Pad     ; Unplaced ; Synthesized ;
;     -- hang_pose[3]~input         ; Top       ; Input Buffer  ; Unplaced ; Synthesized ;
;                                   ;           ;               ;          ;             ;
; key_value[0]                      ; Top       ; Input Port    ; n/a      ;             ;
;     -- key_value[0]               ; Top       ; Input Pad     ; Unplaced ; Synthesized ;
;     -- key_value[0]~input         ; Top       ; Input Buffer  ; Unplaced ; Synthesized ;
;                                   ;           ;               ;          ;             ;
; key_value[1]                      ; Top       ; Input Port    ; n/a      ;             ;
;     -- key_value[1]               ; Top       ; Input Pad     ; Unplaced ; Synthesized ;
;     -- key_value[1]~input         ; Top       ; Input Buffer  ; Unplaced ; Synthesized ;
;                                   ;           ;               ;          ;             ;
; key_value[2]                      ; Top       ; Input Port    ; n/a      ;             ;
;     -- key_value[2]               ; Top       ; Input Pad     ; Unplaced ; Synthesized ;
;     -- key_value[2]~input         ; Top       ; Input Buffer  ; Unplaced ; Synthesized ;
;                                   ;           ;               ;          ;             ;
; key_value[3]                      ; Top       ; Input Port    ; n/a      ;             ;
;     -- key_value[3]               ; Top       ; Input Pad     ; Unplaced ; Synthesized ;
;     -- key_value[3]~input         ; Top       ; Input Buffer  ; Unplaced ; Synthesized ;
;                                   ;           ;               ;          ;             ;
; pre_syn.bp.inst_SCK               ; Top       ; Output Port   ; n/a      ;             ;
;                                   ;           ;               ;          ;             ;
; pre_syn.bp.inst_SDI               ; Top       ; Output Port   ; n/a      ;             ;
;                                   ;           ;               ;          ;             ;
; pre_syn.bp.inst_SEN               ; Top       ; Output Port   ; n/a      ;             ;
;                                   ;           ;               ;          ;             ;
; pre_syn.bp.inst_cnt_0_            ; Top       ; Output Port   ; n/a      ;             ;
;                                   ;           ;               ;          ;             ;
; pre_syn.bp.inst_cnt_10_           ; Top       ; Output Port   ; n/a      ;             ;
;                                   ;           ;               ;          ;             ;
; pre_syn.bp.inst_cnt_11_           ; Top       ; Output Port   ; n/a      ;             ;
;                                   ;           ;               ;          ;             ;
; pre_syn.bp.inst_cnt_12_           ; Top       ; Output Port   ; n/a      ;             ;
;                                   ;           ;               ;          ;             ;
; pre_syn.bp.inst_cnt_13_           ; Top       ; Output Port   ; n/a      ;             ;
;                                   ;           ;               ;          ;             ;
; pre_syn.bp.inst_cnt_14_           ; Top       ; Output Port   ; n/a      ;             ;
;                                   ;           ;               ;          ;             ;
; pre_syn.bp.inst_cnt_15_           ; Top       ; Output Port   ; n/a      ;             ;
;                                   ;           ;               ;          ;             ;
; pre_syn.bp.inst_cnt_16_           ; Top       ; Output Port   ; n/a      ;             ;
;                                   ;           ;               ;          ;             ;
; pre_syn.bp.inst_cnt_17_           ; Top       ; Output Port   ; n/a      ;             ;
;                                   ;           ;               ;          ;             ;
; pre_syn.bp.inst_cnt_18_           ; Top       ; Output Port   ; n/a      ;             ;
;                                   ;           ;               ;          ;             ;
; pre_syn.bp.inst_cnt_19_           ; Top       ; Output Port   ; n/a      ;             ;
;                                   ;           ;               ;          ;             ;
; pre_syn.bp.inst_cnt_1_            ; Top       ; Output Port   ; n/a      ;             ;
;                                   ;           ;               ;          ;             ;
; pre_syn.bp.inst_cnt_20_           ; Top       ; Output Port   ; n/a      ;             ;
;                                   ;           ;               ;          ;             ;
; pre_syn.bp.inst_cnt_2_            ; Top       ; Output Port   ; n/a      ;             ;
;                                   ;           ;               ;          ;             ;
; pre_syn.bp.inst_cnt_3_            ; Top       ; Output Port   ; n/a      ;             ;
;                                   ;           ;               ;          ;             ;
; pre_syn.bp.inst_cnt_4_            ; Top       ; Output Port   ; n/a      ;             ;
;                                   ;           ;               ;          ;             ;
; pre_syn.bp.inst_cnt_5_            ; Top       ; Output Port   ; n/a      ;             ;
;                                   ;           ;               ;          ;             ;
; pre_syn.bp.inst_cnt_6_            ; Top       ; Output Port   ; n/a      ;             ;
;                                   ;           ;               ;          ;             ;
; pre_syn.bp.inst_cnt_7_            ; Top       ; Output Port   ; n/a      ;             ;
;                                   ;           ;               ;          ;             ;
; pre_syn.bp.inst_cnt_8_            ; Top       ; Output Port   ; n/a      ;             ;
;                                   ;           ;               ;          ;             ;
; pre_syn.bp.inst_cnt_9_            ; Top       ; Output Port   ; n/a      ;             ;
;                                   ;           ;               ;          ;             ;
; rst_n                             ; Top       ; Input Port    ; n/a      ;             ;
;     -- rst_n                      ; Top       ; Input Pad     ; Unplaced ; Synthesized ;
;     -- rst_n~input                ; Top       ; Input Buffer  ; Unplaced ; Synthesized ;
;                                   ;           ;               ;          ;             ;
+-----------------------------------+-----------+---------------+----------+-------------+


+---------------------------------------------------------+
; Partition Merge Resource Usage Summary                  ;
+---------------------------------------------+-----------+
; Resource                                    ; Usage     ;
+---------------------------------------------+-----------+
; Estimate of Logic utilization (ALMs needed) ; 545       ;
;                                             ;           ;
; Combinational ALUT usage for logic          ; 538       ;
;     -- 7 input functions                    ; 4         ;
;     -- 6 input functions                    ; 130       ;
;     -- 5 input functions                    ; 107       ;
;     -- 4 input functions                    ; 54        ;
;     -- <=3 input functions                  ; 243       ;
;                                             ;           ;
; Dedicated logic registers                   ; 920       ;
;                                             ;           ;
; I/O pins                                    ; 38        ;
; Total MLAB memory bits                      ; 0         ;
; Total block memory bits                     ; 200704    ;
; Total DSP Blocks                            ; 0         ;
; Maximum fan-out node                        ; clk~input ;
; Maximum fan-out                             ; 569       ;
; Total fan-out                               ; 6322      ;
; Average fan-out                             ; 3.95      ;
+---------------------------------------------+-----------+


+--------------------------------------------------------------------------------------------------------------------------------------------------------------------------------------------------------------------------------------------------------------------------------------------------------------------------+
; Partition Merge RAM Summary                                                                                                                                                                                                                                                                                              ;
+-------------------------------------------------------------------------------------------------------------------------------------------------------------------------------------------------------+------+------------------+--------------+--------------+--------------+--------------+--------+-------------------+
; Name                                                                                                                                                                                                  ; Type ; Mode             ; Port A Depth ; Port A Width ; Port B Depth ; Port B Width ; Size   ; MIF               ;
+-------------------------------------------------------------------------------------------------------------------------------------------------------------------------------------------------------+------+------------------+--------------+--------------+--------------+--------------+--------+-------------------+
; HMC830:inst|int_frac_data:U1|altsyncram:altsyncram_component|altsyncram_7sg1:auto_generated|ALTSYNCRAM                                                                                                ; AUTO ; ROM              ; 201          ; 32           ; --           ; --           ; 6432   ; int_frac_data.mif ;
; sld_signaltap:auto_signaltap_0|sld_signaltap_impl:sld_signaltap_body|sld_signaltap_implb:sld_signaltap_body|altsyncram:\stp_non_zero_ram_gen:stp_buffer_ram|altsyncram_n784:auto_generated|ALTSYNCRAM ; AUTO ; Simple Dual Port ; 8192         ; 24           ; 8192         ; 24           ; 196608 ; None              ;
+-------------------------------------------------------------------------------------------------------------------------------------------------------------------------------------------------------+------+------------------+--------------+--------------+--------------+--------------+--------+-------------------+


+--------------------------+
; Partition Merge Messages ;
+--------------------------+
Info: *******************************************************************
Info: Running Quartus II 64-Bit Partition Merge
    Info: Version 13.1.0 Build 162 10/23/2013 SJ Full Version
    Info: Processing started: Fri Nov 13 15:44:08 2015
Info: Command: quartus_cdb --read_settings_files=on --write_settings_files=off hmc830 -c hmc830 --merge=on
Info (35007): Using synthesis netlist for partition "Top"
Info (35007): Using synthesis netlist for partition "sld_hub:auto_hub"
Info (35007): Using synthesis netlist for partition "sld_signaltap:auto_signaltap_0"
Info (35024): Succesfully connected in-system debug instance "auto_signaltap_0" to all 49 required data inputs, trigger inputs, acquisition clocks, and dynamic pins
Info (35002): Resolved and merged 3 partition(s)
Info (16010): Generating hard_block partition "hard_block:auto_generated_inst"
    Info (16011): Adding 9 node(s), including 0 DDIO, 0 PLL, 0 transceiver and 0 LCELL
Warning (21074): Design contains 1 input pin(s) that do not drive logic
    Warning (15610): No output dependent on input pin "LD_SDO"
Info (21057): Implemented 1279 device resources after synthesis - the final resource count might be different
    Info (21058): Implemented 14 input pins
    Info (21059): Implemented 28 output pins
    Info (21061): Implemented 1180 logic cells
    Info (21064): Implemented 56 RAM segments
Info: Quartus II 64-Bit Partition Merge was successful. 0 errors, 2 warnings
    Info: Peak virtual memory: 514 megabytes
    Info: Processing ended: Fri Nov 13 15:44:12 2015
    Info: Elapsed time: 00:00:04
    Info: Total CPU time (on all processors): 00:00:03


