Info: Starting: Create block symbol file (.bsf)
Info: ip-generate --project-directory=E:/DE1-SOC/New_Format/ --output-directory=E:/DE1-SOC/New_Format/cpu/ --report-file=bsf:E:/DE1-SOC/New_Format/cpu.bsf --system-info=DEVICE_FAMILY="Cyclone V" --system-info=DEVICE=5CSEMA5F31C6 --system-info=DEVICE_SPEEDGRADE=6 --component-file=E:/DE1-SOC/New_Format/cpu.qsys
Progress: Loading New_Format/cpu.qsys
Progress: Reading input file
Progress: Adding clk_100 [clock_source 13.1]
Progress: Parameterizing module clk_100
Progress: Adding cpu [altera_nios2_qsys 13.1]
Progress: Parameterizing module cpu
Progress: Adding timer_10ms [altera_avalon_timer 13.1]
Progress: Parameterizing module timer_10ms
Progress: Adding sdram [altera_avalon_new_sdram_controller 13.1]
Progress: Parameterizing module sdram
Progress: Adding sysid0 [altera_avalon_sysid_qsys 13.1]
Progress: Parameterizing module sysid0
Progress: Adding jtag_uart_0 [altera_avalon_jtag_uart 13.1]
Progress: Parameterizing module jtag_uart_0
Progress: Adding uart [altera_avalon_uart 13.1]
Progress: Parameterizing module uart
Progress: Building connections
Progress: Parameterizing connections
Progress: Validating
Progress: Done reading input file
Info: cpu.sysid0: System ID is not assigned automatically. Edit the System ID parameter to provide a unique ID
Info: cpu.sysid0: Time stamp will be automatically updated when this component is generated.
Info: ip-generate succeeded.
Info: Finished: Create block symbol file (.bsf)
Info: 
Info: Starting: Create HDL design files for synthesis
Info: ip-generate --project-directory=E:/DE1-SOC/New_Format/ --output-directory=E:/DE1-SOC/New_Format/cpu/synthesis/ --file-set=QUARTUS_SYNTH --report-file=html:E:/DE1-SOC/New_Format/cpu.html --report-file=sopcinfo:E:/DE1-SOC/New_Format/cpu.sopcinfo --report-file=cmp:E:/DE1-SOC/New_Format/cpu.cmp --report-file=qip:E:/DE1-SOC/New_Format/cpu/synthesis/cpu.qip --report-file=svd --report-file=regmap:E:/DE1-SOC/New_Format/cpu/synthesis/cpu.regmap --report-file=debuginfo:E:/DE1-SOC/New_Format/cpu/synthesis/cpu.debuginfo --system-info=DEVICE_FAMILY="Cyclone V" --system-info=DEVICE=5CSEMA5F31C6 --system-info=DEVICE_SPEEDGRADE=6 --component-file=E:/DE1-SOC/New_Format/cpu.qsys --language=VERILOG
Progress: Loading New_Format/cpu.qsys
Progress: Reading input file
Progress: Adding clk_100 [clock_source 13.1]
Progress: Parameterizing module clk_100
Progress: Adding cpu [altera_nios2_qsys 13.1]
Progress: Parameterizing module cpu
Progress: Adding timer_10ms [altera_avalon_timer 13.1]
Progress: Parameterizing module timer_10ms
Progress: Adding sdram [altera_avalon_new_sdram_controller 13.1]
Progress: Parameterizing module sdram
Progress: Adding sysid0 [altera_avalon_sysid_qsys 13.1]
Progress: Parameterizing module sysid0
Progress: Adding jtag_uart_0 [altera_avalon_jtag_uart 13.1]
Progress: Parameterizing module jtag_uart_0
Progress: Adding uart [altera_avalon_uart 13.1]
Progress: Parameterizing module uart
Progress: Building connections
Progress: Parameterizing connections
Progress: Validating
Progress: Done reading input file
Info: cpu.sysid0: System ID is not assigned automatically. Edit the System ID parameter to provide a unique ID
Info: cpu.sysid0: Time stamp will be automatically updated when this component is generated.
Info: cpu: Generating cpu "cpu" for QUARTUS_SYNTH
Info: pipeline_bridge_swap_transform: After transform: 7 modules, 23 connections
Info: No custom instruction connections, skipping transform 
Info: merlin_initial_interconnect_transform: After transform: 7 modules, 20 connections
Info: merlin_translator_transform: After transform: 15 modules, 44 connections
Info: merlin_domain_transform: After transform: 31 modules, 125 connections
Info: merlin_router_transform: After transform: 39 modules, 149 connections
Info: merlin_traffic_limiter_transform: After transform: 41 modules, 157 connections
Info: merlin_burst_transform: After transform: 42 modules, 160 connections
Info: merlin_network_to_switch_transform: After transform: 57 modules, 192 connections
Info: merlin_width_transform: After transform: 59 modules, 198 connections
Info: limiter_update_transform: After transform: 59 modules, 200 connections
Info: merlin_clock_and_reset_bridge_transform: After transform: 61 modules, 260 connections
Info: merlin_hierarchy_transform: After transform: 8 modules, 25 connections
Info: merlin_mm_transform: After transform: 8 modules, 25 connections
Info: merlin_interrupt_mapper_transform: After transform: 9 modules, 28 connections
Info: reset_adaptation_transform: After transform: 11 modules, 38 connections
Warning: cpu: "No matching role found for uart:s1:dataavailable (dataavailable)"
Warning: cpu: "No matching role found for uart:s1:readyfordata (readyfordata)"
Info: cpu: Starting RTL generation for module 'cpu_cpu'
Info: cpu:   Generation command is [exec D:/altera/13.1/quartus/bin/eperlcmd.exe -I D:/altera/13.1/quartus/bin/perl/lib -I D:/altera/13.1/quartus/sopc_builder/bin/europa -I D:/altera/13.1/quartus/sopc_builder/bin/perl_lib -I D:/altera/13.1/quartus/sopc_builder/bin -I D:/altera/13.1/quartus/../ip/altera/nios2_ip/altera_nios2/cpu_lib -I D:/altera/13.1/quartus/../ip/altera/nios2_ip/altera_nios2/nios_lib -I D:/altera/13.1/quartus/../ip/altera/nios2_ip/altera_nios2 -I D:/altera/13.1/quartus/../ip/altera/nios2_ip/altera_nios2 -- D:/altera/13.1/quartus/../ip/altera/nios2_ip/altera_nios2/generate_rtl.epl --name=cpu_cpu --dir=C:/Users/Q/AppData/Local/Temp/alt7349_721433361606016595.dir/0001_cpu_gen/ --quartus_dir=D:/altera/13.1/quartus --verilog --config=C:/Users/Q/AppData/Local/Temp/alt7349_721433361606016595.dir/0001_cpu_gen//cpu_cpu_processor_configuration.pl  --do_build_sim=0  ]
Info: cpu: # 2017.07.02 15:02:36 (*) Starting Nios II generation
Info: cpu: # 2017.07.02 15:02:36 (*)   Checking for plaintext license.
Info: cpu: # 2017.07.02 15:02:37 (*)   Plaintext license not found.
Info: cpu: # 2017.07.02 15:02:37 (*)   Checking for encrypted license (non-evaluation).
Info: cpu: # 2017.07.02 15:02:38 (*)   Encrypted license found.  SOF will not be time-limited.
Info: cpu: # 2017.07.02 15:02:38 (*)   Elaborating CPU configuration settings
Info: cpu: # 2017.07.02 15:02:38 (*)   Creating all objects for CPU
Info: cpu: # 2017.07.02 15:02:38 (*)     Testbench
Info: cpu: # 2017.07.02 15:02:38 (*)     Instruction decoding
Info: cpu: # 2017.07.02 15:02:38 (*)       Instruction fields
Info: cpu: # 2017.07.02 15:02:39 (*)       Instruction decodes
Info: cpu: # 2017.07.02 15:02:39 (*)       Signals for RTL simulation waveforms
Info: cpu: # 2017.07.02 15:02:39 (*)       Instruction controls
Info: cpu: # 2017.07.02 15:02:39 (*)     Pipeline frontend
Info: cpu: # 2017.07.02 15:02:39 (*)     Pipeline backend
Info: cpu: # 2017.07.02 15:02:42 (*)   Generating RTL from CPU objects
Info: cpu: # 2017.07.02 15:02:45 (*)   Creating encrypted RTL
Info: cpu: # 2017.07.02 15:02:47 (*) Done Nios II generation
Info: cpu: Done RTL generation for module 'cpu_cpu'
Info: cpu: "cpu" instantiated altera_nios2_qsys "cpu"
Info: timer_10ms: Starting RTL generation for module 'cpu_timer_10ms'
Info: timer_10ms:   Generation command is [exec D:/altera/13.1/quartus/bin//perl/bin/perl.exe -I D:/altera/13.1/quartus/bin//perl/lib -I D:/altera/13.1/quartus/sopc_builder/bin/europa -I D:/altera/13.1/quartus/sopc_builder/bin/perl_lib -I D:/altera/13.1/quartus/sopc_builder/bin -I D:/altera/13.1/quartus/../ip/altera/sopc_builder_ip/common -I D:/altera/13.1/quartus/../ip/altera/sopc_builder_ip/altera_avalon_timer -- D:/altera/13.1/quartus/../ip/altera/sopc_builder_ip/altera_avalon_timer/generate_rtl.pl --name=cpu_timer_10ms --dir=C:/Users/Q/AppData/Local/Temp/alt7349_721433361606016595.dir/0002_timer_10ms_gen/ --quartus_dir=D:/altera/13.1/quartus --verilog --config=C:/Users/Q/AppData/Local/Temp/alt7349_721433361606016595.dir/0002_timer_10ms_gen//cpu_timer_10ms_component_configuration.pl  --do_build_sim=0  ]
Info: timer_10ms: Done RTL generation for module 'cpu_timer_10ms'
Info: timer_10ms: "cpu" instantiated altera_avalon_timer "timer_10ms"
Info: sdram: Starting RTL generation for module 'cpu_sdram'
Info: sdram:   Generation command is [exec D:/altera/13.1/quartus/bin/perl/bin/perl.exe -I D:/altera/13.1/quartus/bin/perl/lib -I D:/altera/13.1/quartus/sopc_builder/bin/europa -I D:/altera/13.1/quartus/sopc_builder/bin/perl_lib -I D:/altera/13.1/quartus/sopc_builder/bin -I D:/altera/13.1/quartus/../ip/altera/sopc_builder_ip/common -I D:/altera/13.1/quartus/../ip/altera/sopc_builder_ip/altera_avalon_new_sdram_controller -- D:/altera/13.1/quartus/../ip/altera/sopc_builder_ip/altera_avalon_new_sdram_controller/generate_rtl.pl --name=cpu_sdram --dir=C:/Users/Q/AppData/Local/Temp/alt7349_721433361606016595.dir/0003_sdram_gen/ --quartus_dir=D:/altera/13.1/quartus --verilog --config=C:/Users/Q/AppData/Local/Temp/alt7349_721433361606016595.dir/0003_sdram_gen//cpu_sdram_component_configuration.pl  --do_build_sim=0  ]
Info: sdram: Done RTL generation for module 'cpu_sdram'
Info: sdram: "cpu" instantiated altera_avalon_new_sdram_controller "sdram"
Info: sysid0: "cpu" instantiated altera_avalon_sysid_qsys "sysid0"
Info: jtag_uart_0: Starting RTL generation for module 'cpu_jtag_uart_0'
Info: jtag_uart_0:   Generation command is [exec D:/altera/13.1/quartus/bin/perl/bin/perl.exe -I D:/altera/13.1/quartus/bin/perl/lib -I D:/altera/13.1/quartus/sopc_builder/bin/europa -I D:/altera/13.1/quartus/sopc_builder/bin/perl_lib -I D:/altera/13.1/quartus/sopc_builder/bin -I D:/altera/13.1/quartus/../ip/altera/sopc_builder_ip/common -I D:/altera/13.1/quartus/../ip/altera/sopc_builder_ip/altera_avalon_jtag_uart -- D:/altera/13.1/quartus/../ip/altera/sopc_builder_ip/altera_avalon_jtag_uart/generate_rtl.pl --name=cpu_jtag_uart_0 --dir=C:/Users/Q/AppData/Local/Temp/alt7349_721433361606016595.dir/0005_jtag_uart_0_gen/ --quartus_dir=D:/altera/13.1/quartus --verilog --config=C:/Users/Q/AppData/Local/Temp/alt7349_721433361606016595.dir/0005_jtag_uart_0_gen//cpu_jtag_uart_0_component_configuration.pl  --do_build_sim=0  ]
Info: jtag_uart_0: Done RTL generation for module 'cpu_jtag_uart_0'
Info: jtag_uart_0: "cpu" instantiated altera_avalon_jtag_uart "jtag_uart_0"
Info: uart: Starting RTL generation for module 'cpu_uart'
Info: uart:   Generation command is [exec D:/altera/13.1/quartus/bin/perl/bin/perl.exe -I D:/altera/13.1/quartus/bin/perl/lib -I D:/altera/13.1/quartus/sopc_builder/bin/europa -I D:/altera/13.1/quartus/sopc_builder/bin/perl_lib -I D:/altera/13.1/quartus/sopc_builder/bin -I D:/altera/13.1/quartus/../ip/altera/sopc_builder_ip/common -I D:/altera/13.1/quartus/../ip/altera/sopc_builder_ip/altera_avalon_uart -- D:/altera/13.1/quartus/../ip/altera/sopc_builder_ip/altera_avalon_uart/generate_rtl.pl --name=cpu_uart --dir=C:/Users/Q/AppData/Local/Temp/alt7349_721433361606016595.dir/0006_uart_gen/ --quartus_dir=D:/altera/13.1/quartus --verilog --config=C:/Users/Q/AppData/Local/Temp/alt7349_721433361606016595.dir/0006_uart_gen//cpu_uart_component_configuration.pl  --do_build_sim=0  ]
Info: uart: Done RTL generation for module 'cpu_uart'
Info: uart: "cpu" instantiated altera_avalon_uart "uart"
Info: pipeline_bridge_swap_transform: After transform: 54 modules, 181 connections
Info: No custom instruction connections, skipping transform 
Info: merlin_initial_interconnect_transform: After transform: 0 modules, 0 connections
Info: No Avalon connections, skipping transform 
Info: merlin_hierarchy_transform: After transform: 54 modules, 181 connections
Info: merlin_initial_interconnect_transform: After transform: 0 modules, 0 connections
Info: No Avalon connections, skipping transform 
Info: merlin_hierarchy_transform: After transform: 54 modules, 181 connections
Info: merlin_initial_interconnect_transform: After transform: 0 modules, 0 connections
Info: No Avalon connections, skipping transform 
Info: merlin_hierarchy_transform: After transform: 54 modules, 181 connections
Info: merlin_initial_interconnect_transform: After transform: 0 modules, 0 connections
Info: No Avalon connections, skipping transform 
Info: merlin_hierarchy_transform: After transform: 54 modules, 181 connections
Info: merlin_initial_interconnect_transform: After transform: 0 modules, 0 connections
Info: No Avalon connections, skipping transform 
Info: merlin_hierarchy_transform: After transform: 54 modules, 181 connections
Info: merlin_initial_interconnect_transform: After transform: 0 modules, 0 connections
Info: No Avalon connections, skipping transform 
Info: merlin_hierarchy_transform: After transform: 54 modules, 181 connections
Info: merlin_initial_interconnect_transform: After transform: 0 modules, 0 connections
Info: No Avalon connections, skipping transform 
Info: merlin_hierarchy_transform: After transform: 54 modules, 181 connections
Info: merlin_initial_interconnect_transform: After transform: 0 modules, 0 connections
Info: No Avalon connections, skipping transform 
Info: merlin_hierarchy_transform: After transform: 54 modules, 181 connections
Info: mm_interconnect_0: "cpu" instantiated altera_merlin_interconnect_wrapper "mm_interconnect_0"
Info: irq_mapper: "cpu" instantiated altera_irq_mapper "irq_mapper"
Info: rst_controller: "cpu" instantiated altera_reset_controller "rst_controller"
Info: cpu_instruction_master_translator: "mm_interconnect_0" instantiated altera_merlin_master_translator "cpu_instruction_master_translator"
Info: cpu_jtag_debug_module_translator: "mm_interconnect_0" instantiated altera_merlin_slave_translator "cpu_jtag_debug_module_translator"
Info: cpu_instruction_master_translator_avalon_universal_master_0_agent: "mm_interconnect_0" instantiated altera_merlin_master_agent "cpu_instruction_master_translator_avalon_universal_master_0_agent"
Info: cpu_jtag_debug_module_translator_avalon_universal_slave_0_agent: "mm_interconnect_0" instantiated altera_merlin_slave_agent "cpu_jtag_debug_module_translator_avalon_universal_slave_0_agent"
Info: cpu_jtag_debug_module_translator_avalon_universal_slave_0_agent_rsp_fifo: "mm_interconnect_0" instantiated altera_avalon_sc_fifo "cpu_jtag_debug_module_translator_avalon_universal_slave_0_agent_rsp_fifo"
Info: addr_router: "mm_interconnect_0" instantiated altera_merlin_router "addr_router"
Info: addr_router_001: "mm_interconnect_0" instantiated altera_merlin_router "addr_router_001"
Info: id_router: "mm_interconnect_0" instantiated altera_merlin_router "id_router"
Info: id_router_001: "mm_interconnect_0" instantiated altera_merlin_router "id_router_001"
Info: id_router_002: "mm_interconnect_0" instantiated altera_merlin_router "id_router_002"
Info: limiter: "mm_interconnect_0" instantiated altera_merlin_traffic_limiter "limiter"
Info: Reusing file E:/DE1-SOC/New_Format/cpu/synthesis/submodules/altera_avalon_sc_fifo.v
Info: burst_adapter: "mm_interconnect_0" instantiated altera_merlin_burst_adapter "burst_adapter"
Info: cmd_xbar_demux: "mm_interconnect_0" instantiated altera_merlin_demultiplexer "cmd_xbar_demux"
Info: cmd_xbar_demux_001: "mm_interconnect_0" instantiated altera_merlin_demultiplexer "cmd_xbar_demux_001"
Info: cmd_xbar_mux: "mm_interconnect_0" instantiated altera_merlin_multiplexer "cmd_xbar_mux"
Info: cmd_xbar_mux_002: "mm_interconnect_0" instantiated altera_merlin_multiplexer "cmd_xbar_mux_002"
Info: Reusing file E:/DE1-SOC/New_Format/cpu/synthesis/submodules/altera_merlin_arbitrator.sv
Info: rsp_xbar_demux: "mm_interconnect_0" instantiated altera_merlin_demultiplexer "rsp_xbar_demux"
Info: rsp_xbar_demux_002: "mm_interconnect_0" instantiated altera_merlin_demultiplexer "rsp_xbar_demux_002"
Info: rsp_xbar_mux: "mm_interconnect_0" instantiated altera_merlin_multiplexer "rsp_xbar_mux"
Info: Reusing file E:/DE1-SOC/New_Format/cpu/synthesis/submodules/altera_merlin_arbitrator.sv
Info: rsp_xbar_mux_001: "mm_interconnect_0" instantiated altera_merlin_multiplexer "rsp_xbar_mux_001"
Info: Reusing file E:/DE1-SOC/New_Format/cpu/synthesis/submodules/altera_merlin_arbitrator.sv
Info: width_adapter: "mm_interconnect_0" instantiated altera_merlin_width_adapter "width_adapter"
Info: Reusing file E:/DE1-SOC/New_Format/cpu/synthesis/submodules/altera_merlin_address_alignment.sv
Info: Reusing file E:/DE1-SOC/New_Format/cpu/synthesis/submodules/altera_merlin_burst_uncompressor.sv
Info: cpu: Done "cpu" with 31 modules, 53 files, 1367956 bytes
Info: ip-generate succeeded.
Info: Finished: Create HDL design files for synthesis
