Flow report for pro_2017
Wed Aug 02 20:31:27 2017
Quartus II 64-Bit Version 13.1.0 Build 162 10/23/2013 SJ Full Version


---------------------
; Table of Contents ;
---------------------
  1. Legal Notice
  2. Flow Summary
  3. Flow Settings
  4. Flow Non-Default Global Settings
  5. Flow Elapsed Time
  6. Flow OS Summary
  7. Flow Log
  8. Flow Messages
  9. Flow Suppressed Messages



----------------
; Legal Notice ;
----------------
Copyright (C) 1991-2013 Altera Corporation
Your use of Altera Corporation's design tools, logic functions 
and other software and tools, and its AMPP partner logic 
functions, and any output files from any of the foregoing 
(including device programming or simulation files), and any 
associated documentation or information are expressly subject 
to the terms and conditions of the Altera Program License 
Subscription Agreement, Altera MegaCore Function License 
Agreement, or other applicable license agreement, including, 
without limitation, that your use is for the sole purpose of 
programming logic devices manufactured by Altera and sold by 
Altera or its authorized distributors.  Please refer to the 
applicable agreement for further details.



+-------------------------------------------------------------------------------+
; Flow Summary                                                                  ;
+---------------------------------+---------------------------------------------+
; Flow Status                     ; Successful - Wed Aug 02 20:31:27 2017       ;
; Quartus II 64-Bit Version       ; 13.1.0 Build 162 10/23/2013 SJ Full Version ;
; Revision Name                   ; pro_2017                                    ;
; Top-level Entity Name           ; pro_2017                                    ;
; Family                          ; Cyclone V                                   ;
; Device                          ; 5CSEMA5F31C6                                ;
; Timing Models                   ; Preliminary                                 ;
; Logic utilization (in ALMs)     ; N/A                                         ;
; Total registers                 ; 1980                                        ;
; Total pins                      ; 17                                          ;
; Total virtual pins              ; 0                                           ;
; Total block memory bits         ; 13,568                                      ;
; Total DSP Blocks                ; 0                                           ;
; Total HSSI RX PCSs              ; 0                                           ;
; Total HSSI PMA RX Deserializers ; 0                                           ;
; Total HSSI TX PCSs              ; 0                                           ;
; Total HSSI TX Channels          ; 0                                           ;
; Total PLLs                      ; 1                                           ;
; Total DLLs                      ; 0                                           ;
+---------------------------------+---------------------------------------------+


+-----------------------------------------+
; Flow Settings                           ;
+-------------------+---------------------+
; Option            ; Setting             ;
+-------------------+---------------------+
; Start date & time ; 08/02/2017 20:31:19 ;
; Main task         ; Compilation         ;
; Revision Name     ; pro_2017            ;
+-------------------+---------------------+


+-----------------------------------------------------------------------------------------------------------------------------------------------------------------------------------------------------------------------------------------------------------------------------------------------------------------------------------------------------------------------------------------------------------------------------------------------------------------+
; Flow Non-Default Global Settings                                                                                                                                                                                                                                                                                                                                                                                                                                ;
+--------------------------------------+------------------------------------------------------------------------------------------------------------------------------------------------------------------------------------------------------------------------------------------------------------------------------------------------------------------------------------------------------------------------+---------------+--------------+------------------+
; Assignment Name                      ; Value                                                                                                                                                                                                                                                                                                                                                                  ; Default Value ; Entity Name  ; Section Id       ;
+--------------------------------------+------------------------------------------------------------------------------------------------------------------------------------------------------------------------------------------------------------------------------------------------------------------------------------------------------------------------------------------------------------------------+---------------+--------------+------------------+
; COMPILER_SIGNATURE_ID                ; 264390072779909.150167707908252                                                                                                                                                                                                                                                                                                                                        ; --            ; --           ; --               ;
; EDA_DESIGN_INSTANCE_NAME             ; NA                                                                                                                                                                                                                                                                                                                                                                     ; --            ; --           ; tb_2011          ;
; EDA_NATIVELINK_SIMULATION_TEST_BENCH ; tb_2011                                                                                                                                                                                                                                                                                                                                                                ; --            ; --           ; eda_simulation   ;
; EDA_OUTPUT_DATA_FORMAT               ; Verilog Hdl                                                                                                                                                                                                                                                                                                                                                            ; --            ; --           ; eda_simulation   ;
; EDA_SIMULATION_TOOL                  ; ModelSim-Altera (Verilog)                                                                                                                                                                                                                                                                                                                                              ; <None>        ; --           ; --               ;
; EDA_TEST_BENCH_ENABLE_STATUS         ; TEST_BENCH_MODE                                                                                                                                                                                                                                                                                                                                                        ; --            ; --           ; eda_simulation   ;
; EDA_TEST_BENCH_FILE                  ; tb_2011.v                                                                                                                                                                                                                                                                                                                                                              ; --            ; --           ; tb_2011          ;
; EDA_TEST_BENCH_MODULE_NAME           ; tb_2011                                                                                                                                                                                                                                                                                                                                                                ; --            ; --           ; tb_2011          ;
; EDA_TEST_BENCH_NAME                  ; tb_2011                                                                                                                                                                                                                                                                                                                                                                ; --            ; --           ; eda_simulation   ;
; EDA_TIME_SCALE                       ; 1 ps                                                                                                                                                                                                                                                                                                                                                                   ; --            ; --           ; eda_simulation   ;
; ENABLE_SIGNALTAP                     ; On                                                                                                                                                                                                                                                                                                                                                                     ; --            ; --           ; --               ;
; IP_TOOL_ENV                          ; mwpim                                                                                                                                                                                                                                                                                                                                                                  ; --            ; clk_200      ; --               ;
; IP_TOOL_ENV                          ; mwpim                                                                                                                                                                                                                                                                                                                                                                  ; --            ; clk_200      ; --               ;
; IP_TOOL_ENV                          ; mwpim                                                                                                                                                                                                                                                                                                                                                                  ; --            ; clk_200_0002 ; --               ;
; IP_TOOL_NAME                         ; altera_pll                                                                                                                                                                                                                                                                                                                                                             ; --            ; clk_200      ; --               ;
; IP_TOOL_NAME                         ; altera_pll                                                                                                                                                                                                                                                                                                                                                             ; --            ; clk_200      ; --               ;
; IP_TOOL_NAME                         ; altera_pll                                                                                                                                                                                                                                                                                                                                                             ; --            ; clk_200_0002 ; --               ;
; IP_TOOL_VERSION                      ; 13.1                                                                                                                                                                                                                                                                                                                                                                   ; --            ; clk_200      ; --               ;
; IP_TOOL_VERSION                      ; 13.1                                                                                                                                                                                                                                                                                                                                                                   ; --            ; clk_200      ; --               ;
; IP_TOOL_VERSION                      ; 13.1                                                                                                                                                                                                                                                                                                                                                                   ; --            ; clk_200_0002 ; --               ;
; MAX_CORE_JUNCTION_TEMP               ; 85                                                                                                                                                                                                                                                                                                                                                                     ; --            ; --           ; --               ;
; MIN_CORE_JUNCTION_TEMP               ; 0                                                                                                                                                                                                                                                                                                                                                                      ; --            ; --           ; --               ;
; MISC_FILE                            ; clk_200.cmp                                                                                                                                                                                                                                                                                                                                                            ; --            ; --           ; --               ;
; MISC_FILE                            ; clk_200_sim/clk_200.vo                                                                                                                                                                                                                                                                                                                                                 ; --            ; --           ; --               ;
; OUTPUT_IO_TIMING_FAR_END_VMEAS       ; Half Signal Swing                                                                                                                                                                                                                                                                                                                                                      ; --            ; --           ; --               ;
; OUTPUT_IO_TIMING_FAR_END_VMEAS       ; Half Signal Swing                                                                                                                                                                                                                                                                                                                                                      ; --            ; --           ; --               ;
; OUTPUT_IO_TIMING_NEAR_END_VMEAS      ; Half Vccio                                                                                                                                                                                                                                                                                                                                                             ; --            ; --           ; --               ;
; OUTPUT_IO_TIMING_NEAR_END_VMEAS      ; Half Vccio                                                                                                                                                                                                                                                                                                                                                             ; --            ; --           ; --               ;
; PARTITION_COLOR                      ; 16764057                                                                                                                                                                                                                                                                                                                                                               ; --            ; --           ; Top              ;
; PARTITION_FITTER_PRESERVATION_LEVEL  ; PLACEMENT_AND_ROUTING                                                                                                                                                                                                                                                                                                                                                  ; --            ; --           ; Top              ;
; PARTITION_NETLIST_TYPE               ; SOURCE                                                                                                                                                                                                                                                                                                                                                                 ; --            ; --           ; Top              ;
; POWER_BOARD_THERMAL_MODEL            ; None (CONSERVATIVE)                                                                                                                                                                                                                                                                                                                                                    ; --            ; --           ; --               ;
; POWER_PRESET_COOLING_SOLUTION        ; 23 MM HEAT SINK WITH 200 LFPM AIRFLOW                                                                                                                                                                                                                                                                                                                                  ; --            ; --           ; --               ;
; PROJECT_OUTPUT_DIRECTORY             ; output_files                                                                                                                                                                                                                                                                                                                                                           ; --            ; --           ; --               ;
; SLD_FILE                             ; db/stp1_auto_stripped.stp                                                                                                                                                                                                                                                                                                                                              ; --            ; --           ; --               ;
; SLD_NODE_CREATOR_ID                  ; 110                                                                                                                                                                                                                                                                                                                                                                    ; --            ; --           ; auto_signaltap_0 ;
; SLD_NODE_ENTITY_NAME                 ; sld_signaltap                                                                                                                                                                                                                                                                                                                                                          ; --            ; --           ; auto_signaltap_0 ;
; SLD_NODE_PARAMETER_ASSIGNMENT        ; SLD_RAM_BLOCK_TYPE=AUTO                                                                                                                                                                                                                                                                                                                                                ; --            ; --           ; auto_signaltap_0 ;
; SLD_NODE_PARAMETER_ASSIGNMENT        ; SLD_NODE_INFO=805334528                                                                                                                                                                                                                                                                                                                                                ; --            ; --           ; auto_signaltap_0 ;
; SLD_NODE_PARAMETER_ASSIGNMENT        ; SLD_POWER_UP_TRIGGER=0                                                                                                                                                                                                                                                                                                                                                 ; --            ; --           ; auto_signaltap_0 ;
; SLD_NODE_PARAMETER_ASSIGNMENT        ; SLD_STORAGE_QUALIFIER_INVERSION_MASK_LENGTH=0                                                                                                                                                                                                                                                                                                                          ; --            ; --           ; auto_signaltap_0 ;
; SLD_NODE_PARAMETER_ASSIGNMENT        ; SLD_SEGMENT_SIZE=128                                                                                                                                                                                                                                                                                                                                                   ; --            ; --           ; auto_signaltap_0 ;
; SLD_NODE_PARAMETER_ASSIGNMENT        ; SLD_ATTRIBUTE_MEM_MODE=OFF                                                                                                                                                                                                                                                                                                                                             ; --            ; --           ; auto_signaltap_0 ;
; SLD_NODE_PARAMETER_ASSIGNMENT        ; SLD_STATE_FLOW_USE_GENERATED=0                                                                                                                                                                                                                                                                                                                                         ; --            ; --           ; auto_signaltap_0 ;
; SLD_NODE_PARAMETER_ASSIGNMENT        ; SLD_STATE_BITS=11                                                                                                                                                                                                                                                                                                                                                      ; --            ; --           ; auto_signaltap_0 ;
; SLD_NODE_PARAMETER_ASSIGNMENT        ; SLD_BUFFER_FULL_STOP=1                                                                                                                                                                                                                                                                                                                                                 ; --            ; --           ; auto_signaltap_0 ;
; SLD_NODE_PARAMETER_ASSIGNMENT        ; SLD_CURRENT_RESOURCE_WIDTH=1                                                                                                                                                                                                                                                                                                                                           ; --            ; --           ; auto_signaltap_0 ;
; SLD_NODE_PARAMETER_ASSIGNMENT        ; SLD_TRIGGER_LEVEL=1                                                                                                                                                                                                                                                                                                                                                    ; --            ; --           ; auto_signaltap_0 ;
; SLD_NODE_PARAMETER_ASSIGNMENT        ; SLD_SAMPLE_DEPTH=128                                                                                                                                                                                                                                                                                                                                                   ; --            ; --           ; auto_signaltap_0 ;
; SLD_NODE_PARAMETER_ASSIGNMENT        ; SLD_TRIGGER_IN_ENABLED=0                                                                                                                                                                                                                                                                                                                                               ; --            ; --           ; auto_signaltap_0 ;
; SLD_NODE_PARAMETER_ASSIGNMENT        ; SLD_ADVANCED_TRIGGER_ENTITY=basic,1,                                                                                                                                                                                                                                                                                                                                   ; --            ; --           ; auto_signaltap_0 ;
; SLD_NODE_PARAMETER_ASSIGNMENT        ; SLD_TRIGGER_LEVEL_PIPELINE=1                                                                                                                                                                                                                                                                                                                                           ; --            ; --           ; auto_signaltap_0 ;
; SLD_NODE_PARAMETER_ASSIGNMENT        ; SLD_ENABLE_ADVANCED_TRIGGER=0                                                                                                                                                                                                                                                                                                                                          ; --            ; --           ; auto_signaltap_0 ;
; SLD_NODE_PARAMETER_ASSIGNMENT        ; SLD_DATA_BITS=106                                                                                                                                                                                                                                                                                                                                                      ; --            ; --           ; auto_signaltap_0 ;
; SLD_NODE_PARAMETER_ASSIGNMENT        ; SLD_TRIGGER_BITS=106                                                                                                                                                                                                                                                                                                                                                   ; --            ; --           ; auto_signaltap_0 ;
; SLD_NODE_PARAMETER_ASSIGNMENT        ; SLD_INVERSION_MASK=000000000000000000000000000000000000000000000000000000000000000000000000000000000000000000000000000000000000000000000000000000000000000000000000000000000000000000000000000000000000000000000000000000000000000000000000000000000000000000000000000000000000000000000000000000000000000000000000000000000000000000000000000000000000000000000000000 ; --            ; --           ; auto_signaltap_0 ;
; SLD_NODE_PARAMETER_ASSIGNMENT        ; SLD_INVERSION_MASK_LENGTH=339                                                                                                                                                                                                                                                                                                                                          ; --            ; --           ; auto_signaltap_0 ;
; SLD_NODE_PARAMETER_ASSIGNMENT        ; SLD_NODE_CRC_LOWORD=2395                                                                                                                                                                                                                                                                                                                                               ; --            ; --           ; auto_signaltap_0 ;
; SLD_NODE_PARAMETER_ASSIGNMENT        ; SLD_NODE_CRC_HIWORD=56738                                                                                                                                                                                                                                                                                                                                              ; --            ; --           ; auto_signaltap_0 ;
; SPD_FILE                             ; clk_200.spd                                                                                                                                                                                                                                                                                                                                                            ; --            ; --           ; --               ;
; SYNTHESIS_ONLY_QIP                   ; On                                                                                                                                                                                                                                                                                                                                                                     ; --            ; --           ; --               ;
; USE_SIGNALTAP_FILE                   ; sigtab/stp1.stp                                                                                                                                                                                                                                                                                                                                                        ; --            ; --           ; --               ;
+--------------------------------------+------------------------------------------------------------------------------------------------------------------------------------------------------------------------------------------------------------------------------------------------------------------------------------------------------------------------------------------------------------------------+---------------+--------------+------------------+


+--------------------------------------------------------------------------------------------------------------------------+
; Flow Elapsed Time                                                                                                        ;
+----------------------+--------------+-------------------------+---------------------+------------------------------------+
; Module Name          ; Elapsed Time ; Average Processors Used ; Peak Virtual Memory ; Total CPU Time (on all processors) ;
+----------------------+--------------+-------------------------+---------------------+------------------------------------+
; Analysis & Synthesis ; 00:00:08     ; 1.0                     ; 648 MB              ; 00:00:07                           ;
; Total                ; 00:00:08     ; --                      ; --                  ; 00:00:07                           ;
+----------------------+--------------+-------------------------+---------------------+------------------------------------+


+-----------------------------------------------------------------------------------+
; Flow OS Summary                                                                   ;
+----------------------+------------------+-----------+------------+----------------+
; Module Name          ; Machine Hostname ; OS Name   ; OS Version ; Processor type ;
+----------------------+------------------+-----------+------------+----------------+
; Analysis & Synthesis ; DESKTOP-3ERM82O  ; Windows 7 ; 6.2        ; x86_64         ;
+----------------------+------------------+-----------+------------+----------------+


------------
; Flow Log ;
------------
quartus_map --read_settings_files=on --write_settings_files=off pro_2017 -c pro_2017



