TimeQuest Timing Analyzer report for jdclk
Thu Aug 04 14:56:44 2011
Quartus II Version 9.0 Build 235 06/17/2009 Service Pack 2 SJ Web Edition


---------------------
; Table of Contents ;
---------------------
  1. Legal Notice
  2. TimeQuest Timing Analyzer Summary
  3. Parallel Compilation
  4. Clocks
  5. Slow Model Fmax Summary
  6. Slow Model Setup Summary
  7. Slow Model Hold Summary
  8. Slow Model Recovery Summary
  9. Slow Model Removal Summary
 10. Slow Model Minimum Pulse Width
 11. Setup Times
 12. Hold Times
 13. Clock to Output Times
 14. Minimum Clock to Output Times
 15. Fast Model Setup Summary
 16. Fast Model Hold Summary
 17. Fast Model Recovery Summary
 18. Fast Model Removal Summary
 19. Fast Model Minimum Pulse Width
 20. Setup Times
 21. Hold Times
 22. Clock to Output Times
 23. Minimum Clock to Output Times
 24. Multicorner Timing Analysis Summary
 25. Setup Times
 26. Hold Times
 27. Clock to Output Times
 28. Minimum Clock to Output Times
 29. Setup Transfers
 30. Hold Transfers
 31. Recovery Transfers
 32. Removal Transfers
 33. Report TCCS
 34. Report RSKM
 35. Unconstrained Paths
 36. TimeQuest Timing Analyzer Messages



----------------
; Legal Notice ;
----------------
Copyright (C) 1991-2009 Altera Corporation
Your use of Altera Corporation's design tools, logic functions 
and other software and tools, and its AMPP partner logic 
functions, and any output files from any of the foregoing 
(including device programming or simulation files), and any 
associated documentation or information are expressly subject 
to the terms and conditions of the Altera Program License 
Subscription Agreement, Altera MegaCore Function License 
Agreement, or other applicable license agreement, including, 
without limitation, that your use is for the sole purpose of 
programming logic devices manufactured by Altera and sold by 
Altera or its authorized distributors.  Please refer to the 
applicable agreement for further details.



+-------------------------------------------------------------------------------------+
; TimeQuest Timing Analyzer Summary                                                   ;
+--------------------+----------------------------------------------------------------+
; Quartus II Version ; Version 9.0 Build 235 06/17/2009 Service Pack 2 SJ Web Edition ;
; Revision Name      ; jdclk                                                          ;
; Device Family      ; Cyclone II                                                     ;
; Device Name        ; EP2C5T144C8                                                    ;
; Timing Models      ; Final                                                          ;
; Delay Model        ; Combined                                                       ;
; Rise/Fall Delays   ; Unavailable                                                    ;
+--------------------+----------------------------------------------------------------+


Parallel compilation was disabled, but you have multiple processors available. Enable parallel compilation to reduce compilation time.
+-------------------------------------+
; Parallel Compilation                ;
+----------------------------+--------+
; Processors                 ; Number ;
+----------------------------+--------+
; Number detected on machine ; 2      ;
; Maximum allowed            ; 1      ;
+----------------------------+--------+


+-----------------------------------------------------------------------------------------------------------------------------------------------------------------------------------+
; Clocks                                                                                                                                                                            ;
+------------+------+--------+------------+-------+-------+------------+-----------+-------------+-------+--------+-----------+------------+----------+--------+--------+-----------+
; Clock Name ; Type ; Period ; Frequency  ; Rise  ; Fall  ; Duty Cycle ; Divide by ; Multiply by ; Phase ; Offset ; Edge List ; Edge Shift ; Inverted ; Master ; Source ; Targets   ;
+------------+------+--------+------------+-------+-------+------------+-----------+-------------+-------+--------+-----------+------------+----------+--------+--------+-----------+
; c0         ; Base ; 1.000  ; 1000.0 MHz ; 0.000 ; 0.500 ;            ;           ;             ;       ;        ;           ;            ;          ;        ;        ; { c0 }    ;
; cyclk      ; Base ; 1.000  ; 1000.0 MHz ; 0.000 ; 0.500 ;            ;           ;             ;       ;        ;           ;            ;          ;        ;        ; { cyclk } ;
; rst        ; Base ; 1.000  ; 1000.0 MHz ; 0.000 ; 0.500 ;            ;           ;             ;       ;        ;           ;            ;          ;        ;        ; { rst }   ;
+------------+------+--------+------------+-------+-------+------------+-----------+-------------+-------+--------+-----------+------------+----------+--------+--------+-----------+


+--------------------------------------------------+
; Slow Model Fmax Summary                          ;
+------------+-----------------+------------+------+
; Fmax       ; Restricted Fmax ; Clock Name ; Note ;
+------------+-----------------+------------+------+
; 101.96 MHz ; 101.96 MHz      ; cyclk      ;      ;
; 183.12 MHz ; 183.12 MHz      ; c0         ;      ;
+------------+-----------------+------------+------+
This panel reports FMAX for every clock in the design, regardless of the user-specified clock periods.  FMAX is only computed for paths where the source and destination registers or ports are driven by the same clock.  Paths of different clocks, including generated clocks, are ignored.  For paths between a clock and its inversion, FMAX is computed as if the rising and falling edges are scaled along with FMAX, such that the duty cycle (in terms of a percentage) is maintained. Altera recommends that you always use clock constraints and other slack reports for sign-off analysis.


+---------------------------------+
; Slow Model Setup Summary        ;
+-------+---------+---------------+
; Clock ; Slack   ; End Point TNS ;
+-------+---------+---------------+
; c0    ; -10.039 ; -85.943       ;
; cyclk ; -8.407  ; -55.999       ;
; rst   ; -1.167  ; -1.167        ;
+-------+---------+---------------+


+-------------------------------+
; Slow Model Hold Summary       ;
+-------+-------+---------------+
; Clock ; Slack ; End Point TNS ;
+-------+-------+---------------+
; c0    ; 0.499 ; 0.000         ;
; rst   ; 0.716 ; 0.000         ;
; cyclk ; 1.347 ; 0.000         ;
+-------+-------+---------------+


+--------------------------------+
; Slow Model Recovery Summary    ;
+-------+--------+---------------+
; Clock ; Slack  ; End Point TNS ;
+-------+--------+---------------+
; cyclk ; -5.311 ; -36.011       ;
+-------+--------+---------------+


+-------------------------------+
; Slow Model Removal Summary    ;
+-------+-------+---------------+
; Clock ; Slack ; End Point TNS ;
+-------+-------+---------------+
; cyclk ; 4.348 ; 0.000         ;
+-------+-------+---------------+


+---------------------------------------------------------------------------------------------------------+
; Slow Model Minimum Pulse Width                                                                          ;
+--------+--------------+----------------+------------------+-------+------------+------------------------+
; Slack  ; Actual Width ; Required Width ; Type             ; Clock ; Clock Edge ; Target                 ;
+--------+--------------+----------------+------------------+-------+------------+------------------------+
; -1.941 ; 1.000        ; 2.941          ; Port Rate        ; c0    ; Rise       ; c0                     ;
; -1.941 ; 1.000        ; 2.941          ; Port Rate        ; cyclk ; Rise       ; cyclk                  ;
; -1.777 ; 1.000        ; 2.777          ; Port Rate        ; rst   ; Rise       ; rst                    ;
; -0.742 ; 0.500        ; 1.242          ; High Pulse Width ; c0    ; Rise       ; i[0]                   ;
; -0.742 ; 0.500        ; 1.242          ; Low Pulse Width  ; c0    ; Rise       ; i[0]                   ;
; -0.742 ; 0.500        ; 1.242          ; High Pulse Width ; c0    ; Rise       ; i[1]                   ;
; -0.742 ; 0.500        ; 1.242          ; Low Pulse Width  ; c0    ; Rise       ; i[1]                   ;
; -0.742 ; 0.500        ; 1.242          ; High Pulse Width ; c0    ; Rise       ; i[2]                   ;
; -0.742 ; 0.500        ; 1.242          ; Low Pulse Width  ; c0    ; Rise       ; i[2]                   ;
; -0.742 ; 0.500        ; 1.242          ; High Pulse Width ; c0    ; Rise       ; i[3]                   ;
; -0.742 ; 0.500        ; 1.242          ; Low Pulse Width  ; c0    ; Rise       ; i[3]                   ;
; -0.742 ; 0.500        ; 1.242          ; High Pulse Width ; c0    ; Rise       ; i[4]                   ;
; -0.742 ; 0.500        ; 1.242          ; Low Pulse Width  ; c0    ; Rise       ; i[4]                   ;
; -0.742 ; 0.500        ; 1.242          ; High Pulse Width ; c0    ; Rise       ; i[5]                   ;
; -0.742 ; 0.500        ; 1.242          ; Low Pulse Width  ; c0    ; Rise       ; i[5]                   ;
; -0.742 ; 0.500        ; 1.242          ; High Pulse Width ; c0    ; Rise       ; i[6]                   ;
; -0.742 ; 0.500        ; 1.242          ; Low Pulse Width  ; c0    ; Rise       ; i[6]                   ;
; -0.742 ; 0.500        ; 1.242          ; High Pulse Width ; c0    ; Rise       ; i[7]                   ;
; -0.742 ; 0.500        ; 1.242          ; Low Pulse Width  ; c0    ; Rise       ; i[7]                   ;
; -0.742 ; 0.500        ; 1.242          ; High Pulse Width ; c0    ; Rise       ; jdclk~reg0             ;
; -0.742 ; 0.500        ; 1.242          ; Low Pulse Width  ; c0    ; Rise       ; jdclk~reg0             ;
; 0.500  ; 0.500        ; 0.000          ; High Pulse Width ; c0    ; Rise       ; c0|combout             ;
; 0.500  ; 0.500        ; 0.000          ; Low Pulse Width  ; c0    ; Rise       ; c0|combout             ;
; 0.500  ; 0.500        ; 0.000          ; High Pulse Width ; c0    ; Rise       ; c0~clkctrl|inclk[0]    ;
; 0.500  ; 0.500        ; 0.000          ; Low Pulse Width  ; c0    ; Rise       ; c0~clkctrl|inclk[0]    ;
; 0.500  ; 0.500        ; 0.000          ; High Pulse Width ; c0    ; Rise       ; c0~clkctrl|outclk      ;
; 0.500  ; 0.500        ; 0.000          ; Low Pulse Width  ; c0    ; Rise       ; c0~clkctrl|outclk      ;
; 0.500  ; 0.500        ; 0.000          ; High Pulse Width ; cyclk ; Rise       ; cyclk|combout          ;
; 0.500  ; 0.500        ; 0.000          ; Low Pulse Width  ; cyclk ; Rise       ; cyclk|combout          ;
; 0.500  ; 0.500        ; 0.000          ; High Pulse Width ; cyclk ; Rise       ; cyclk~clkctrl|inclk[0] ;
; 0.500  ; 0.500        ; 0.000          ; Low Pulse Width  ; cyclk ; Rise       ; cyclk~clkctrl|inclk[0] ;
; 0.500  ; 0.500        ; 0.000          ; High Pulse Width ; cyclk ; Rise       ; cyclk~clkctrl|outclk   ;
; 0.500  ; 0.500        ; 0.000          ; Low Pulse Width  ; cyclk ; Rise       ; cyclk~clkctrl|outclk   ;
; 0.500  ; 0.500        ; 0.000          ; High Pulse Width ; c0    ; Rise       ; i[0]|clk               ;
; 0.500  ; 0.500        ; 0.000          ; Low Pulse Width  ; c0    ; Rise       ; i[0]|clk               ;
; 0.500  ; 0.500        ; 0.000          ; High Pulse Width ; c0    ; Rise       ; i[1]|clk               ;
; 0.500  ; 0.500        ; 0.000          ; Low Pulse Width  ; c0    ; Rise       ; i[1]|clk               ;
; 0.500  ; 0.500        ; 0.000          ; High Pulse Width ; c0    ; Rise       ; i[2]|clk               ;
; 0.500  ; 0.500        ; 0.000          ; Low Pulse Width  ; c0    ; Rise       ; i[2]|clk               ;
; 0.500  ; 0.500        ; 0.000          ; High Pulse Width ; c0    ; Rise       ; i[3]|clk               ;
; 0.500  ; 0.500        ; 0.000          ; Low Pulse Width  ; c0    ; Rise       ; i[3]|clk               ;
; 0.500  ; 0.500        ; 0.000          ; High Pulse Width ; c0    ; Rise       ; i[4]|clk               ;
; 0.500  ; 0.500        ; 0.000          ; Low Pulse Width  ; c0    ; Rise       ; i[4]|clk               ;
; 0.500  ; 0.500        ; 0.000          ; High Pulse Width ; c0    ; Rise       ; i[5]|clk               ;
; 0.500  ; 0.500        ; 0.000          ; Low Pulse Width  ; c0    ; Rise       ; i[5]|clk               ;
; 0.500  ; 0.500        ; 0.000          ; High Pulse Width ; c0    ; Rise       ; i[6]|clk               ;
; 0.500  ; 0.500        ; 0.000          ; Low Pulse Width  ; c0    ; Rise       ; i[6]|clk               ;
; 0.500  ; 0.500        ; 0.000          ; High Pulse Width ; c0    ; Rise       ; i[7]|clk               ;
; 0.500  ; 0.500        ; 0.000          ; Low Pulse Width  ; c0    ; Rise       ; i[7]|clk               ;
; 0.500  ; 0.500        ; 0.000          ; High Pulse Width ; c0    ; Rise       ; jdclk~reg0|clk         ;
; 0.500  ; 0.500        ; 0.000          ; Low Pulse Width  ; c0    ; Rise       ; jdclk~reg0|clk         ;
; 0.500  ; 0.500        ; 0.000          ; High Pulse Width ; cyclk ; Rise       ; m[1]                   ;
; 0.500  ; 0.500        ; 0.000          ; Low Pulse Width  ; cyclk ; Rise       ; m[1]                   ;
; 0.500  ; 0.500        ; 0.000          ; High Pulse Width ; cyclk ; Rise       ; m[1]|datad             ;
; 0.500  ; 0.500        ; 0.000          ; Low Pulse Width  ; cyclk ; Rise       ; m[1]|datad             ;
; 0.500  ; 0.500        ; 0.000          ; High Pulse Width ; cyclk ; Rise       ; m[2]                   ;
; 0.500  ; 0.500        ; 0.000          ; Low Pulse Width  ; cyclk ; Rise       ; m[2]                   ;
; 0.500  ; 0.500        ; 0.000          ; High Pulse Width ; cyclk ; Rise       ; m[2]|datad             ;
; 0.500  ; 0.500        ; 0.000          ; Low Pulse Width  ; cyclk ; Rise       ; m[2]|datad             ;
; 0.500  ; 0.500        ; 0.000          ; High Pulse Width ; cyclk ; Rise       ; m[3]                   ;
; 0.500  ; 0.500        ; 0.000          ; Low Pulse Width  ; cyclk ; Rise       ; m[3]                   ;
; 0.500  ; 0.500        ; 0.000          ; High Pulse Width ; cyclk ; Rise       ; m[3]|datac             ;
; 0.500  ; 0.500        ; 0.000          ; Low Pulse Width  ; cyclk ; Rise       ; m[3]|datac             ;
; 0.500  ; 0.500        ; 0.000          ; High Pulse Width ; cyclk ; Rise       ; m[4]                   ;
; 0.500  ; 0.500        ; 0.000          ; Low Pulse Width  ; cyclk ; Rise       ; m[4]                   ;
; 0.500  ; 0.500        ; 0.000          ; High Pulse Width ; cyclk ; Rise       ; m[4]|datad             ;
; 0.500  ; 0.500        ; 0.000          ; Low Pulse Width  ; cyclk ; Rise       ; m[4]|datad             ;
; 0.500  ; 0.500        ; 0.000          ; High Pulse Width ; cyclk ; Rise       ; m[5]                   ;
; 0.500  ; 0.500        ; 0.000          ; Low Pulse Width  ; cyclk ; Rise       ; m[5]                   ;
; 0.500  ; 0.500        ; 0.000          ; High Pulse Width ; cyclk ; Rise       ; m[5]|datad             ;
; 0.500  ; 0.500        ; 0.000          ; Low Pulse Width  ; cyclk ; Rise       ; m[5]|datad             ;
; 0.500  ; 0.500        ; 0.000          ; High Pulse Width ; cyclk ; Rise       ; m[6]                   ;
; 0.500  ; 0.500        ; 0.000          ; Low Pulse Width  ; cyclk ; Rise       ; m[6]                   ;
; 0.500  ; 0.500        ; 0.000          ; High Pulse Width ; cyclk ; Rise       ; m[6]|datac             ;
; 0.500  ; 0.500        ; 0.000          ; Low Pulse Width  ; cyclk ; Rise       ; m[6]|datac             ;
; 0.500  ; 0.500        ; 0.000          ; High Pulse Width ; cyclk ; Rise       ; m[7]                   ;
; 0.500  ; 0.500        ; 0.000          ; Low Pulse Width  ; cyclk ; Rise       ; m[7]                   ;
; 0.500  ; 0.500        ; 0.000          ; High Pulse Width ; cyclk ; Rise       ; m[7]|datad             ;
; 0.500  ; 0.500        ; 0.000          ; Low Pulse Width  ; cyclk ; Rise       ; m[7]|datad             ;
; 0.500  ; 0.500        ; 0.000          ; High Pulse Width ; rst   ; Fall       ; n                      ;
; 0.500  ; 0.500        ; 0.000          ; Low Pulse Width  ; rst   ; Fall       ; n                      ;
; 0.500  ; 0.500        ; 0.000          ; High Pulse Width ; rst   ; Rise       ; n|datac                ;
; 0.500  ; 0.500        ; 0.000          ; Low Pulse Width  ; rst   ; Rise       ; n|datac                ;
; 0.500  ; 0.500        ; 0.000          ; High Pulse Width ; rst   ; Rise       ; rst|combout            ;
; 0.500  ; 0.500        ; 0.000          ; Low Pulse Width  ; rst   ; Rise       ; rst|combout            ;
+--------+--------------+----------------+------------------+-------+------------+------------------------+


+-------------------------------------------------------------------------+
; Setup Times                                                             ;
+-----------+------------+--------+--------+------------+-----------------+
; Data Port ; Clock Port ; Rise   ; Fall   ; Clock Edge ; Clock Reference ;
+-----------+------------+--------+--------+------------+-----------------+
; cyclk     ; c0         ; 6.536  ; 6.536  ; Rise       ; c0              ;
; locked    ; c0         ; 6.695  ; 6.695  ; Rise       ; c0              ;
; rst       ; c0         ; 10.539 ; 10.539 ; Rise       ; c0              ;
; cyclk     ; cyclk      ; 4.904  ; 4.904  ; Rise       ; cyclk           ;
; rst       ; cyclk      ; 8.907  ; 8.907  ; Rise       ; cyclk           ;
; cyclk     ; rst        ; 1.667  ; 1.667  ; Fall       ; rst             ;
+-----------+------------+--------+--------+------------+-----------------+


+-------------------------------------------------------------------------+
; Hold Times                                                              ;
+-----------+------------+--------+--------+------------+-----------------+
; Data Port ; Clock Port ; Rise   ; Fall   ; Clock Edge ; Clock Reference ;
+-----------+------------+--------+--------+------------+-----------------+
; cyclk     ; c0         ; -4.768 ; -4.768 ; Rise       ; c0              ;
; locked    ; c0         ; -3.830 ; -3.830 ; Rise       ; c0              ;
; rst       ; c0         ; -8.771 ; -8.771 ; Rise       ; c0              ;
; cyclk     ; cyclk      ; -2.667 ; -2.667 ; Rise       ; cyclk           ;
; rst       ; cyclk      ; -6.670 ; -6.670 ; Rise       ; cyclk           ;
; cyclk     ; rst        ; -0.716 ; -0.716 ; Fall       ; rst             ;
+-----------+------------+--------+--------+------------+-----------------+


+-----------------------------------------------------------------------+
; Clock to Output Times                                                 ;
+-----------+------------+-------+-------+------------+-----------------+
; Data Port ; Clock Port ; Rise  ; Fall  ; Clock Edge ; Clock Reference ;
+-----------+------------+-------+-------+------------+-----------------+
; jdclk     ; c0         ; 7.368 ; 7.368 ; Rise       ; c0              ;
+-----------+------------+-------+-------+------------+-----------------+


+-----------------------------------------------------------------------+
; Minimum Clock to Output Times                                         ;
+-----------+------------+-------+-------+------------+-----------------+
; Data Port ; Clock Port ; Rise  ; Fall  ; Clock Edge ; Clock Reference ;
+-----------+------------+-------+-------+------------+-----------------+
; jdclk     ; c0         ; 7.368 ; 7.368 ; Rise       ; c0              ;
+-----------+------------+-------+-------+------------+-----------------+


+--------------------------------+
; Fast Model Setup Summary       ;
+-------+--------+---------------+
; Clock ; Slack  ; End Point TNS ;
+-------+--------+---------------+
; c0    ; -3.405 ; -28.937       ;
; cyclk ; -3.026 ; -20.033       ;
; rst   ; 0.066  ; 0.000         ;
+-------+--------+---------------+


+-------------------------------+
; Fast Model Hold Summary       ;
+-------+-------+---------------+
; Clock ; Slack ; End Point TNS ;
+-------+-------+---------------+
; rst   ; 0.158 ; 0.000         ;
; c0    ; 0.215 ; 0.000         ;
; cyclk ; 0.395 ; 0.000         ;
+-------+-------+---------------+


+--------------------------------+
; Fast Model Recovery Summary    ;
+-------+--------+---------------+
; Clock ; Slack  ; End Point TNS ;
+-------+--------+---------------+
; cyclk ; -2.062 ; -14.095       ;
+-------+--------+---------------+


+-------------------------------+
; Fast Model Removal Summary    ;
+-------+-------+---------------+
; Clock ; Slack ; End Point TNS ;
+-------+-------+---------------+
; cyclk ; 2.133 ; 0.000         ;
+-------+-------+---------------+


+---------------------------------------------------------------------------------------------------------+
; Fast Model Minimum Pulse Width                                                                          ;
+--------+--------------+----------------+------------------+-------+------------+------------------------+
; Slack  ; Actual Width ; Required Width ; Type             ; Clock ; Clock Edge ; Target                 ;
+--------+--------------+----------------+------------------+-------+------------+------------------------+
; -1.380 ; 1.000        ; 2.380          ; Port Rate        ; c0    ; Rise       ; c0                     ;
; -1.380 ; 1.000        ; 2.380          ; Port Rate        ; cyclk ; Rise       ; cyclk                  ;
; -1.222 ; 1.000        ; 2.222          ; Port Rate        ; rst   ; Rise       ; rst                    ;
; -0.500 ; 0.500        ; 1.000          ; High Pulse Width ; c0    ; Rise       ; i[0]                   ;
; -0.500 ; 0.500        ; 1.000          ; Low Pulse Width  ; c0    ; Rise       ; i[0]                   ;
; -0.500 ; 0.500        ; 1.000          ; High Pulse Width ; c0    ; Rise       ; i[1]                   ;
; -0.500 ; 0.500        ; 1.000          ; Low Pulse Width  ; c0    ; Rise       ; i[1]                   ;
; -0.500 ; 0.500        ; 1.000          ; High Pulse Width ; c0    ; Rise       ; i[2]                   ;
; -0.500 ; 0.500        ; 1.000          ; Low Pulse Width  ; c0    ; Rise       ; i[2]                   ;
; -0.500 ; 0.500        ; 1.000          ; High Pulse Width ; c0    ; Rise       ; i[3]                   ;
; -0.500 ; 0.500        ; 1.000          ; Low Pulse Width  ; c0    ; Rise       ; i[3]                   ;
; -0.500 ; 0.500        ; 1.000          ; High Pulse Width ; c0    ; Rise       ; i[4]                   ;
; -0.500 ; 0.500        ; 1.000          ; Low Pulse Width  ; c0    ; Rise       ; i[4]                   ;
; -0.500 ; 0.500        ; 1.000          ; High Pulse Width ; c0    ; Rise       ; i[5]                   ;
; -0.500 ; 0.500        ; 1.000          ; Low Pulse Width  ; c0    ; Rise       ; i[5]                   ;
; -0.500 ; 0.500        ; 1.000          ; High Pulse Width ; c0    ; Rise       ; i[6]                   ;
; -0.500 ; 0.500        ; 1.000          ; Low Pulse Width  ; c0    ; Rise       ; i[6]                   ;
; -0.500 ; 0.500        ; 1.000          ; High Pulse Width ; c0    ; Rise       ; i[7]                   ;
; -0.500 ; 0.500        ; 1.000          ; Low Pulse Width  ; c0    ; Rise       ; i[7]                   ;
; -0.500 ; 0.500        ; 1.000          ; High Pulse Width ; c0    ; Rise       ; jdclk~reg0             ;
; -0.500 ; 0.500        ; 1.000          ; Low Pulse Width  ; c0    ; Rise       ; jdclk~reg0             ;
; 0.500  ; 0.500        ; 0.000          ; High Pulse Width ; c0    ; Rise       ; c0|combout             ;
; 0.500  ; 0.500        ; 0.000          ; Low Pulse Width  ; c0    ; Rise       ; c0|combout             ;
; 0.500  ; 0.500        ; 0.000          ; High Pulse Width ; c0    ; Rise       ; c0~clkctrl|inclk[0]    ;
; 0.500  ; 0.500        ; 0.000          ; Low Pulse Width  ; c0    ; Rise       ; c0~clkctrl|inclk[0]    ;
; 0.500  ; 0.500        ; 0.000          ; High Pulse Width ; c0    ; Rise       ; c0~clkctrl|outclk      ;
; 0.500  ; 0.500        ; 0.000          ; Low Pulse Width  ; c0    ; Rise       ; c0~clkctrl|outclk      ;
; 0.500  ; 0.500        ; 0.000          ; High Pulse Width ; cyclk ; Rise       ; cyclk|combout          ;
; 0.500  ; 0.500        ; 0.000          ; Low Pulse Width  ; cyclk ; Rise       ; cyclk|combout          ;
; 0.500  ; 0.500        ; 0.000          ; High Pulse Width ; cyclk ; Rise       ; cyclk~clkctrl|inclk[0] ;
; 0.500  ; 0.500        ; 0.000          ; Low Pulse Width  ; cyclk ; Rise       ; cyclk~clkctrl|inclk[0] ;
; 0.500  ; 0.500        ; 0.000          ; High Pulse Width ; cyclk ; Rise       ; cyclk~clkctrl|outclk   ;
; 0.500  ; 0.500        ; 0.000          ; Low Pulse Width  ; cyclk ; Rise       ; cyclk~clkctrl|outclk   ;
; 0.500  ; 0.500        ; 0.000          ; High Pulse Width ; c0    ; Rise       ; i[0]|clk               ;
; 0.500  ; 0.500        ; 0.000          ; Low Pulse Width  ; c0    ; Rise       ; i[0]|clk               ;
; 0.500  ; 0.500        ; 0.000          ; High Pulse Width ; c0    ; Rise       ; i[1]|clk               ;
; 0.500  ; 0.500        ; 0.000          ; Low Pulse Width  ; c0    ; Rise       ; i[1]|clk               ;
; 0.500  ; 0.500        ; 0.000          ; High Pulse Width ; c0    ; Rise       ; i[2]|clk               ;
; 0.500  ; 0.500        ; 0.000          ; Low Pulse Width  ; c0    ; Rise       ; i[2]|clk               ;
; 0.500  ; 0.500        ; 0.000          ; High Pulse Width ; c0    ; Rise       ; i[3]|clk               ;
; 0.500  ; 0.500        ; 0.000          ; Low Pulse Width  ; c0    ; Rise       ; i[3]|clk               ;
; 0.500  ; 0.500        ; 0.000          ; High Pulse Width ; c0    ; Rise       ; i[4]|clk               ;
; 0.500  ; 0.500        ; 0.000          ; Low Pulse Width  ; c0    ; Rise       ; i[4]|clk               ;
; 0.500  ; 0.500        ; 0.000          ; High Pulse Width ; c0    ; Rise       ; i[5]|clk               ;
; 0.500  ; 0.500        ; 0.000          ; Low Pulse Width  ; c0    ; Rise       ; i[5]|clk               ;
; 0.500  ; 0.500        ; 0.000          ; High Pulse Width ; c0    ; Rise       ; i[6]|clk               ;
; 0.500  ; 0.500        ; 0.000          ; Low Pulse Width  ; c0    ; Rise       ; i[6]|clk               ;
; 0.500  ; 0.500        ; 0.000          ; High Pulse Width ; c0    ; Rise       ; i[7]|clk               ;
; 0.500  ; 0.500        ; 0.000          ; Low Pulse Width  ; c0    ; Rise       ; i[7]|clk               ;
; 0.500  ; 0.500        ; 0.000          ; High Pulse Width ; c0    ; Rise       ; jdclk~reg0|clk         ;
; 0.500  ; 0.500        ; 0.000          ; Low Pulse Width  ; c0    ; Rise       ; jdclk~reg0|clk         ;
; 0.500  ; 0.500        ; 0.000          ; High Pulse Width ; cyclk ; Rise       ; m[1]                   ;
; 0.500  ; 0.500        ; 0.000          ; Low Pulse Width  ; cyclk ; Rise       ; m[1]                   ;
; 0.500  ; 0.500        ; 0.000          ; High Pulse Width ; cyclk ; Rise       ; m[1]|datad             ;
; 0.500  ; 0.500        ; 0.000          ; Low Pulse Width  ; cyclk ; Rise       ; m[1]|datad             ;
; 0.500  ; 0.500        ; 0.000          ; High Pulse Width ; cyclk ; Rise       ; m[2]                   ;
; 0.500  ; 0.500        ; 0.000          ; Low Pulse Width  ; cyclk ; Rise       ; m[2]                   ;
; 0.500  ; 0.500        ; 0.000          ; High Pulse Width ; cyclk ; Rise       ; m[2]|datad             ;
; 0.500  ; 0.500        ; 0.000          ; Low Pulse Width  ; cyclk ; Rise       ; m[2]|datad             ;
; 0.500  ; 0.500        ; 0.000          ; High Pulse Width ; cyclk ; Rise       ; m[3]                   ;
; 0.500  ; 0.500        ; 0.000          ; Low Pulse Width  ; cyclk ; Rise       ; m[3]                   ;
; 0.500  ; 0.500        ; 0.000          ; High Pulse Width ; cyclk ; Rise       ; m[3]|datac             ;
; 0.500  ; 0.500        ; 0.000          ; Low Pulse Width  ; cyclk ; Rise       ; m[3]|datac             ;
; 0.500  ; 0.500        ; 0.000          ; High Pulse Width ; cyclk ; Rise       ; m[4]                   ;
; 0.500  ; 0.500        ; 0.000          ; Low Pulse Width  ; cyclk ; Rise       ; m[4]                   ;
; 0.500  ; 0.500        ; 0.000          ; High Pulse Width ; cyclk ; Rise       ; m[4]|datad             ;
; 0.500  ; 0.500        ; 0.000          ; Low Pulse Width  ; cyclk ; Rise       ; m[4]|datad             ;
; 0.500  ; 0.500        ; 0.000          ; High Pulse Width ; cyclk ; Rise       ; m[5]                   ;
; 0.500  ; 0.500        ; 0.000          ; Low Pulse Width  ; cyclk ; Rise       ; m[5]                   ;
; 0.500  ; 0.500        ; 0.000          ; High Pulse Width ; cyclk ; Rise       ; m[5]|datad             ;
; 0.500  ; 0.500        ; 0.000          ; Low Pulse Width  ; cyclk ; Rise       ; m[5]|datad             ;
; 0.500  ; 0.500        ; 0.000          ; High Pulse Width ; cyclk ; Rise       ; m[6]                   ;
; 0.500  ; 0.500        ; 0.000          ; Low Pulse Width  ; cyclk ; Rise       ; m[6]                   ;
; 0.500  ; 0.500        ; 0.000          ; High Pulse Width ; cyclk ; Rise       ; m[6]|datac             ;
; 0.500  ; 0.500        ; 0.000          ; Low Pulse Width  ; cyclk ; Rise       ; m[6]|datac             ;
; 0.500  ; 0.500        ; 0.000          ; High Pulse Width ; cyclk ; Rise       ; m[7]                   ;
; 0.500  ; 0.500        ; 0.000          ; Low Pulse Width  ; cyclk ; Rise       ; m[7]                   ;
; 0.500  ; 0.500        ; 0.000          ; High Pulse Width ; cyclk ; Rise       ; m[7]|datad             ;
; 0.500  ; 0.500        ; 0.000          ; Low Pulse Width  ; cyclk ; Rise       ; m[7]|datad             ;
; 0.500  ; 0.500        ; 0.000          ; High Pulse Width ; rst   ; Fall       ; n                      ;
; 0.500  ; 0.500        ; 0.000          ; Low Pulse Width  ; rst   ; Fall       ; n                      ;
; 0.500  ; 0.500        ; 0.000          ; High Pulse Width ; rst   ; Rise       ; n|datac                ;
; 0.500  ; 0.500        ; 0.000          ; Low Pulse Width  ; rst   ; Rise       ; n|datac                ;
; 0.500  ; 0.500        ; 0.000          ; High Pulse Width ; rst   ; Rise       ; rst|combout            ;
; 0.500  ; 0.500        ; 0.000          ; Low Pulse Width  ; rst   ; Rise       ; rst|combout            ;
+--------+--------------+----------------+------------------+-------+------------+------------------------+


+-----------------------------------------------------------------------+
; Setup Times                                                           ;
+-----------+------------+-------+-------+------------+-----------------+
; Data Port ; Clock Port ; Rise  ; Fall  ; Clock Edge ; Clock Reference ;
+-----------+------------+-------+-------+------------+-----------------+
; cyclk     ; c0         ; 1.621 ; 1.621 ; Rise       ; c0              ;
; locked    ; c0         ; 2.803 ; 2.803 ; Rise       ; c0              ;
; rst       ; c0         ; 3.905 ; 3.905 ; Rise       ; c0              ;
; cyclk     ; cyclk      ; 1.242 ; 1.242 ; Rise       ; cyclk           ;
; rst       ; cyclk      ; 3.526 ; 3.526 ; Rise       ; cyclk           ;
; cyclk     ; rst        ; 0.434 ; 0.434 ; Fall       ; rst             ;
+-----------+------------+-------+-------+------------+-----------------+


+-------------------------------------------------------------------------+
; Hold Times                                                              ;
+-----------+------------+--------+--------+------------+-----------------+
; Data Port ; Clock Port ; Rise   ; Fall   ; Clock Edge ; Clock Reference ;
+-----------+------------+--------+--------+------------+-----------------+
; cyclk     ; c0         ; -0.985 ; -0.985 ; Rise       ; c0              ;
; locked    ; c0         ; -1.843 ; -1.843 ; Rise       ; c0              ;
; rst       ; c0         ; -3.269 ; -3.269 ; Rise       ; c0              ;
; cyclk     ; cyclk      ; -0.511 ; -0.511 ; Rise       ; cyclk           ;
; rst       ; cyclk      ; -2.795 ; -2.795 ; Rise       ; cyclk           ;
; cyclk     ; rst        ; -0.158 ; -0.158 ; Fall       ; rst             ;
+-----------+------------+--------+--------+------------+-----------------+


+-----------------------------------------------------------------------+
; Clock to Output Times                                                 ;
+-----------+------------+-------+-------+------------+-----------------+
; Data Port ; Clock Port ; Rise  ; Fall  ; Clock Edge ; Clock Reference ;
+-----------+------------+-------+-------+------------+-----------------+
; jdclk     ; c0         ; 3.483 ; 3.483 ; Rise       ; c0              ;
+-----------+------------+-------+-------+------------+-----------------+


+-----------------------------------------------------------------------+
; Minimum Clock to Output Times                                         ;
+-----------+------------+-------+-------+------------+-----------------+
; Data Port ; Clock Port ; Rise  ; Fall  ; Clock Edge ; Clock Reference ;
+-----------+------------+-------+-------+------------+-----------------+
; jdclk     ; c0         ; 3.483 ; 3.483 ; Rise       ; c0              ;
+-----------+------------+-------+-------+------------+-----------------+


+--------------------------------------------------------------------------------+
; Multicorner Timing Analysis Summary                                            ;
+------------------+----------+-------+----------+---------+---------------------+
; Clock            ; Setup    ; Hold  ; Recovery ; Removal ; Minimum Pulse Width ;
+------------------+----------+-------+----------+---------+---------------------+
; Worst-case Slack ; -10.039  ; 0.0   ; -5.311   ; 0.0     ; -1.941              ;
;  c0              ; -10.039  ; 0.215 ; N/A      ; N/A     ; -1.941              ;
;  cyclk           ; -8.407   ; 0.395 ; -5.311   ; 2.133   ; -1.941              ;
;  rst             ; -1.167   ; 0.158 ; N/A      ; N/A     ; -1.777              ;
; Design-wide TNS  ; -143.109 ; 0.0   ; -36.011  ; 0.0     ; N/A                 ;
;  c0              ; -85.943  ; 0.000 ; N/A      ; N/A     ; N/A                 ;
;  cyclk           ; -55.999  ; 0.000 ; -36.011  ; 0.000   ; N/A                 ;
;  rst             ; -1.167   ; 0.000 ; N/A      ; N/A     ; N/A                 ;
+------------------+----------+-------+----------+---------+---------------------+


+-------------------------------------------------------------------------+
; Setup Times                                                             ;
+-----------+------------+--------+--------+------------+-----------------+
; Data Port ; Clock Port ; Rise   ; Fall   ; Clock Edge ; Clock Reference ;
+-----------+------------+--------+--------+------------+-----------------+
; cyclk     ; c0         ; 6.536  ; 6.536  ; Rise       ; c0              ;
; locked    ; c0         ; 6.695  ; 6.695  ; Rise       ; c0              ;
; rst       ; c0         ; 10.539 ; 10.539 ; Rise       ; c0              ;
; cyclk     ; cyclk      ; 4.904  ; 4.904  ; Rise       ; cyclk           ;
; rst       ; cyclk      ; 8.907  ; 8.907  ; Rise       ; cyclk           ;
; cyclk     ; rst        ; 1.667  ; 1.667  ; Fall       ; rst             ;
+-----------+------------+--------+--------+------------+-----------------+


+-------------------------------------------------------------------------+
; Hold Times                                                              ;
+-----------+------------+--------+--------+------------+-----------------+
; Data Port ; Clock Port ; Rise   ; Fall   ; Clock Edge ; Clock Reference ;
+-----------+------------+--------+--------+------------+-----------------+
; cyclk     ; c0         ; -0.985 ; -0.985 ; Rise       ; c0              ;
; locked    ; c0         ; -1.843 ; -1.843 ; Rise       ; c0              ;
; rst       ; c0         ; -3.269 ; -3.269 ; Rise       ; c0              ;
; cyclk     ; cyclk      ; -0.511 ; -0.511 ; Rise       ; cyclk           ;
; rst       ; cyclk      ; -2.795 ; -2.795 ; Rise       ; cyclk           ;
; cyclk     ; rst        ; -0.158 ; -0.158 ; Fall       ; rst             ;
+-----------+------------+--------+--------+------------+-----------------+


+-----------------------------------------------------------------------+
; Clock to Output Times                                                 ;
+-----------+------------+-------+-------+------------+-----------------+
; Data Port ; Clock Port ; Rise  ; Fall  ; Clock Edge ; Clock Reference ;
+-----------+------------+-------+-------+------------+-----------------+
; jdclk     ; c0         ; 7.368 ; 7.368 ; Rise       ; c0              ;
+-----------+------------+-------+-------+------------+-----------------+


+-----------------------------------------------------------------------+
; Minimum Clock to Output Times                                         ;
+-----------+------------+-------+-------+------------+-----------------+
; Data Port ; Clock Port ; Rise  ; Fall  ; Clock Edge ; Clock Reference ;
+-----------+------------+-------+-------+------------+-----------------+
; jdclk     ; c0         ; 3.483 ; 3.483 ; Rise       ; c0              ;
+-----------+------------+-------+-------+------------+-----------------+


+-------------------------------------------------------------------+
; Setup Transfers                                                   ;
+------------+----------+----------+----------+----------+----------+
; From Clock ; To Clock ; RR Paths ; FR Paths ; RF Paths ; FF Paths ;
+------------+----------+----------+----------+----------+----------+
; c0         ; c0       ; 333      ; 0        ; 0        ; 0        ;
; cyclk      ; c0       ; 296      ; 37       ; 0        ; 0        ;
; rst        ; c0       ; 37       ; 45       ; 0        ; 0        ;
; cyclk      ; cyclk    ; 35       ; 7        ; 0        ; 0        ;
; rst        ; cyclk    ; 7        ; 7        ; 0        ; 0        ;
; cyclk      ; rst      ; 0        ; 0        ; 1        ; 1        ;
+------------+----------+----------+----------+----------+----------+
Entries labeled "false path" only account for clock-to-clock false paths and not path-based false paths. As a result, actual path counts may be lower than reported.


+-------------------------------------------------------------------+
; Hold Transfers                                                    ;
+------------+----------+----------+----------+----------+----------+
; From Clock ; To Clock ; RR Paths ; FR Paths ; RF Paths ; FF Paths ;
+------------+----------+----------+----------+----------+----------+
; c0         ; c0       ; 333      ; 0        ; 0        ; 0        ;
; cyclk      ; c0       ; 296      ; 37       ; 0        ; 0        ;
; rst        ; c0       ; 37       ; 45       ; 0        ; 0        ;
; cyclk      ; cyclk    ; 35       ; 7        ; 0        ; 0        ;
; rst        ; cyclk    ; 7        ; 7        ; 0        ; 0        ;
; cyclk      ; rst      ; 0        ; 0        ; 1        ; 1        ;
+------------+----------+----------+----------+----------+----------+
Entries labeled "false path" only account for clock-to-clock false paths and not path-based false paths. As a result, actual path counts may be lower than reported.


+-------------------------------------------------------------------+
; Recovery Transfers                                                ;
+------------+----------+----------+----------+----------+----------+
; From Clock ; To Clock ; RR Paths ; FR Paths ; RF Paths ; FF Paths ;
+------------+----------+----------+----------+----------+----------+
; rst        ; cyclk    ; 7        ; 7        ; 0        ; 0        ;
+------------+----------+----------+----------+----------+----------+
Entries labeled "false path" only account for clock-to-clock false paths and not path-based false paths. As a result, actual path counts may be lower than reported.


+-------------------------------------------------------------------+
; Removal Transfers                                                 ;
+------------+----------+----------+----------+----------+----------+
; From Clock ; To Clock ; RR Paths ; FR Paths ; RF Paths ; FF Paths ;
+------------+----------+----------+----------+----------+----------+
; rst        ; cyclk    ; 7        ; 7        ; 0        ; 0        ;
+------------+----------+----------+----------+----------+----------+
Entries labeled "false path" only account for clock-to-clock false paths and not path-based false paths. As a result, actual path counts may be lower than reported.


---------------
; Report TCCS ;
---------------
No dedicated SERDES Transmitter circuitry present in device or used in design.


---------------
; Report RSKM ;
---------------
No dedicated SERDES Receiver circuitry present in device or used in design.


+------------------------------------------------+
; Unconstrained Paths                            ;
+---------------------------------+-------+------+
; Property                        ; Setup ; Hold ;
+---------------------------------+-------+------+
; Illegal Clocks                  ; 0     ; 0    ;
; Unconstrained Clocks            ; 0     ; 0    ;
; Unconstrained Input Ports       ; 1     ; 1    ;
; Unconstrained Input Port Paths  ; 9     ; 9    ;
; Unconstrained Output Ports      ; 1     ; 1    ;
; Unconstrained Output Port Paths ; 1     ; 1    ;
+---------------------------------+-------+------+


+------------------------------------+
; TimeQuest Timing Analyzer Messages ;
+------------------------------------+
Info: *******************************************************************
Info: Running Quartus II TimeQuest Timing Analyzer
    Info: Version 9.0 Build 235 06/17/2009 Service Pack 2 SJ Web Edition
    Info: Processing started: Thu Aug 04 14:56:41 2011
Info: Command: quartus_sta jdclk -c jdclk
Info: qsta_default_script.tcl version: #1
Info: Low junction temperature is 0 degrees C
Info: High junction temperature is 85 degrees C
Warning: Found USE_TIMEQUEST_TIMING_ANALYZER=OFF. The TimeQuest Timing Analyzer is not the default Timing Analysis Tool during full compilation.
Warning: Timing Analysis is analyzing one or more combinational loops as latches
    Warning: Node "m[5]|combout" is a latch
    Warning: Node "m[7]|combout" is a latch
    Warning: Node "m[1]|combout" is a latch
    Warning: Node "m[6]|combout" is a latch
    Warning: Node "m[2]|combout" is a latch
    Warning: Node "m[3]|combout" is a latch
    Warning: Node "m[4]|combout" is a latch
    Warning: Node "n|combout" is a latch
Critical Warning: Synopsys Design Constraints File file not found: 'jdclk.sdc'. A Synopsys Design Constraints File is required by the TimeQuest Timing Analyzer to get proper timing constraints. Without it, the Compiler will not properly optimize the design.
Info: No user constrained base clocks found in the design. Calling "derive_clocks -period 1.0"
Info: Deriving Clocks
    Info: create_clock -period 1.000 -name c0 c0
    Info: create_clock -period 1.000 -name cyclk cyclk
    Info: create_clock -period 1.000 -name rst rst
Warning: Found combinational loop of 2 nodes
    Warning: Node "m[0]~0|combout"
    Warning: Node "m[0]~0|datad"
Info: Analyzing Slow Model
Critical Warning: Timing requirements not met
Info: Worst-case setup slack is -10.039
    Info:     Slack End Point TNS Clock 
    Info: ========= ============= =====================
    Info:   -10.039       -85.943 c0 
    Info:    -8.407       -55.999 cyclk 
    Info:    -1.167        -1.167 rst 
Info: Worst-case hold slack is 0.499
    Info:     Slack End Point TNS Clock 
    Info: ========= ============= =====================
    Info:     0.499         0.000 c0 
    Info:     0.716         0.000 rst 
    Info:     1.347         0.000 cyclk 
Info: Worst-case recovery slack is -5.311
    Info:     Slack End Point TNS Clock 
    Info: ========= ============= =====================
    Info:    -5.311       -36.011 cyclk 
Info: Worst-case removal slack is 4.348
    Info:     Slack End Point TNS Clock 
    Info: ========= ============= =====================
    Info:     4.348         0.000 cyclk 
Critical Warning: Found minimum pulse width or period violations. See Report Minimum Pulse Width for details.
Info: The selected device family is not supported by the report_metastability command.
Info: Analyzing Fast Model
Info: Started post-fitting delay annotation
Warning: Found 1 output pins without output pin load capacitance assignment
    Info: Pin "jdclk" has no specified output pin load capacitance -- assuming default load capacitance of 0 pF for timing analysis
Info: Delay annotation completed successfully
Warning: Found combinational loop of 2 nodes
    Warning: Node "m[0]~0|combout"
    Warning: Node "m[0]~0|datad"
Critical Warning: Timing requirements not met
Info: Worst-case setup slack is -3.405
    Info:     Slack End Point TNS Clock 
    Info: ========= ============= =====================
    Info:    -3.405       -28.937 c0 
    Info:    -3.026       -20.033 cyclk 
    Info:     0.066         0.000 rst 
Info: Worst-case hold slack is 0.158
    Info:     Slack End Point TNS Clock 
    Info: ========= ============= =====================
    Info:     0.158         0.000 rst 
    Info:     0.215         0.000 c0 
    Info:     0.395         0.000 cyclk 
Info: Worst-case recovery slack is -2.062
    Info:     Slack End Point TNS Clock 
    Info: ========= ============= =====================
    Info:    -2.062       -14.095 cyclk 
Info: Worst-case removal slack is 2.133
    Info:     Slack End Point TNS Clock 
    Info: ========= ============= =====================
    Info:     2.133         0.000 cyclk 
Critical Warning: Found minimum pulse width or period violations. See Report Minimum Pulse Width for details.
Info: The selected device family is not supported by the report_metastability command.
Info: Design is not fully constrained for setup requirements
Info: Design is not fully constrained for hold requirements
Info: Quartus II TimeQuest Timing Analyzer was successful. 0 errors, 22 warnings
    Info: Peak virtual memory: 145 megabytes
    Info: Processing ended: Thu Aug 04 14:56:44 2011
    Info: Elapsed time: 00:00:03
    Info: Total CPU time (on all processors): 00:00:02


