Change Component Designator: Old Designator=* New Designator=*1
Change Component Designator: Old Designator=* New Designator=*2
Change Component Designator: Old Designator=* New Designator=*3
Change Component Designator: Old Designator=* New Designator=*4
Change Component Designator: Old Designator=C1 New Designator=C25
Change Component Designator: Old Designator=C3 New Designator=C23
Change Component Designator: Old Designator=C4 New Designator=C22
Change Component Designator: Old Designator=C5 New Designator=C24
Change Component Designator: Old Designator=C7 New Designator=C1
Change Component Designator: Old Designator=C8 New Designator=C18
Change Component Designator: Old Designator=C9 New Designator=C19
Change Component Designator: Old Designator=C10 New Designator=C16
Change Component Designator: Old Designator=C11 New Designator=C17
Change Component Designator: Old Designator=C16 New Designator=C3
Change Component Designator: Old Designator=C17 New Designator=C10
Change Component Designator: Old Designator=C18 New Designator=C11
Change Component Designator: Old Designator=C19 New Designator=C12
Change Component Designator: Old Designator=C20 New Designator=C13
Change Component Designator: Old Designator=C21 New Designator=C14
Change Component Designator: Old Designator=C22 New Designator=C15
Change Component Designator: Old Designator=C23 New Designator=C4
Change Component Designator: Old Designator=C24 New Designator=C5
Change Component Designator: Old Designator=C25 New Designator=C6
Change Component Designator: Old Designator=C26 New Designator=C7
Change Component Designator: Old Designator=C27 New Designator=C8
Change Component Designator: Old Designator=C28 New Designator=C9
Change Component Designator: Old Designator=C35 New Designator=C20
Change Component Designator: Old Designator=C36 New Designator=C2
Change Component Designator: Old Designator=C37 New Designator=C21
Change Component Designator: Old Designator=D1 New Designator=D3
Change Component Designator: Old Designator=D3 New Designator=D1
Change Component Designator: Old Designator=LED1 New Designator=LED3
Change Component Designator: Old Designator=LED3 New Designator=LED1
Change Component Designator: Old Designator=P2 New Designator=P1
Change Component Designator: Old Designator=P3 New Designator=P2
Change Component Designator: Old Designator=P4 New Designator=P5
Change Component Designator: Old Designator=P5 New Designator=P4
Change Component Designator: Old Designator=P? New Designator=P3
Change Component Designator: Old Designator=R1 New Designator=R26
Change Component Designator: Old Designator=R2 New Designator=R25
Change Component Designator: Old Designator=R3 New Designator=R9
Change Component Designator: Old Designator=R4 New Designator=R1
Change Component Designator: Old Designator=R4 New Designator=R19
Change Component Designator: Old Designator=R5 New Designator=R8
Change Component Designator: Old Designator=R5 New Designator=R12
Change Component Designator: Old Designator=R6 New Designator=R10
Change Component Designator: Old Designator=R6 New Designator=R17
Change Component Designator: Old Designator=R7 New Designator=R21
Change Component Designator: Old Designator=R8 New Designator=R11
Change Component Designator: Old Designator=R8 New Designator=R18
Change Component Designator: Old Designator=R9 New Designator=R6
Change Component Designator: Old Designator=R9 New Designator=R20
Change Component Designator: Old Designator=R10 New Designator=R3
Change Component Designator: Old Designator=R10 New Designator=R15
Change Component Designator: Old Designator=R11 New Designator=R5
Change Component Designator: Old Designator=R11 New Designator=R13
Change Component Designator: Old Designator=R12 New Designator=R4
Change Component Designator: Old Designator=R12 New Designator=R14
Change Component Designator: Old Designator=R14 New Designator=R23
Change Component Designator: Old Designator=R16 New Designator=R2
Change Component Designator: Old Designator=R25 New Designator=R22
Change Component Designator: Old Designator=R26 New Designator=R24
Change Component Designator: Old Designator=R27 New Designator=R16
Change Component Designator: Old Designator=SMA1 New Designator=SMA2
Change Component Designator: Old Designator=SMA2 New Designator=SMA1
Change Component Designator: Old Designator=U1 New Designator=U2
Change Component Designator: Old Designator=U2 New Designator=U1
